<?xml version="1.0" encoding="UTF-8"?>
<testsuite name="Log in" tests="2" skipped="0" failures="1" errors="0" timestamp="2023-05-22T06:00:06" hostname="DESKTOP-P74VED2" time="81.252">
  <properties/>
  <testcase name="Try to log in with valid credentials" classname="Log in" time="48.195">
    <failure message="java.lang.AssertionError: An element could not be located on the page using the given search parameters.&#10;For documentation on this error, please visit: https://selenium.dev/exceptions/#no_such_element&#10;Build info: version: '4.5.3', revision: '4b786a1e430'&#10;System info: os.name: 'Windows 10', os.arch: 'amd64', os.version: '10.0', java.version: '11.0.15'&#10;Driver info: io.appium.java_client.android.AndroidDriver&#10;Command: [7676bb4e-8023-43db-94f7-1345704bde6c, findElement {using=xpath, value=//android.widget.TextView[contains(@text,'No articles are here')]}]&#10;Capabilities {appium:app: D:\Pruebas empresas\Acid La..., appium:appActivity: com.conduitreactnative.Spla..., appium:appPackage: com.conduitreactnative.qa, appium:automationName: uiautomator2, appium:databaseEnabled: false, appium:desired: {app: D:\Pruebas empresas\Acid La..., appActivity: com.conduitreactnative.Spla..., appPackage: com.conduitreactnative.qa, automationName: uiautomator2, deviceName: AutomationTesting, hub: http://localhost:4723/wd/hub, newCommandTimeout: 100000, platformName: android, platformVersion: 11.0}, appium:deviceApiLevel: 30, appium:deviceManufacturer: Google, appium:deviceModel: sdk_gphone_x86, appium:deviceName: emulator-5554, appium:deviceScreenDensity: 420, appium:deviceScreenSize: 1080x1920, appium:deviceUDID: emulator-5554, appium:hub: http://localhost:4723/wd/hub, appium:javascriptEnabled: true, appium:locationContextEnabled: false, appium:networkConnectionEnabled: true, appium:newCommandTimeout: 100000, appium:pixelRatio: 2.625, appium:platformVersion: 11, appium:statBarHeight: 63, appium:takesScreenshot: true, appium:viewportRect: {height: 1731, left: 0, top: 63, width: 1080}, appium:warnings: {}, appium:webStorageEnabled: false, platformName: ANDROID}&#10;Session ID: 7676bb4e-8023-43db-94f7-1345704bde6c" type="java.lang.AssertionError">java.lang.AssertionError: An element could not be located on the page using the given search parameters.
For documentation on this error, please visit: https://selenium.dev/exceptions/#no_such_element
Build info: version: '4.5.3', revision: '4b786a1e430'
System info: os.name: 'Windows 10', os.arch: 'amd64', os.version: '10.0', java.version: '11.0.15'
Driver info: io.appium.java_client.android.AndroidDriver
Command: [7676bb4e-8023-43db-94f7-1345704bde6c, findElement {using=xpath, value=//android.widget.TextView[contains(@text,'No articles are here')]}]
Capabilities {appium:app: D:\Pruebas empresas\Acid La..., appium:appActivity: com.conduitreactnative.Spla..., appium:appPackage: com.conduitreactnative.qa, appium:automationName: uiautomator2, appium:databaseEnabled: false, appium:desired: {app: D:\Pruebas empresas\Acid La..., appActivity: com.conduitreactnative.Spla..., appPackage: com.conduitreactnative.qa, automationName: uiautomator2, deviceName: AutomationTesting, hub: http://localhost:4723/wd/hub, newCommandTimeout: 100000, platformName: android, platformVersion: 11.0}, appium:deviceApiLevel: 30, appium:deviceManufacturer: Google, appium:deviceModel: sdk_gphone_x86, appium:deviceName: emulator-5554, appium:deviceScreenDensity: 420, appium:deviceScreenSize: 1080x1920, appium:deviceUDID: emulator-5554, appium:hub: http://localhost:4723/wd/hub, appium:javascriptEnabled: true, appium:locationContextEnabled: false, appium:networkConnectionEnabled: true, appium:newCommandTimeout: 100000, appium:pixelRatio: 2.625, appium:platformVersion: 11, appium:statBarHeight: 63, appium:takesScreenshot: true, appium:viewportRect: {height: 1731, left: 0, top: 63, width: 1080}, appium:warnings: {}, appium:webStorageEnabled: false, platformName: ANDROID}
Session ID: 7676bb4e-8023-43db-94f7-1345704bde6c
	at net.serenitybdd.screenplay.ErrorTally.throwSummaryExceptionFrom(ErrorTally.java:38)
	at net.serenitybdd.screenplay.ErrorTally.reportAnyErrors(ErrorTally.java:32)
	at net.serenitybdd.screenplay.Actor.should(Actor.java:353)
	at starter.step.LogInStep.he_should_see_the_dashboard(LogInStep.java:45)
	at âœ½.he should see the dashboard(file:///D:/Pruebas%20empresas/Acid%20Labs/Solucion/Mobile/DesafioMobile/src/test/resources/features/login/log_in.feature:8)
</failure>
  </testcase>
  <testcase name="Try to log in with not valid credentials" classname="Log in" time="33.057"/>
  <system-out><![CDATA[01:00:06.406 [Test worker] INFO io.cucumber.core.plugin.SerenityReporter - Running feature from file:///D:/Pruebas%20empresas/Acid%20Labs/Solucion/Mobile/DesafioMobile/src/test/resources/features/login/log_in.feature
01:00:06.663 [Test worker] INFO  - 
  _____   ___   ___   _____     ___   _____     _     ___   _____   ___   ___  
 |_   _| | __| / __| |_   _|   / __| |_   _|   /_\   | _ \ |_   _| | __| |   \ 
   | |   | _|  \__ \   | |     \__ \   | |    / _ \  |   /   | |   | _|  | |) |
   |_|   |___| |___/   |_|     |___/   |_|   /_/ \_\ |_|_\   |_|   |___| |___/ 

Try to log in with valid credentials(log-in;try-to-log-in-with-valid-credentials)
--------------------------------------------------------------------------------
01:00:06.786 [Test worker] DEBUG net.thucydides.core.requirements.FileSystemRequirementsTagProvider - Loading requirements from directory: D:\Pruebas empresas\Acid Labs\Solucion\Mobile\DesafioMobile\src\test\resources\features\login (D:\Pruebas empresas\Acid Labs\Solucion\Mobile\DesafioMobile\src\test\resources\features\login)
01:00:06.786 [Test worker] DEBUG net.thucydides.core.requirements.FileSystemRequirementsTagProvider - Get requirements type for: D:\Pruebas empresas\Acid Labs\Solucion\Mobile\DesafioMobile\src\test\resources\features\login (D:\Pruebas empresas\Acid Labs\Solucion\Mobile\DesafioMobile\src\test\resources\features\login)
01:00:08.421 [Test worker] DEBUG net.thucydides.core.reflection.ClassFinder - Could not load class .starter.CucumberTestSuite
01:00:08.422 [Test worker] DEBUG net.thucydides.core.reflection.ClassFinder - Could not load class .starter.questions.LoggedInQuestions
01:00:08.422 [Test worker] DEBUG net.thucydides.core.reflection.ClassFinder - Could not load class .starter.questions.LoggedOutQuestions
01:00:08.422 [Test worker] DEBUG net.thucydides.core.reflection.ClassFinder - Could not load class .starter.step.LogInStep
01:00:08.423 [Test worker] DEBUG net.thucydides.core.reflection.ClassFinder - Could not load class .starter.tasks.Login
01:00:08.423 [Test worker] DEBUG net.thucydides.core.reflection.ClassFinder - Could not load class .starter.tasks.LoginFailed
01:00:08.423 [Test worker] DEBUG net.thucydides.core.reflection.ClassFinder - Could not load class .starter.tasks.NavigateTo
01:00:08.423 [Test worker] DEBUG net.thucydides.core.reflection.ClassFinder - Could not load class .starter.ui.HomeView
01:00:08.424 [Test worker] DEBUG net.thucydides.core.reflection.ClassFinder - Could not load class .starter.ui.LoggedInArea
01:00:08.424 [Test worker] DEBUG net.thucydides.core.reflection.ClassFinder - Could not load class .starter.ui.LoggedOutArea
01:00:08.424 [Test worker] DEBUG net.thucydides.core.reflection.ClassFinder - Could not load class .starter.ui.LoginView
01:00:08.426 [Test worker] DEBUG net.thucydides.core.reflection.ClassFinder - Could not load class META-INF.versions.9.com.sun.istack.logging.StackHelper
01:00:08.428 [Test worker] DEBUG net.thucydides.core.reflection.ClassFinder - Could not load class META-INF.versions.9.com.sun.xml.bind.v2.runtime.reflect.opt.AccessorInjector
01:00:08.429 [Test worker] DEBUG net.thucydides.core.reflection.ClassFinder - Could not load class META-INF.versions.9.com.sun.xml.bind.v2.runtime.reflect.opt.Injector
01:00:08.431 [Test worker] DEBUG net.thucydides.core.reflection.ClassFinder - Could not load class META-INF.versions.9.com.sun.xml.bind.v2.runtime.reflect.opt.OptimizedAccessorFactory
01:00:08.432 [Test worker] DEBUG net.thucydides.core.reflection.ClassFinder - Could not load class META-INF.versions.9.com.sun.xml.bind.v2.runtime.reflect.opt.OptimizedTransducedAccessorFactory
01:00:08.434 [Test worker] DEBUG net.thucydides.core.reflection.ClassFinder - Could not load class META-INF.versions.9.io.opentelemetry.sdk.internal.CurrentJavaVersionSpecific
01:00:08.435 [Test worker] DEBUG net.thucydides.core.reflection.ClassFinder - Could not load class META-INF.versions.9.io.opentelemetry.sdk.internal.Java9VersionSpecific
01:00:08.436 [Test worker] DEBUG net.thucydides.core.reflection.ClassFinder - Could not load class META-INF.versions.9.javax.xml.bind.ModuleUtil
01:00:08.438 [Test worker] DEBUG net.thucydides.core.reflection.ClassFinder - Could not load class META-INF.versions.9.module-info
01:00:08.439 [Test worker] DEBUG net.thucydides.core.reflection.ClassFinder - Could not load class META-INF.versions.9.org.junit.platform.commons.util.ModuleUtils
01:00:09.275 [Test worker] DEBUG net.thucydides.core.reflection.ClassFinder - Could not load class com.google.gson.internal.
01:00:09.669 [Test worker] DEBUG net.thucydides.core.reflection.ClassFinder - Could not load class com.sun.xml.bind.v2.runtime.output.FastInfosetStreamWriterOutput
01:00:10.539 [Test worker] DEBUG net.thucydides.core.reflection.ClassFinder - Could not load class module-info
01:00:15.766 [Test worker] DEBUG io.netty.util.internal.logging.InternalLoggerFactory - Using SLF4J as the default logging framework
01:00:15.773 [Test worker] DEBUG io.netty.util.ResourceLeakDetector - -Dio.netty.leakDetection.level: simple
01:00:15.773 [Test worker] DEBUG io.netty.util.ResourceLeakDetector - -Dio.netty.leakDetection.targetRecords: 4
01:00:15.781 [Test worker] DEBUG io.netty.util.ResourceLeakDetectorFactory - Loaded default ResourceLeakDetector: io.netty.util.ResourceLeakDetector@3e2ee637
01:00:15.818 [Test worker] DEBUG io.netty.util.internal.PlatformDependent0 - -Dio.netty.noUnsafe: false
01:00:15.818 [Test worker] DEBUG io.netty.util.internal.PlatformDependent0 - Java version: 11
01:00:15.820 [Test worker] DEBUG io.netty.util.internal.PlatformDependent0 - sun.misc.Unsafe.theUnsafe: available
01:00:15.821 [Test worker] DEBUG io.netty.util.internal.PlatformDependent0 - sun.misc.Unsafe.copyMemory: available
01:00:15.823 [Test worker] DEBUG io.netty.util.internal.PlatformDependent0 - sun.misc.Unsafe.storeFence: available
01:00:15.824 [Test worker] DEBUG io.netty.util.internal.PlatformDependent0 - java.nio.Buffer.address: available
01:00:15.825 [Test worker] DEBUG io.netty.util.internal.PlatformDependent0 - direct buffer constructor: unavailable: Reflective setAccessible(true) disabled
01:00:15.827 [Test worker] DEBUG io.netty.util.internal.PlatformDependent0 - java.nio.Bits.unaligned: available, true
01:00:15.829 [Test worker] DEBUG io.netty.util.internal.PlatformDependent0 - jdk.internal.misc.Unsafe.allocateUninitializedArray(int): unavailable: class io.netty.util.internal.PlatformDependent0$7 cannot access class jdk.internal.misc.Unsafe (in module java.base) because module java.base does not export jdk.internal.misc to unnamed module @6594402a
01:00:15.831 [Test worker] DEBUG io.netty.util.internal.PlatformDependent0 - java.nio.DirectByteBuffer.<init>(long, int): unavailable
01:00:15.831 [Test worker] DEBUG io.netty.util.internal.PlatformDependent - sun.misc.Unsafe: available
01:00:15.852 [Test worker] DEBUG io.netty.util.internal.PlatformDependent - maxDirectMemory: 536870912 bytes (maybe)
01:00:15.852 [Test worker] DEBUG io.netty.util.internal.PlatformDependent - -Dio.netty.tmpdir: C:\Users\Lenovo\AppData\Local\Temp (java.io.tmpdir)
01:00:15.853 [Test worker] DEBUG io.netty.util.internal.PlatformDependent - -Dio.netty.bitMode: 64 (sun.arch.data.model)
01:00:15.854 [Test worker] DEBUG io.netty.util.internal.PlatformDependent - Platform: Windows
01:00:15.856 [Test worker] DEBUG io.netty.util.internal.PlatformDependent - -Dio.netty.maxDirectMemory: -1 bytes
01:00:15.857 [Test worker] DEBUG io.netty.util.internal.PlatformDependent - -Dio.netty.uninitializedArrayAllocationThreshold: -1
01:00:15.859 [Test worker] DEBUG io.netty.util.internal.CleanerJava9 - java.nio.ByteBuffer.cleaner(): available
01:00:15.860 [Test worker] DEBUG io.netty.util.internal.PlatformDependent - -Dio.netty.noPreferDirect: false
01:00:15.880 [Test worker] DEBUG io.netty.util.internal.PlatformDependent - org.jctools-core.MpscChunkedArrayQueue: available
01:00:15.919 [Test worker] DEBUG io.netty.util.internal.InternalThreadLocalMap - -Dio.netty.threadLocalMap.stringBuilder.initialSize: 1024
01:00:15.920 [Test worker] DEBUG io.netty.util.internal.InternalThreadLocalMap - -Dio.netty.threadLocalMap.stringBuilder.maxSize: 4096
01:00:16.199 [Test worker] DEBUG io.netty.handler.ssl.JdkSslContext - Default protocols (JDK): [TLSv1.3, TLSv1.2] 
01:00:16.199 [Test worker] DEBUG io.netty.handler.ssl.JdkSslContext - Default cipher suites (JDK): [TLS_ECDHE_ECDSA_WITH_AES_256_GCM_SHA384, TLS_ECDHE_ECDSA_WITH_AES_128_GCM_SHA256, TLS_ECDHE_RSA_WITH_AES_128_GCM_SHA256, TLS_ECDHE_RSA_WITH_AES_256_GCM_SHA384, TLS_ECDHE_RSA_WITH_AES_128_CBC_SHA, TLS_ECDHE_RSA_WITH_AES_256_CBC_SHA, TLS_RSA_WITH_AES_128_GCM_SHA256, TLS_RSA_WITH_AES_128_CBC_SHA, TLS_RSA_WITH_AES_256_CBC_SHA, TLS_AES_128_GCM_SHA256, TLS_AES_256_GCM_SHA384]
01:00:16.273 [Test worker] DEBUG io.netty.channel.MultithreadEventLoopGroup - -Dio.netty.eventLoopThreads: 16
01:00:16.290 [Test worker] DEBUG io.netty.channel.nio.NioEventLoop - -Dio.netty.noKeySetOptimization: false
01:00:16.290 [Test worker] DEBUG io.netty.channel.nio.NioEventLoop - -Dio.netty.selectorAutoRebuildThreshold: 512
01:00:16.370 [Test worker] DEBUG io.netty.buffer.PooledByteBufAllocator - -Dio.netty.allocator.numHeapArenas: 1
01:00:16.370 [Test worker] DEBUG io.netty.buffer.PooledByteBufAllocator - -Dio.netty.allocator.numDirectArenas: 1
01:00:16.370 [Test worker] DEBUG io.netty.buffer.PooledByteBufAllocator - -Dio.netty.allocator.pageSize: 8192
01:00:16.370 [Test worker] DEBUG io.netty.buffer.PooledByteBufAllocator - -Dio.netty.allocator.maxOrder: 9
01:00:16.370 [Test worker] DEBUG io.netty.buffer.PooledByteBufAllocator - -Dio.netty.allocator.chunkSize: 4194304
01:00:16.370 [Test worker] DEBUG io.netty.buffer.PooledByteBufAllocator - -Dio.netty.allocator.smallCacheSize: 256
01:00:16.370 [Test worker] DEBUG io.netty.buffer.PooledByteBufAllocator - -Dio.netty.allocator.normalCacheSize: 64
01:00:16.371 [Test worker] DEBUG io.netty.buffer.PooledByteBufAllocator - -Dio.netty.allocator.maxCachedBufferCapacity: 32768
01:00:16.371 [Test worker] DEBUG io.netty.buffer.PooledByteBufAllocator - -Dio.netty.allocator.cacheTrimInterval: 8192
01:00:16.371 [Test worker] DEBUG io.netty.buffer.PooledByteBufAllocator - -Dio.netty.allocator.cacheTrimIntervalMillis: 600000
01:00:16.371 [Test worker] DEBUG io.netty.buffer.PooledByteBufAllocator - -Dio.netty.allocator.useCacheForAllThreads: false
01:00:16.371 [Test worker] DEBUG io.netty.buffer.PooledByteBufAllocator - -Dio.netty.allocator.maxCachedByteBuffersPerChunk: 1023
01:00:16.390 [Test worker] DEBUG io.netty.buffer.ByteBufUtil - -Dio.netty.allocator.type: pooled
01:00:16.390 [Test worker] DEBUG io.netty.buffer.ByteBufUtil - -Dio.netty.threadLocalDirectBufferSize: 0
01:00:16.391 [Test worker] DEBUG io.netty.buffer.ByteBufUtil - -Dio.netty.maxThreadLocalCharBufferSize: 16384
01:00:16.798 [Forwarding newSession on session null to remote] DEBUG io.netty.channel.DefaultChannelId - -Dio.netty.processId: 5910 (user-set)
01:00:16.800 [Forwarding newSession on session null to remote] DEBUG io.netty.channel.DefaultChannelId - -Dio.netty.machineId: 28:f0:76:ff:fe:16:65:0e (user-set)
01:00:16.905 [AsyncHttpClient-1-2] DEBUG io.netty.buffer.AbstractByteBuf - -Dio.netty.buffer.checkAccessible: true
01:00:16.906 [AsyncHttpClient-1-2] DEBUG io.netty.buffer.AbstractByteBuf - -Dio.netty.buffer.checkBounds: true
01:00:16.907 [AsyncHttpClient-1-2] DEBUG io.netty.util.ResourceLeakDetectorFactory - Loaded default ResourceLeakDetector: io.netty.util.ResourceLeakDetector@4d187d7f
01:00:16.934 [AsyncHttpClient-1-2] DEBUG org.asynchttpclient.netty.channel.NettyConnectListener - Using new Channel '[id: 0xc1ffd8a2, L:/127.0.0.1:57871 - R:localhost/127.0.0.1:4723]' for 'POST' to '/wd/hub/session'
01:00:16.964 [AsyncHttpClient-1-2] DEBUG io.netty.util.Recycler - -Dio.netty.recycler.maxCapacityPerThread: 4096
01:00:16.964 [AsyncHttpClient-1-2] DEBUG io.netty.util.Recycler - -Dio.netty.recycler.ratio: 8
01:00:16.965 [AsyncHttpClient-1-2] DEBUG io.netty.util.Recycler - -Dio.netty.recycler.chunkSize: 32
01:00:16.965 [AsyncHttpClient-1-2] DEBUG io.netty.util.Recycler - -Dio.netty.recycler.blocking: false
01:00:27.900 [AsyncHttpClient-1-2] DEBUG io.netty.handler.codec.compression.Brotli - brotli4j not in the classpath; Brotli support will be unavailable.
01:00:27.900 [AsyncHttpClient-1-2] DEBUG org.asynchttpclient.netty.handler.HttpHandler - 

Request DefaultHttpRequest(decodeResult: success, version: HTTP/1.1)
POST /wd/hub/session HTTP/1.1
X-Idempotency-Key: 2806641d-6b90-4917-95a6-8302775402a4
User-Agent: selenium/4.5.3 (java windows)
Content-Length: 649
Content-Type: application/json; charset=utf-8
host: localhost:4723
accept: */*

Response DefaultHttpResponse(decodeResult: success, version: HTTP/1.1)
HTTP/1.1 200 OK
X-Powered-By: Express
Vary: X-HTTP-Method-Override
Content-Type: application/json; charset=utf-8
ETag: W/"524-U6638nBmyrcbND18WNVECEbKX/E"
Date: Mon, 22 May 2023 06:00:27 GMT
Connection: keep-alive
content-length: 1316

01:00:27.928 [AsyncHttpClient-1-2] DEBUG org.asynchttpclient.netty.channel.ChannelManager - Adding key: http://localhost:4723 for channel [id: 0xc1ffd8a2, L:/127.0.0.1:57871 - R:localhost/127.0.0.1:4723]
01:00:28.293 [AsyncHttpClient-1-1] DEBUG org.asynchttpclient.netty.channel.DefaultChannelPool - Entry count for : http://localhost:4723 : 1
01:00:29.392 [AsyncHttpClient-1-1] DEBUG org.asynchttpclient.netty.channel.DefaultChannelPool - Entry count for : http://localhost:4723 : 1
01:00:29.636 [Test worker] DEBUG net.thucydides.core.reflection.ClassFinder - Could not load class .starter.CucumberTestSuite
01:00:29.636 [Test worker] DEBUG net.thucydides.core.reflection.ClassFinder - Could not load class .starter.questions.LoggedInQuestions
01:00:29.637 [Test worker] DEBUG net.thucydides.core.reflection.ClassFinder - Could not load class .starter.questions.LoggedOutQuestions
01:00:29.638 [Test worker] DEBUG net.thucydides.core.reflection.ClassFinder - Could not load class .starter.step.LogInStep
01:00:29.638 [Test worker] DEBUG net.thucydides.core.reflection.ClassFinder - Could not load class .starter.tasks.Login
01:00:29.639 [Test worker] DEBUG net.thucydides.core.reflection.ClassFinder - Could not load class .starter.tasks.LoginFailed
01:00:29.639 [Test worker] DEBUG net.thucydides.core.reflection.ClassFinder - Could not load class .starter.tasks.NavigateTo
01:00:29.639 [Test worker] DEBUG net.thucydides.core.reflection.ClassFinder - Could not load class .starter.ui.HomeView
01:00:29.641 [Test worker] DEBUG net.thucydides.core.reflection.ClassFinder - Could not load class .starter.ui.LoggedInArea
01:00:29.641 [Test worker] DEBUG net.thucydides.core.reflection.ClassFinder - Could not load class .starter.ui.LoggedOutArea
01:00:29.642 [Test worker] DEBUG net.thucydides.core.reflection.ClassFinder - Could not load class .starter.ui.LoginView
01:00:29.653 [Test worker] DEBUG net.thucydides.core.reflection.ClassFinder - Could not load class META-INF.versions.9.com.sun.istack.logging.StackHelper
01:00:29.655 [Test worker] DEBUG net.thucydides.core.reflection.ClassFinder - Could not load class META-INF.versions.9.com.sun.xml.bind.v2.runtime.reflect.opt.AccessorInjector
01:00:29.658 [Test worker] DEBUG net.thucydides.core.reflection.ClassFinder - Could not load class META-INF.versions.9.com.sun.xml.bind.v2.runtime.reflect.opt.Injector
01:00:29.665 [Test worker] DEBUG net.thucydides.core.reflection.ClassFinder - Could not load class META-INF.versions.9.com.sun.xml.bind.v2.runtime.reflect.opt.OptimizedAccessorFactory
01:00:29.666 [Test worker] DEBUG net.thucydides.core.reflection.ClassFinder - Could not load class META-INF.versions.9.com.sun.xml.bind.v2.runtime.reflect.opt.OptimizedTransducedAccessorFactory
01:00:29.671 [Test worker] DEBUG net.thucydides.core.reflection.ClassFinder - Could not load class META-INF.versions.9.io.opentelemetry.sdk.internal.CurrentJavaVersionSpecific
01:00:29.673 [Test worker] DEBUG net.thucydides.core.reflection.ClassFinder - Could not load class META-INF.versions.9.io.opentelemetry.sdk.internal.Java9VersionSpecific
01:00:29.678 [Test worker] DEBUG net.thucydides.core.reflection.ClassFinder - Could not load class META-INF.versions.9.javax.xml.bind.ModuleUtil
01:00:29.679 [Test worker] DEBUG net.thucydides.core.reflection.ClassFinder - Could not load class META-INF.versions.9.module-info
01:00:29.683 [Test worker] DEBUG net.thucydides.core.reflection.ClassFinder - Could not load class META-INF.versions.9.org.junit.platform.commons.util.ModuleUtils
01:00:29.693 [Test worker] DEBUG net.thucydides.core.reflection.ClassFinder - Could not load class com.google.gson.internal.
01:00:29.697 [Test worker] DEBUG net.thucydides.core.reflection.ClassFinder - Could not load class com.sun.xml.bind.v2.runtime.output.FastInfosetStreamWriterOutput
01:00:29.707 [Test worker] DEBUG net.thucydides.core.reflection.ClassFinder - Could not load class module-info
01:00:30.235 [Test worker] DEBUG net.serenitybdd.core.photography.Darkroom - Opening darkroom
01:00:30.271 [Darkroom Processing Line] DEBUG net.serenitybdd.core.photography.DarkroomProcessingLine - Darkroom processing line starting up
01:00:30.321 [Forwarding getCurrentWindowHandle on session 7676bb4e-8023-43db-94f7-1345704bde6c to remote] DEBUG org.asynchttpclient.netty.request.NettyRequestSender - Using pooled Channel '[id: 0xc1ffd8a2, L:/127.0.0.1:57871 - R:localhost/127.0.0.1:4723]' for 'GET' to 'http://localhost:4723/wd/hub/session/7676bb4e-8023-43db-94f7-1345704bde6c/window'
01:00:30.321 [Forwarding getCurrentWindowHandle on session 7676bb4e-8023-43db-94f7-1345704bde6c to remote] DEBUG org.asynchttpclient.netty.request.NettyRequestSender - Using open Channel [id: 0xc1ffd8a2, L:/127.0.0.1:57871 - R:localhost/127.0.0.1:4723] for GET '/wd/hub/session/7676bb4e-8023-43db-94f7-1345704bde6c/window'
01:00:30.387 [AsyncHttpClient-1-2] DEBUG org.asynchttpclient.netty.handler.HttpHandler - 

Request DefaultFullHttpRequest(decodeResult: success, version: HTTP/1.1, content: EmptyByteBufBE)
GET /wd/hub/session/7676bb4e-8023-43db-94f7-1345704bde6c/window HTTP/1.1
User-Agent: selenium/4.5.3 (java windows)
Cache-Control: no-cache
Content-Type: application/json; charset=utf-8
host: localhost:4723
accept: */*

Response DefaultHttpResponse(decodeResult: success, version: HTTP/1.1)
HTTP/1.1 404 Not Found
X-Powered-By: Express
Content-Type: application/json; charset=utf-8
ETag: W/"dc9-1p46SNnIG6GxUYvzfhKldWCLeEA"
Date: Mon, 22 May 2023 06:00:30 GMT
Connection: keep-alive
content-length: 3529

01:00:30.390 [AsyncHttpClient-1-2] DEBUG org.asynchttpclient.netty.channel.ChannelManager - Adding key: http://localhost:4723 for channel [id: 0xc1ffd8a2, L:/127.0.0.1:57871 - R:localhost/127.0.0.1:4723]
01:00:30.414 [Forwarding screenshot on session 7676bb4e-8023-43db-94f7-1345704bde6c to remote] DEBUG org.asynchttpclient.netty.request.NettyRequestSender - Using pooled Channel '[id: 0xc1ffd8a2, L:/127.0.0.1:57871 - R:localhost/127.0.0.1:4723]' for 'GET' to 'http://localhost:4723/wd/hub/session/7676bb4e-8023-43db-94f7-1345704bde6c/screenshot'
01:00:30.414 [Forwarding screenshot on session 7676bb4e-8023-43db-94f7-1345704bde6c to remote] DEBUG org.asynchttpclient.netty.request.NettyRequestSender - Using open Channel [id: 0xc1ffd8a2, L:/127.0.0.1:57871 - R:localhost/127.0.0.1:4723] for GET '/wd/hub/session/7676bb4e-8023-43db-94f7-1345704bde6c/screenshot'
01:00:31.551 [AsyncHttpClient-1-2] DEBUG org.asynchttpclient.netty.handler.HttpHandler - 

Request DefaultFullHttpRequest(decodeResult: success, version: HTTP/1.1, content: EmptyByteBufBE)
GET /wd/hub/session/7676bb4e-8023-43db-94f7-1345704bde6c/screenshot HTTP/1.1
User-Agent: selenium/4.5.3 (java windows)
Cache-Control: no-cache
Content-Type: application/json; charset=utf-8
host: localhost:4723
accept: */*

Response DefaultHttpResponse(decodeResult: success, version: HTTP/1.1)
HTTP/1.1 200 OK
X-Powered-By: Express
Content-Type: application/json; charset=utf-8
ETag: W/"d94a-yb9MANS530v1x8oKiCS68/zbPY0"
Date: Mon, 22 May 2023 06:00:31 GMT
Connection: keep-alive
content-length: 55626

01:00:31.554 [AsyncHttpClient-1-2] DEBUG org.asynchttpclient.netty.channel.ChannelManager - Adding key: http://localhost:4723 for channel [id: 0xc1ffd8a2, L:/127.0.0.1:57871 - R:localhost/127.0.0.1:4723]
01:00:31.565 [Test worker] WARN net.thucydides.core.webdriver.WebDriverFacade - Failed to take screenshot (Illegal base64 character a)
01:00:31.595 [AsyncHttpClient-1-1] DEBUG org.asynchttpclient.netty.channel.DefaultChannelPool - Entry count for : http://localhost:4723 : 1
01:00:31.599 [Forwarding getPageSource on session 7676bb4e-8023-43db-94f7-1345704bde6c to remote] DEBUG org.asynchttpclient.netty.request.NettyRequestSender - Using pooled Channel '[id: 0xc1ffd8a2, L:/127.0.0.1:57871 - R:localhost/127.0.0.1:4723]' for 'GET' to 'http://localhost:4723/wd/hub/session/7676bb4e-8023-43db-94f7-1345704bde6c/source'
01:00:31.599 [Forwarding getPageSource on session 7676bb4e-8023-43db-94f7-1345704bde6c to remote] DEBUG org.asynchttpclient.netty.request.NettyRequestSender - Using open Channel [id: 0xc1ffd8a2, L:/127.0.0.1:57871 - R:localhost/127.0.0.1:4723] for GET '/wd/hub/session/7676bb4e-8023-43db-94f7-1345704bde6c/source'
01:00:32.219 [AsyncHttpClient-1-2] DEBUG org.asynchttpclient.netty.handler.HttpHandler - 

Request DefaultFullHttpRequest(decodeResult: success, version: HTTP/1.1, content: EmptyByteBufBE)
GET /wd/hub/session/7676bb4e-8023-43db-94f7-1345704bde6c/source HTTP/1.1
User-Agent: selenium/4.5.3 (java windows)
Cache-Control: no-cache
Content-Type: application/json; charset=utf-8
host: localhost:4723
accept: */*

Response DefaultHttpResponse(decodeResult: success, version: HTTP/1.1)
HTTP/1.1 200 OK
X-Powered-By: Express
Content-Type: application/json; charset=utf-8
ETag: W/"50cd-xeAXvzOrMELn0WvdZSt1TMTlwTw"
Date: Mon, 22 May 2023 06:00:32 GMT
Connection: keep-alive
content-length: 20685

01:00:32.221 [AsyncHttpClient-1-2] DEBUG org.asynchttpclient.netty.channel.ChannelManager - Adding key: http://localhost:4723 for channel [id: 0xc1ffd8a2, L:/127.0.0.1:57871 - R:localhost/127.0.0.1:4723]
01:00:32.608 [Test worker] DEBUG net.thucydides.core.steps.StepInterceptor - STARTING STEP: LogInStep.john_want_to_create_a_new_post - performAs
01:00:32.692 [AsyncHttpClient-1-1] DEBUG org.asynchttpclient.netty.channel.DefaultChannelPool - Entry count for : http://localhost:4723 : 1
01:00:32.818 [Forwarding getCurrentWindowHandle on session 7676bb4e-8023-43db-94f7-1345704bde6c to remote] DEBUG org.asynchttpclient.netty.request.NettyRequestSender - Using pooled Channel '[id: 0xc1ffd8a2, L:/127.0.0.1:57871 - R:localhost/127.0.0.1:4723]' for 'GET' to 'http://localhost:4723/wd/hub/session/7676bb4e-8023-43db-94f7-1345704bde6c/window'
01:00:32.819 [Forwarding getCurrentWindowHandle on session 7676bb4e-8023-43db-94f7-1345704bde6c to remote] DEBUG org.asynchttpclient.netty.request.NettyRequestSender - Using open Channel [id: 0xc1ffd8a2, L:/127.0.0.1:57871 - R:localhost/127.0.0.1:4723] for GET '/wd/hub/session/7676bb4e-8023-43db-94f7-1345704bde6c/window'
01:00:32.861 [AsyncHttpClient-1-2] DEBUG org.asynchttpclient.netty.handler.HttpHandler - 

Request DefaultFullHttpRequest(decodeResult: success, version: HTTP/1.1, content: EmptyByteBufBE)
GET /wd/hub/session/7676bb4e-8023-43db-94f7-1345704bde6c/window HTTP/1.1
User-Agent: selenium/4.5.3 (java windows)
Cache-Control: no-cache
Content-Type: application/json; charset=utf-8
host: localhost:4723
accept: */*

Response DefaultHttpResponse(decodeResult: success, version: HTTP/1.1)
HTTP/1.1 404 Not Found
X-Powered-By: Express
Content-Type: application/json; charset=utf-8
ETag: W/"dc9-1p46SNnIG6GxUYvzfhKldWCLeEA"
Date: Mon, 22 May 2023 06:00:32 GMT
Connection: keep-alive
content-length: 3529

01:00:32.863 [AsyncHttpClient-1-2] DEBUG org.asynchttpclient.netty.channel.ChannelManager - Adding key: http://localhost:4723 for channel [id: 0xc1ffd8a2, L:/127.0.0.1:57871 - R:localhost/127.0.0.1:4723]
01:00:32.871 [Forwarding screenshot on session 7676bb4e-8023-43db-94f7-1345704bde6c to remote] DEBUG org.asynchttpclient.netty.request.NettyRequestSender - Using pooled Channel '[id: 0xc1ffd8a2, L:/127.0.0.1:57871 - R:localhost/127.0.0.1:4723]' for 'GET' to 'http://localhost:4723/wd/hub/session/7676bb4e-8023-43db-94f7-1345704bde6c/screenshot'
01:00:32.872 [Forwarding screenshot on session 7676bb4e-8023-43db-94f7-1345704bde6c to remote] DEBUG org.asynchttpclient.netty.request.NettyRequestSender - Using open Channel [id: 0xc1ffd8a2, L:/127.0.0.1:57871 - R:localhost/127.0.0.1:4723] for GET '/wd/hub/session/7676bb4e-8023-43db-94f7-1345704bde6c/screenshot'
01:00:33.991 [AsyncHttpClient-1-2] DEBUG org.asynchttpclient.netty.handler.HttpHandler - 

Request DefaultFullHttpRequest(decodeResult: success, version: HTTP/1.1, content: EmptyByteBufBE)
GET /wd/hub/session/7676bb4e-8023-43db-94f7-1345704bde6c/screenshot HTTP/1.1
User-Agent: selenium/4.5.3 (java windows)
Cache-Control: no-cache
Content-Type: application/json; charset=utf-8
host: localhost:4723
accept: */*

Response DefaultHttpResponse(decodeResult: success, version: HTTP/1.1)
HTTP/1.1 200 OK
X-Powered-By: Express
Content-Type: application/json; charset=utf-8
ETag: W/"e54a-YobVkhJ7WKg1FSKCnMsGPiJdZWk"
Date: Mon, 22 May 2023 06:00:33 GMT
Connection: keep-alive
content-length: 58698

01:00:33.993 [AsyncHttpClient-1-2] DEBUG org.asynchttpclient.netty.channel.ChannelManager - Adding key: http://localhost:4723 for channel [id: 0xc1ffd8a2, L:/127.0.0.1:57871 - R:localhost/127.0.0.1:4723]
01:00:34.000 [Test worker] WARN net.thucydides.core.webdriver.WebDriverFacade - Failed to take screenshot (Illegal base64 character a)
01:00:34.026 [Forwarding getPageSource on session 7676bb4e-8023-43db-94f7-1345704bde6c to remote] DEBUG org.asynchttpclient.netty.request.NettyRequestSender - Using pooled Channel '[id: 0xc1ffd8a2, L:/127.0.0.1:57871 - R:localhost/127.0.0.1:4723]' for 'GET' to 'http://localhost:4723/wd/hub/session/7676bb4e-8023-43db-94f7-1345704bde6c/source'
01:00:34.026 [Forwarding getPageSource on session 7676bb4e-8023-43db-94f7-1345704bde6c to remote] DEBUG org.asynchttpclient.netty.request.NettyRequestSender - Using open Channel [id: 0xc1ffd8a2, L:/127.0.0.1:57871 - R:localhost/127.0.0.1:4723] for GET '/wd/hub/session/7676bb4e-8023-43db-94f7-1345704bde6c/source'
01:00:34.380 [AsyncHttpClient-1-2] DEBUG org.asynchttpclient.netty.handler.HttpHandler - 

Request DefaultFullHttpRequest(decodeResult: success, version: HTTP/1.1, content: EmptyByteBufBE)
GET /wd/hub/session/7676bb4e-8023-43db-94f7-1345704bde6c/source HTTP/1.1
User-Agent: selenium/4.5.3 (java windows)
Cache-Control: no-cache
Content-Type: application/json; charset=utf-8
host: localhost:4723
accept: */*

Response DefaultHttpResponse(decodeResult: success, version: HTTP/1.1)
HTTP/1.1 200 OK
X-Powered-By: Express
Content-Type: application/json; charset=utf-8
ETag: W/"50cd-xeAXvzOrMELn0WvdZSt1TMTlwTw"
Date: Mon, 22 May 2023 06:00:34 GMT
Connection: keep-alive
content-length: 20685

01:00:34.382 [AsyncHttpClient-1-2] DEBUG org.asynchttpclient.netty.channel.ChannelManager - Adding key: http://localhost:4723 for channel [id: 0xc1ffd8a2, L:/127.0.0.1:57871 - R:localhost/127.0.0.1:4723]
01:00:34.407 [Test worker] DEBUG net.thucydides.core.steps.StepInterceptor - STARTING STEP: NavigateTo.performAs - {0} clicks on #target
01:00:34.414 [Test worker] DEBUG net.serenitybdd.screenplay.targets.IFrameSwitcher - default content already selected for Login Screen Link
01:00:34.827 [Forwarding findElement on session 7676bb4e-8023-43db-94f7-1345704bde6c to remote] DEBUG org.asynchttpclient.netty.request.NettyRequestSender - Using pooled Channel '[id: 0xc1ffd8a2, L:/127.0.0.1:57871 - R:localhost/127.0.0.1:4723]' for 'POST' to 'http://localhost:4723/wd/hub/session/7676bb4e-8023-43db-94f7-1345704bde6c/element'
01:00:34.827 [Forwarding findElement on session 7676bb4e-8023-43db-94f7-1345704bde6c to remote] DEBUG org.asynchttpclient.netty.request.NettyRequestSender - Using open Channel [id: 0xc1ffd8a2, L:/127.0.0.1:57871 - R:localhost/127.0.0.1:4723] for POST '/wd/hub/session/7676bb4e-8023-43db-94f7-1345704bde6c/element'
01:00:36.057 [AsyncHttpClient-1-2] DEBUG org.asynchttpclient.netty.handler.HttpHandler - 

Request DefaultHttpRequest(decodeResult: success, version: HTTP/1.1)
POST /wd/hub/session/7676bb4e-8023-43db-94f7-1345704bde6c/element HTTP/1.1
User-Agent: selenium/4.5.3 (java windows)
Content-Length: 136
Content-Type: application/json; charset=utf-8
host: localhost:4723
accept: */*

Response DefaultHttpResponse(decodeResult: success, version: HTTP/1.1)
HTTP/1.1 200 OK
X-Powered-By: Express
Vary: X-HTTP-Method-Override
Content-Type: application/json; charset=utf-8
ETag: W/"89-nXyvgNmDcBhxMO7uVv6N2tn4C0M"
Date: Mon, 22 May 2023 06:00:36 GMT
Connection: keep-alive
content-length: 137

01:00:36.058 [AsyncHttpClient-1-2] DEBUG org.asynchttpclient.netty.channel.ChannelManager - Adding key: http://localhost:4723 for channel [id: 0xc1ffd8a2, L:/127.0.0.1:57871 - R:localhost/127.0.0.1:4723]
01:00:36.086 [Forwarding isElementDisplayed on session 7676bb4e-8023-43db-94f7-1345704bde6c to remote] DEBUG org.asynchttpclient.netty.request.NettyRequestSender - Using pooled Channel '[id: 0xc1ffd8a2, L:/127.0.0.1:57871 - R:localhost/127.0.0.1:4723]' for 'GET' to 'http://localhost:4723/wd/hub/session/7676bb4e-8023-43db-94f7-1345704bde6c/element/00000000-0000-0149-ffff-ffff00000027/displayed'
01:00:36.087 [Forwarding isElementDisplayed on session 7676bb4e-8023-43db-94f7-1345704bde6c to remote] DEBUG org.asynchttpclient.netty.request.NettyRequestSender - Using open Channel [id: 0xc1ffd8a2, L:/127.0.0.1:57871 - R:localhost/127.0.0.1:4723] for GET '/wd/hub/session/7676bb4e-8023-43db-94f7-1345704bde6c/element/00000000-0000-0149-ffff-ffff00000027/displayed'
01:00:36.182 [AsyncHttpClient-1-2] DEBUG org.asynchttpclient.netty.handler.HttpHandler - 

Request DefaultFullHttpRequest(decodeResult: success, version: HTTP/1.1, content: EmptyByteBufBE)
GET /wd/hub/session/7676bb4e-8023-43db-94f7-1345704bde6c/element/00000000-0000-0149-ffff-ffff00000027/displayed HTTP/1.1
User-Agent: selenium/4.5.3 (java windows)
Cache-Control: no-cache
Content-Type: application/json; charset=utf-8
host: localhost:4723
accept: */*

Response DefaultHttpResponse(decodeResult: success, version: HTTP/1.1)
HTTP/1.1 200 OK
X-Powered-By: Express
Content-Type: application/json; charset=utf-8
ETag: W/"e-2ZHvAWebNQpyjGZTg6uyV8/spTo"
Date: Mon, 22 May 2023 06:00:36 GMT
Connection: keep-alive
content-length: 14

01:00:36.184 [AsyncHttpClient-1-2] DEBUG org.asynchttpclient.netty.channel.ChannelManager - Adding key: http://localhost:4723 for channel [id: 0xc1ffd8a2, L:/127.0.0.1:57871 - R:localhost/127.0.0.1:4723]
01:00:36.222 [Forwarding findElement on session 7676bb4e-8023-43db-94f7-1345704bde6c to remote] DEBUG org.asynchttpclient.netty.request.NettyRequestSender - Using pooled Channel '[id: 0xc1ffd8a2, L:/127.0.0.1:57871 - R:localhost/127.0.0.1:4723]' for 'POST' to 'http://localhost:4723/wd/hub/session/7676bb4e-8023-43db-94f7-1345704bde6c/element'
01:00:36.222 [Forwarding findElement on session 7676bb4e-8023-43db-94f7-1345704bde6c to remote] DEBUG org.asynchttpclient.netty.request.NettyRequestSender - Using open Channel [id: 0xc1ffd8a2, L:/127.0.0.1:57871 - R:localhost/127.0.0.1:4723] for POST '/wd/hub/session/7676bb4e-8023-43db-94f7-1345704bde6c/element'
01:00:36.394 [AsyncHttpClient-1-2] DEBUG org.asynchttpclient.netty.handler.HttpHandler - 

Request DefaultHttpRequest(decodeResult: success, version: HTTP/1.1)
POST /wd/hub/session/7676bb4e-8023-43db-94f7-1345704bde6c/element HTTP/1.1
User-Agent: selenium/4.5.3 (java windows)
Content-Length: 136
Content-Type: application/json; charset=utf-8
host: localhost:4723
accept: */*

Response DefaultHttpResponse(decodeResult: success, version: HTTP/1.1)
HTTP/1.1 200 OK
X-Powered-By: Express
Vary: X-HTTP-Method-Override
Content-Type: application/json; charset=utf-8
ETag: W/"89-nXyvgNmDcBhxMO7uVv6N2tn4C0M"
Date: Mon, 22 May 2023 06:00:36 GMT
Connection: keep-alive
content-length: 137

01:00:36.396 [AsyncHttpClient-1-2] DEBUG org.asynchttpclient.netty.channel.ChannelManager - Adding key: http://localhost:4723 for channel [id: 0xc1ffd8a2, L:/127.0.0.1:57871 - R:localhost/127.0.0.1:4723]
01:00:36.402 [Forwarding clickElement on session 7676bb4e-8023-43db-94f7-1345704bde6c to remote] DEBUG org.asynchttpclient.netty.request.NettyRequestSender - Using pooled Channel '[id: 0xc1ffd8a2, L:/127.0.0.1:57871 - R:localhost/127.0.0.1:4723]' for 'POST' to 'http://localhost:4723/wd/hub/session/7676bb4e-8023-43db-94f7-1345704bde6c/element/00000000-0000-0149-ffff-ffff00000027/click'
01:00:36.404 [Forwarding clickElement on session 7676bb4e-8023-43db-94f7-1345704bde6c to remote] DEBUG org.asynchttpclient.netty.request.NettyRequestSender - Using open Channel [id: 0xc1ffd8a2, L:/127.0.0.1:57871 - R:localhost/127.0.0.1:4723] for POST '/wd/hub/session/7676bb4e-8023-43db-94f7-1345704bde6c/element/00000000-0000-0149-ffff-ffff00000027/click'
01:00:36.542 [AsyncHttpClient-1-2] DEBUG org.asynchttpclient.netty.handler.HttpHandler - 

Request DefaultHttpRequest(decodeResult: success, version: HTTP/1.1)
POST /wd/hub/session/7676bb4e-8023-43db-94f7-1345704bde6c/element/00000000-0000-0149-ffff-ffff00000027/click HTTP/1.1
User-Agent: selenium/4.5.3 (java windows)
Content-Length: 50
Content-Type: application/json; charset=utf-8
host: localhost:4723
accept: */*

Response DefaultHttpResponse(decodeResult: success, version: HTTP/1.1)
HTTP/1.1 200 OK
X-Powered-By: Express
Vary: X-HTTP-Method-Override
Content-Type: application/json; charset=utf-8
ETag: W/"e-9/1BuKMgFObM1mWJm+YjxtXJnUM"
Date: Mon, 22 May 2023 06:00:36 GMT
Connection: keep-alive
content-length: 14

01:00:36.543 [AsyncHttpClient-1-2] DEBUG org.asynchttpclient.netty.channel.ChannelManager - Adding key: http://localhost:4723 for channel [id: 0xc1ffd8a2, L:/127.0.0.1:57871 - R:localhost/127.0.0.1:4723]
01:00:36.655 [Forwarding getCurrentWindowHandle on session 7676bb4e-8023-43db-94f7-1345704bde6c to remote] DEBUG org.asynchttpclient.netty.request.NettyRequestSender - Using pooled Channel '[id: 0xc1ffd8a2, L:/127.0.0.1:57871 - R:localhost/127.0.0.1:4723]' for 'GET' to 'http://localhost:4723/wd/hub/session/7676bb4e-8023-43db-94f7-1345704bde6c/window'
01:00:36.656 [Forwarding getCurrentWindowHandle on session 7676bb4e-8023-43db-94f7-1345704bde6c to remote] DEBUG org.asynchttpclient.netty.request.NettyRequestSender - Using open Channel [id: 0xc1ffd8a2, L:/127.0.0.1:57871 - R:localhost/127.0.0.1:4723] for GET '/wd/hub/session/7676bb4e-8023-43db-94f7-1345704bde6c/window'
01:00:36.693 [AsyncHttpClient-1-2] DEBUG org.asynchttpclient.netty.handler.HttpHandler - 

Request DefaultFullHttpRequest(decodeResult: success, version: HTTP/1.1, content: EmptyByteBufBE)
GET /wd/hub/session/7676bb4e-8023-43db-94f7-1345704bde6c/window HTTP/1.1
User-Agent: selenium/4.5.3 (java windows)
Cache-Control: no-cache
Content-Type: application/json; charset=utf-8
host: localhost:4723
accept: */*

Response DefaultHttpResponse(decodeResult: success, version: HTTP/1.1)
HTTP/1.1 404 Not Found
X-Powered-By: Express
Content-Type: application/json; charset=utf-8
ETag: W/"dc9-1p46SNnIG6GxUYvzfhKldWCLeEA"
Date: Mon, 22 May 2023 06:00:36 GMT
Connection: keep-alive
content-length: 3529

01:00:36.694 [AsyncHttpClient-1-2] DEBUG org.asynchttpclient.netty.channel.ChannelManager - Adding key: http://localhost:4723 for channel [id: 0xc1ffd8a2, L:/127.0.0.1:57871 - R:localhost/127.0.0.1:4723]
01:00:36.708 [Forwarding screenshot on session 7676bb4e-8023-43db-94f7-1345704bde6c to remote] DEBUG org.asynchttpclient.netty.request.NettyRequestSender - Using pooled Channel '[id: 0xc1ffd8a2, L:/127.0.0.1:57871 - R:localhost/127.0.0.1:4723]' for 'GET' to 'http://localhost:4723/wd/hub/session/7676bb4e-8023-43db-94f7-1345704bde6c/screenshot'
01:00:36.708 [Forwarding screenshot on session 7676bb4e-8023-43db-94f7-1345704bde6c to remote] DEBUG org.asynchttpclient.netty.request.NettyRequestSender - Using open Channel [id: 0xc1ffd8a2, L:/127.0.0.1:57871 - R:localhost/127.0.0.1:4723] for GET '/wd/hub/session/7676bb4e-8023-43db-94f7-1345704bde6c/screenshot'
01:00:37.761 [AsyncHttpClient-1-2] DEBUG org.asynchttpclient.netty.handler.HttpHandler - 

Request DefaultFullHttpRequest(decodeResult: success, version: HTTP/1.1, content: EmptyByteBufBE)
GET /wd/hub/session/7676bb4e-8023-43db-94f7-1345704bde6c/screenshot HTTP/1.1
User-Agent: selenium/4.5.3 (java windows)
Cache-Control: no-cache
Content-Type: application/json; charset=utf-8
host: localhost:4723
accept: */*

Response DefaultHttpResponse(decodeResult: success, version: HTTP/1.1)
HTTP/1.1 200 OK
X-Powered-By: Express
Content-Type: application/json; charset=utf-8
ETag: W/"23b1e-ZpX2DSalapNLDxyZYD/0gUqSnsE"
Date: Mon, 22 May 2023 06:00:37 GMT
Connection: keep-alive
content-length: 146206

01:00:37.765 [AsyncHttpClient-1-2] DEBUG org.asynchttpclient.netty.channel.ChannelManager - Adding key: http://localhost:4723 for channel [id: 0xc1ffd8a2, L:/127.0.0.1:57871 - R:localhost/127.0.0.1:4723]
01:00:37.771 [Test worker] WARN net.thucydides.core.webdriver.WebDriverFacade - Failed to take screenshot (Illegal base64 character a)
01:00:37.776 [Test worker] DEBUG net.thucydides.core.steps.StepInterceptor - STEP DONE: {0} clicks on #target
01:00:37.867 [Forwarding getCurrentWindowHandle on session 7676bb4e-8023-43db-94f7-1345704bde6c to remote] DEBUG org.asynchttpclient.netty.request.NettyRequestSender - Using pooled Channel '[id: 0xc1ffd8a2, L:/127.0.0.1:57871 - R:localhost/127.0.0.1:4723]' for 'GET' to 'http://localhost:4723/wd/hub/session/7676bb4e-8023-43db-94f7-1345704bde6c/window'
01:00:37.868 [Forwarding getCurrentWindowHandle on session 7676bb4e-8023-43db-94f7-1345704bde6c to remote] DEBUG org.asynchttpclient.netty.request.NettyRequestSender - Using open Channel [id: 0xc1ffd8a2, L:/127.0.0.1:57871 - R:localhost/127.0.0.1:4723] for GET '/wd/hub/session/7676bb4e-8023-43db-94f7-1345704bde6c/window'
01:00:37.888 [AsyncHttpClient-1-2] DEBUG org.asynchttpclient.netty.handler.HttpHandler - 

Request DefaultFullHttpRequest(decodeResult: success, version: HTTP/1.1, content: EmptyByteBufBE)
GET /wd/hub/session/7676bb4e-8023-43db-94f7-1345704bde6c/window HTTP/1.1
User-Agent: selenium/4.5.3 (java windows)
Cache-Control: no-cache
Content-Type: application/json; charset=utf-8
host: localhost:4723
accept: */*

Response DefaultHttpResponse(decodeResult: success, version: HTTP/1.1)
HTTP/1.1 404 Not Found
X-Powered-By: Express
Content-Type: application/json; charset=utf-8
ETag: W/"dc9-1p46SNnIG6GxUYvzfhKldWCLeEA"
Date: Mon, 22 May 2023 06:00:37 GMT
Connection: keep-alive
content-length: 3529

01:00:37.889 [AsyncHttpClient-1-2] DEBUG org.asynchttpclient.netty.channel.ChannelManager - Adding key: http://localhost:4723 for channel [id: 0xc1ffd8a2, L:/127.0.0.1:57871 - R:localhost/127.0.0.1:4723]
01:00:37.894 [Forwarding screenshot on session 7676bb4e-8023-43db-94f7-1345704bde6c to remote] DEBUG org.asynchttpclient.netty.request.NettyRequestSender - Using pooled Channel '[id: 0xc1ffd8a2, L:/127.0.0.1:57871 - R:localhost/127.0.0.1:4723]' for 'GET' to 'http://localhost:4723/wd/hub/session/7676bb4e-8023-43db-94f7-1345704bde6c/screenshot'
01:00:37.894 [Forwarding screenshot on session 7676bb4e-8023-43db-94f7-1345704bde6c to remote] DEBUG org.asynchttpclient.netty.request.NettyRequestSender - Using open Channel [id: 0xc1ffd8a2, L:/127.0.0.1:57871 - R:localhost/127.0.0.1:4723] for GET '/wd/hub/session/7676bb4e-8023-43db-94f7-1345704bde6c/screenshot'
01:00:38.449 [AsyncHttpClient-1-2] DEBUG org.asynchttpclient.netty.handler.HttpHandler - 

Request DefaultFullHttpRequest(decodeResult: success, version: HTTP/1.1, content: EmptyByteBufBE)
GET /wd/hub/session/7676bb4e-8023-43db-94f7-1345704bde6c/screenshot HTTP/1.1
User-Agent: selenium/4.5.3 (java windows)
Cache-Control: no-cache
Content-Type: application/json; charset=utf-8
host: localhost:4723
accept: */*

Response DefaultHttpResponse(decodeResult: success, version: HTTP/1.1)
HTTP/1.1 200 OK
X-Powered-By: Express
Content-Type: application/json; charset=utf-8
ETag: W/"1b4f0-QCu9z132abxdkwp77d8EuE6busM"
Date: Mon, 22 May 2023 06:00:38 GMT
Connection: keep-alive
content-length: 111856

01:00:38.452 [AsyncHttpClient-1-2] DEBUG org.asynchttpclient.netty.channel.ChannelManager - Adding key: http://localhost:4723 for channel [id: 0xc1ffd8a2, L:/127.0.0.1:57871 - R:localhost/127.0.0.1:4723]
01:00:38.457 [Test worker] WARN net.thucydides.core.webdriver.WebDriverFacade - Failed to take screenshot (Illegal base64 character a)
01:00:38.458 [Test worker] DEBUG net.thucydides.core.steps.StepInterceptor - STEP DONE: performAs
01:00:38.519 [Forwarding getCurrentWindowHandle on session 7676bb4e-8023-43db-94f7-1345704bde6c to remote] DEBUG org.asynchttpclient.netty.request.NettyRequestSender - Using pooled Channel '[id: 0xc1ffd8a2, L:/127.0.0.1:57871 - R:localhost/127.0.0.1:4723]' for 'GET' to 'http://localhost:4723/wd/hub/session/7676bb4e-8023-43db-94f7-1345704bde6c/window'
01:00:38.519 [Forwarding getCurrentWindowHandle on session 7676bb4e-8023-43db-94f7-1345704bde6c to remote] DEBUG org.asynchttpclient.netty.request.NettyRequestSender - Using open Channel [id: 0xc1ffd8a2, L:/127.0.0.1:57871 - R:localhost/127.0.0.1:4723] for GET '/wd/hub/session/7676bb4e-8023-43db-94f7-1345704bde6c/window'
01:00:38.541 [AsyncHttpClient-1-2] DEBUG org.asynchttpclient.netty.handler.HttpHandler - 

Request DefaultFullHttpRequest(decodeResult: success, version: HTTP/1.1, content: EmptyByteBufBE)
GET /wd/hub/session/7676bb4e-8023-43db-94f7-1345704bde6c/window HTTP/1.1
User-Agent: selenium/4.5.3 (java windows)
Cache-Control: no-cache
Content-Type: application/json; charset=utf-8
host: localhost:4723
accept: */*

Response DefaultHttpResponse(decodeResult: success, version: HTTP/1.1)
HTTP/1.1 404 Not Found
X-Powered-By: Express
Content-Type: application/json; charset=utf-8
ETag: W/"dc9-1p46SNnIG6GxUYvzfhKldWCLeEA"
Date: Mon, 22 May 2023 06:00:38 GMT
Connection: keep-alive
content-length: 3529

01:00:38.542 [AsyncHttpClient-1-2] DEBUG org.asynchttpclient.netty.channel.ChannelManager - Adding key: http://localhost:4723 for channel [id: 0xc1ffd8a2, L:/127.0.0.1:57871 - R:localhost/127.0.0.1:4723]
01:00:38.547 [Forwarding screenshot on session 7676bb4e-8023-43db-94f7-1345704bde6c to remote] DEBUG org.asynchttpclient.netty.request.NettyRequestSender - Using pooled Channel '[id: 0xc1ffd8a2, L:/127.0.0.1:57871 - R:localhost/127.0.0.1:4723]' for 'GET' to 'http://localhost:4723/wd/hub/session/7676bb4e-8023-43db-94f7-1345704bde6c/screenshot'
01:00:38.548 [Forwarding screenshot on session 7676bb4e-8023-43db-94f7-1345704bde6c to remote] DEBUG org.asynchttpclient.netty.request.NettyRequestSender - Using open Channel [id: 0xc1ffd8a2, L:/127.0.0.1:57871 - R:localhost/127.0.0.1:4723] for GET '/wd/hub/session/7676bb4e-8023-43db-94f7-1345704bde6c/screenshot'
01:00:39.092 [AsyncHttpClient-1-2] DEBUG org.asynchttpclient.netty.handler.HttpHandler - 

Request DefaultFullHttpRequest(decodeResult: success, version: HTTP/1.1, content: EmptyByteBufBE)
GET /wd/hub/session/7676bb4e-8023-43db-94f7-1345704bde6c/screenshot HTTP/1.1
User-Agent: selenium/4.5.3 (java windows)
Cache-Control: no-cache
Content-Type: application/json; charset=utf-8
host: localhost:4723
accept: */*

Response DefaultHttpResponse(decodeResult: success, version: HTTP/1.1)
HTTP/1.1 200 OK
X-Powered-By: Express
Content-Type: application/json; charset=utf-8
ETag: W/"1b4f0-QCu9z132abxdkwp77d8EuE6busM"
Date: Mon, 22 May 2023 06:00:39 GMT
Connection: keep-alive
content-length: 111856

01:00:39.095 [AsyncHttpClient-1-2] DEBUG org.asynchttpclient.netty.channel.ChannelManager - Adding key: http://localhost:4723 for channel [id: 0xc1ffd8a2, L:/127.0.0.1:57871 - R:localhost/127.0.0.1:4723]
01:00:39.100 [Test worker] WARN net.thucydides.core.webdriver.WebDriverFacade - Failed to take screenshot (Illegal base64 character a)
01:00:39.181 [Forwarding getCurrentWindowHandle on session 7676bb4e-8023-43db-94f7-1345704bde6c to remote] DEBUG org.asynchttpclient.netty.request.NettyRequestSender - Using pooled Channel '[id: 0xc1ffd8a2, L:/127.0.0.1:57871 - R:localhost/127.0.0.1:4723]' for 'GET' to 'http://localhost:4723/wd/hub/session/7676bb4e-8023-43db-94f7-1345704bde6c/window'
01:00:39.182 [Forwarding getCurrentWindowHandle on session 7676bb4e-8023-43db-94f7-1345704bde6c to remote] DEBUG org.asynchttpclient.netty.request.NettyRequestSender - Using open Channel [id: 0xc1ffd8a2, L:/127.0.0.1:57871 - R:localhost/127.0.0.1:4723] for GET '/wd/hub/session/7676bb4e-8023-43db-94f7-1345704bde6c/window'
01:00:39.212 [AsyncHttpClient-1-2] DEBUG org.asynchttpclient.netty.handler.HttpHandler - 

Request DefaultFullHttpRequest(decodeResult: success, version: HTTP/1.1, content: EmptyByteBufBE)
GET /wd/hub/session/7676bb4e-8023-43db-94f7-1345704bde6c/window HTTP/1.1
User-Agent: selenium/4.5.3 (java windows)
Cache-Control: no-cache
Content-Type: application/json; charset=utf-8
host: localhost:4723
accept: */*

Response DefaultHttpResponse(decodeResult: success, version: HTTP/1.1)
HTTP/1.1 404 Not Found
X-Powered-By: Express
Content-Type: application/json; charset=utf-8
ETag: W/"dc9-1p46SNnIG6GxUYvzfhKldWCLeEA"
Date: Mon, 22 May 2023 06:00:39 GMT
Connection: keep-alive
content-length: 3529

01:00:39.213 [AsyncHttpClient-1-2] DEBUG org.asynchttpclient.netty.channel.ChannelManager - Adding key: http://localhost:4723 for channel [id: 0xc1ffd8a2, L:/127.0.0.1:57871 - R:localhost/127.0.0.1:4723]
01:00:39.217 [Forwarding screenshot on session 7676bb4e-8023-43db-94f7-1345704bde6c to remote] DEBUG org.asynchttpclient.netty.request.NettyRequestSender - Using pooled Channel '[id: 0xc1ffd8a2, L:/127.0.0.1:57871 - R:localhost/127.0.0.1:4723]' for 'GET' to 'http://localhost:4723/wd/hub/session/7676bb4e-8023-43db-94f7-1345704bde6c/screenshot'
01:00:39.217 [Forwarding screenshot on session 7676bb4e-8023-43db-94f7-1345704bde6c to remote] DEBUG org.asynchttpclient.netty.request.NettyRequestSender - Using open Channel [id: 0xc1ffd8a2, L:/127.0.0.1:57871 - R:localhost/127.0.0.1:4723] for GET '/wd/hub/session/7676bb4e-8023-43db-94f7-1345704bde6c/screenshot'
01:00:39.798 [AsyncHttpClient-1-2] DEBUG org.asynchttpclient.netty.handler.HttpHandler - 

Request DefaultFullHttpRequest(decodeResult: success, version: HTTP/1.1, content: EmptyByteBufBE)
GET /wd/hub/session/7676bb4e-8023-43db-94f7-1345704bde6c/screenshot HTTP/1.1
User-Agent: selenium/4.5.3 (java windows)
Cache-Control: no-cache
Content-Type: application/json; charset=utf-8
host: localhost:4723
accept: */*

Response DefaultHttpResponse(decodeResult: success, version: HTTP/1.1)
HTTP/1.1 200 OK
X-Powered-By: Express
Content-Type: application/json; charset=utf-8
ETag: W/"1b4f0-QCu9z132abxdkwp77d8EuE6busM"
Date: Mon, 22 May 2023 06:00:39 GMT
Connection: keep-alive
content-length: 111856

01:00:39.800 [AsyncHttpClient-1-2] DEBUG org.asynchttpclient.netty.channel.ChannelManager - Adding key: http://localhost:4723 for channel [id: 0xc1ffd8a2, L:/127.0.0.1:57871 - R:localhost/127.0.0.1:4723]
01:00:39.806 [Test worker] WARN net.thucydides.core.webdriver.WebDriverFacade - Failed to take screenshot (Illegal base64 character a)
01:00:39.820 [Forwarding getPageSource on session 7676bb4e-8023-43db-94f7-1345704bde6c to remote] DEBUG org.asynchttpclient.netty.request.NettyRequestSender - Using pooled Channel '[id: 0xc1ffd8a2, L:/127.0.0.1:57871 - R:localhost/127.0.0.1:4723]' for 'GET' to 'http://localhost:4723/wd/hub/session/7676bb4e-8023-43db-94f7-1345704bde6c/source'
01:00:39.820 [Forwarding getPageSource on session 7676bb4e-8023-43db-94f7-1345704bde6c to remote] DEBUG org.asynchttpclient.netty.request.NettyRequestSender - Using open Channel [id: 0xc1ffd8a2, L:/127.0.0.1:57871 - R:localhost/127.0.0.1:4723] for GET '/wd/hub/session/7676bb4e-8023-43db-94f7-1345704bde6c/source'
01:00:39.929 [AsyncHttpClient-1-2] DEBUG org.asynchttpclient.netty.handler.HttpHandler - 

Request DefaultFullHttpRequest(decodeResult: success, version: HTTP/1.1, content: EmptyByteBufBE)
GET /wd/hub/session/7676bb4e-8023-43db-94f7-1345704bde6c/source HTTP/1.1
User-Agent: selenium/4.5.3 (java windows)
Cache-Control: no-cache
Content-Type: application/json; charset=utf-8
host: localhost:4723
accept: */*

Response DefaultHttpResponse(decodeResult: success, version: HTTP/1.1)
HTTP/1.1 200 OK
X-Powered-By: Express
Content-Type: application/json; charset=utf-8
ETag: W/"6105-q6gw4oS2RyieX3erojXVHlwwT1g"
Date: Mon, 22 May 2023 06:00:39 GMT
Connection: keep-alive
content-length: 24837

01:00:39.930 [AsyncHttpClient-1-2] DEBUG org.asynchttpclient.netty.channel.ChannelManager - Adding key: http://localhost:4723 for channel [id: 0xc1ffd8a2, L:/127.0.0.1:57871 - R:localhost/127.0.0.1:4723]
01:00:40.030 [Forwarding getCurrentWindowHandle on session 7676bb4e-8023-43db-94f7-1345704bde6c to remote] DEBUG org.asynchttpclient.netty.request.NettyRequestSender - Using pooled Channel '[id: 0xc1ffd8a2, L:/127.0.0.1:57871 - R:localhost/127.0.0.1:4723]' for 'GET' to 'http://localhost:4723/wd/hub/session/7676bb4e-8023-43db-94f7-1345704bde6c/window'
01:00:40.030 [Forwarding getCurrentWindowHandle on session 7676bb4e-8023-43db-94f7-1345704bde6c to remote] DEBUG org.asynchttpclient.netty.request.NettyRequestSender - Using open Channel [id: 0xc1ffd8a2, L:/127.0.0.1:57871 - R:localhost/127.0.0.1:4723] for GET '/wd/hub/session/7676bb4e-8023-43db-94f7-1345704bde6c/window'
01:00:40.060 [AsyncHttpClient-1-2] DEBUG org.asynchttpclient.netty.handler.HttpHandler - 

Request DefaultFullHttpRequest(decodeResult: success, version: HTTP/1.1, content: EmptyByteBufBE)
GET /wd/hub/session/7676bb4e-8023-43db-94f7-1345704bde6c/window HTTP/1.1
User-Agent: selenium/4.5.3 (java windows)
Cache-Control: no-cache
Content-Type: application/json; charset=utf-8
host: localhost:4723
accept: */*

Response DefaultHttpResponse(decodeResult: success, version: HTTP/1.1)
HTTP/1.1 404 Not Found
X-Powered-By: Express
Content-Type: application/json; charset=utf-8
ETag: W/"dc9-1p46SNnIG6GxUYvzfhKldWCLeEA"
Date: Mon, 22 May 2023 06:00:40 GMT
Connection: keep-alive
content-length: 3529

01:00:40.061 [AsyncHttpClient-1-2] DEBUG org.asynchttpclient.netty.channel.ChannelManager - Adding key: http://localhost:4723 for channel [id: 0xc1ffd8a2, L:/127.0.0.1:57871 - R:localhost/127.0.0.1:4723]
01:00:40.070 [Forwarding screenshot on session 7676bb4e-8023-43db-94f7-1345704bde6c to remote] DEBUG org.asynchttpclient.netty.request.NettyRequestSender - Using pooled Channel '[id: 0xc1ffd8a2, L:/127.0.0.1:57871 - R:localhost/127.0.0.1:4723]' for 'GET' to 'http://localhost:4723/wd/hub/session/7676bb4e-8023-43db-94f7-1345704bde6c/screenshot'
01:00:40.070 [Forwarding screenshot on session 7676bb4e-8023-43db-94f7-1345704bde6c to remote] DEBUG org.asynchttpclient.netty.request.NettyRequestSender - Using open Channel [id: 0xc1ffd8a2, L:/127.0.0.1:57871 - R:localhost/127.0.0.1:4723] for GET '/wd/hub/session/7676bb4e-8023-43db-94f7-1345704bde6c/screenshot'
01:00:40.658 [AsyncHttpClient-1-2] DEBUG org.asynchttpclient.netty.handler.HttpHandler - 

Request DefaultFullHttpRequest(decodeResult: success, version: HTTP/1.1, content: EmptyByteBufBE)
GET /wd/hub/session/7676bb4e-8023-43db-94f7-1345704bde6c/screenshot HTTP/1.1
User-Agent: selenium/4.5.3 (java windows)
Cache-Control: no-cache
Content-Type: application/json; charset=utf-8
host: localhost:4723
accept: */*

Response DefaultHttpResponse(decodeResult: success, version: HTTP/1.1)
HTTP/1.1 200 OK
X-Powered-By: Express
Content-Type: application/json; charset=utf-8
ETag: W/"1b4f0-QCu9z132abxdkwp77d8EuE6busM"
Date: Mon, 22 May 2023 06:00:40 GMT
Connection: keep-alive
content-length: 111856

01:00:40.660 [AsyncHttpClient-1-2] DEBUG org.asynchttpclient.netty.channel.ChannelManager - Adding key: http://localhost:4723 for channel [id: 0xc1ffd8a2, L:/127.0.0.1:57871 - R:localhost/127.0.0.1:4723]
01:00:40.664 [Test worker] WARN net.thucydides.core.webdriver.WebDriverFacade - Failed to take screenshot (Illegal base64 character a)
01:00:40.680 [Forwarding getPageSource on session 7676bb4e-8023-43db-94f7-1345704bde6c to remote] DEBUG org.asynchttpclient.netty.request.NettyRequestSender - Using pooled Channel '[id: 0xc1ffd8a2, L:/127.0.0.1:57871 - R:localhost/127.0.0.1:4723]' for 'GET' to 'http://localhost:4723/wd/hub/session/7676bb4e-8023-43db-94f7-1345704bde6c/source'
01:00:40.680 [Forwarding getPageSource on session 7676bb4e-8023-43db-94f7-1345704bde6c to remote] DEBUG org.asynchttpclient.netty.request.NettyRequestSender - Using open Channel [id: 0xc1ffd8a2, L:/127.0.0.1:57871 - R:localhost/127.0.0.1:4723] for GET '/wd/hub/session/7676bb4e-8023-43db-94f7-1345704bde6c/source'
01:00:40.808 [AsyncHttpClient-1-2] DEBUG org.asynchttpclient.netty.handler.HttpHandler - 

Request DefaultFullHttpRequest(decodeResult: success, version: HTTP/1.1, content: EmptyByteBufBE)
GET /wd/hub/session/7676bb4e-8023-43db-94f7-1345704bde6c/source HTTP/1.1
User-Agent: selenium/4.5.3 (java windows)
Cache-Control: no-cache
Content-Type: application/json; charset=utf-8
host: localhost:4723
accept: */*

Response DefaultHttpResponse(decodeResult: success, version: HTTP/1.1)
HTTP/1.1 200 OK
X-Powered-By: Express
Content-Type: application/json; charset=utf-8
ETag: W/"6105-q6gw4oS2RyieX3erojXVHlwwT1g"
Date: Mon, 22 May 2023 06:00:40 GMT
Connection: keep-alive
content-length: 24837

01:00:40.809 [AsyncHttpClient-1-2] DEBUG org.asynchttpclient.netty.channel.ChannelManager - Adding key: http://localhost:4723 for channel [id: 0xc1ffd8a2, L:/127.0.0.1:57871 - R:localhost/127.0.0.1:4723]
01:00:40.832 [Test worker] DEBUG net.thucydides.core.steps.StepInterceptor - STARTING STEP: LogInStep.he_Sends_His_Credentials - performAs
01:00:40.932 [Forwarding getCurrentWindowHandle on session 7676bb4e-8023-43db-94f7-1345704bde6c to remote] DEBUG org.asynchttpclient.netty.request.NettyRequestSender - Using pooled Channel '[id: 0xc1ffd8a2, L:/127.0.0.1:57871 - R:localhost/127.0.0.1:4723]' for 'GET' to 'http://localhost:4723/wd/hub/session/7676bb4e-8023-43db-94f7-1345704bde6c/window'
01:00:40.932 [Forwarding getCurrentWindowHandle on session 7676bb4e-8023-43db-94f7-1345704bde6c to remote] DEBUG org.asynchttpclient.netty.request.NettyRequestSender - Using open Channel [id: 0xc1ffd8a2, L:/127.0.0.1:57871 - R:localhost/127.0.0.1:4723] for GET '/wd/hub/session/7676bb4e-8023-43db-94f7-1345704bde6c/window'
01:00:40.958 [AsyncHttpClient-1-2] DEBUG org.asynchttpclient.netty.handler.HttpHandler - 

Request DefaultFullHttpRequest(decodeResult: success, version: HTTP/1.1, content: EmptyByteBufBE)
GET /wd/hub/session/7676bb4e-8023-43db-94f7-1345704bde6c/window HTTP/1.1
User-Agent: selenium/4.5.3 (java windows)
Cache-Control: no-cache
Content-Type: application/json; charset=utf-8
host: localhost:4723
accept: */*

Response DefaultHttpResponse(decodeResult: success, version: HTTP/1.1)
HTTP/1.1 404 Not Found
X-Powered-By: Express
Content-Type: application/json; charset=utf-8
ETag: W/"dc9-1p46SNnIG6GxUYvzfhKldWCLeEA"
Date: Mon, 22 May 2023 06:00:40 GMT
Connection: keep-alive
content-length: 3529

01:00:40.960 [AsyncHttpClient-1-2] DEBUG org.asynchttpclient.netty.channel.ChannelManager - Adding key: http://localhost:4723 for channel [id: 0xc1ffd8a2, L:/127.0.0.1:57871 - R:localhost/127.0.0.1:4723]
01:00:40.969 [Forwarding screenshot on session 7676bb4e-8023-43db-94f7-1345704bde6c to remote] DEBUG org.asynchttpclient.netty.request.NettyRequestSender - Using pooled Channel '[id: 0xc1ffd8a2, L:/127.0.0.1:57871 - R:localhost/127.0.0.1:4723]' for 'GET' to 'http://localhost:4723/wd/hub/session/7676bb4e-8023-43db-94f7-1345704bde6c/screenshot'
01:00:40.970 [Forwarding screenshot on session 7676bb4e-8023-43db-94f7-1345704bde6c to remote] DEBUG org.asynchttpclient.netty.request.NettyRequestSender - Using open Channel [id: 0xc1ffd8a2, L:/127.0.0.1:57871 - R:localhost/127.0.0.1:4723] for GET '/wd/hub/session/7676bb4e-8023-43db-94f7-1345704bde6c/screenshot'
01:00:41.577 [AsyncHttpClient-1-2] DEBUG org.asynchttpclient.netty.handler.HttpHandler - 

Request DefaultFullHttpRequest(decodeResult: success, version: HTTP/1.1, content: EmptyByteBufBE)
GET /wd/hub/session/7676bb4e-8023-43db-94f7-1345704bde6c/screenshot HTTP/1.1
User-Agent: selenium/4.5.3 (java windows)
Cache-Control: no-cache
Content-Type: application/json; charset=utf-8
host: localhost:4723
accept: */*

Response DefaultHttpResponse(decodeResult: success, version: HTTP/1.1)
HTTP/1.1 200 OK
X-Powered-By: Express
Content-Type: application/json; charset=utf-8
ETag: W/"1b4f0-QCu9z132abxdkwp77d8EuE6busM"
Date: Mon, 22 May 2023 06:00:41 GMT
Connection: keep-alive
content-length: 111856

01:00:41.579 [AsyncHttpClient-1-2] DEBUG org.asynchttpclient.netty.channel.ChannelManager - Adding key: http://localhost:4723 for channel [id: 0xc1ffd8a2, L:/127.0.0.1:57871 - R:localhost/127.0.0.1:4723]
01:00:41.584 [Test worker] WARN net.thucydides.core.webdriver.WebDriverFacade - Failed to take screenshot (Illegal base64 character a)
01:00:41.596 [Forwarding getPageSource on session 7676bb4e-8023-43db-94f7-1345704bde6c to remote] DEBUG org.asynchttpclient.netty.request.NettyRequestSender - Using pooled Channel '[id: 0xc1ffd8a2, L:/127.0.0.1:57871 - R:localhost/127.0.0.1:4723]' for 'GET' to 'http://localhost:4723/wd/hub/session/7676bb4e-8023-43db-94f7-1345704bde6c/source'
01:00:41.597 [Forwarding getPageSource on session 7676bb4e-8023-43db-94f7-1345704bde6c to remote] DEBUG org.asynchttpclient.netty.request.NettyRequestSender - Using open Channel [id: 0xc1ffd8a2, L:/127.0.0.1:57871 - R:localhost/127.0.0.1:4723] for GET '/wd/hub/session/7676bb4e-8023-43db-94f7-1345704bde6c/source'
01:00:41.693 [AsyncHttpClient-1-2] DEBUG org.asynchttpclient.netty.handler.HttpHandler - 

Request DefaultFullHttpRequest(decodeResult: success, version: HTTP/1.1, content: EmptyByteBufBE)
GET /wd/hub/session/7676bb4e-8023-43db-94f7-1345704bde6c/source HTTP/1.1
User-Agent: selenium/4.5.3 (java windows)
Cache-Control: no-cache
Content-Type: application/json; charset=utf-8
host: localhost:4723
accept: */*

Response DefaultHttpResponse(decodeResult: success, version: HTTP/1.1)
HTTP/1.1 200 OK
X-Powered-By: Express
Content-Type: application/json; charset=utf-8
ETag: W/"6105-q6gw4oS2RyieX3erojXVHlwwT1g"
Date: Mon, 22 May 2023 06:00:41 GMT
Connection: keep-alive
content-length: 24837

01:00:41.695 [AsyncHttpClient-1-2] DEBUG org.asynchttpclient.netty.channel.ChannelManager - Adding key: http://localhost:4723 for channel [id: 0xc1ffd8a2, L:/127.0.0.1:57871 - R:localhost/127.0.0.1:4723]
01:00:41.716 [Test worker] DEBUG net.thucydides.core.steps.StepInterceptor - STARTING STEP: Login.performAs - {0} enters #theTextAsAString into #target
01:00:41.728 [Test worker] DEBUG net.serenitybdd.screenplay.targets.IFrameSwitcher - default content already selected for Input email
01:00:41.759 [Forwarding findElement on session 7676bb4e-8023-43db-94f7-1345704bde6c to remote] DEBUG org.asynchttpclient.netty.request.NettyRequestSender - Using pooled Channel '[id: 0xc1ffd8a2, L:/127.0.0.1:57871 - R:localhost/127.0.0.1:4723]' for 'POST' to 'http://localhost:4723/wd/hub/session/7676bb4e-8023-43db-94f7-1345704bde6c/element'
01:00:41.759 [Forwarding findElement on session 7676bb4e-8023-43db-94f7-1345704bde6c to remote] DEBUG org.asynchttpclient.netty.request.NettyRequestSender - Using open Channel [id: 0xc1ffd8a2, L:/127.0.0.1:57871 - R:localhost/127.0.0.1:4723] for POST '/wd/hub/session/7676bb4e-8023-43db-94f7-1345704bde6c/element'
01:00:41.925 [AsyncHttpClient-1-2] DEBUG org.asynchttpclient.netty.handler.HttpHandler - 

Request DefaultHttpRequest(decodeResult: success, version: HTTP/1.1)
POST /wd/hub/session/7676bb4e-8023-43db-94f7-1345704bde6c/element HTTP/1.1
User-Agent: selenium/4.5.3 (java windows)
Content-Length: 103
Content-Type: application/json; charset=utf-8
host: localhost:4723
accept: */*

Response DefaultHttpResponse(decodeResult: success, version: HTTP/1.1)
HTTP/1.1 200 OK
X-Powered-By: Express
Vary: X-HTTP-Method-Override
Content-Type: application/json; charset=utf-8
ETag: W/"89-ZuwbKeAiHAr/u/8wMyJ3DwfGvHQ"
Date: Mon, 22 May 2023 06:00:41 GMT
Connection: keep-alive
content-length: 137

01:00:41.926 [AsyncHttpClient-1-2] DEBUG org.asynchttpclient.netty.channel.ChannelManager - Adding key: http://localhost:4723 for channel [id: 0xc1ffd8a2, L:/127.0.0.1:57871 - R:localhost/127.0.0.1:4723]
01:00:41.949 [Forwarding sendKeysToElement on session 7676bb4e-8023-43db-94f7-1345704bde6c to remote] DEBUG org.asynchttpclient.netty.request.NettyRequestSender - Using pooled Channel '[id: 0xc1ffd8a2, L:/127.0.0.1:57871 - R:localhost/127.0.0.1:4723]' for 'POST' to 'http://localhost:4723/wd/hub/session/7676bb4e-8023-43db-94f7-1345704bde6c/element/00000000-0000-0149-ffff-ffff00000079/value'
01:00:41.949 [Forwarding sendKeysToElement on session 7676bb4e-8023-43db-94f7-1345704bde6c to remote] DEBUG org.asynchttpclient.netty.request.NettyRequestSender - Using open Channel [id: 0xc1ffd8a2, L:/127.0.0.1:57871 - R:localhost/127.0.0.1:4723] for POST '/wd/hub/session/7676bb4e-8023-43db-94f7-1345704bde6c/element/00000000-0000-0149-ffff-ffff00000079/value'
01:00:42.060 [AsyncHttpClient-1-2] DEBUG org.asynchttpclient.netty.handler.HttpHandler - 

Request DefaultHttpRequest(decodeResult: success, version: HTTP/1.1)
POST /wd/hub/session/7676bb4e-8023-43db-94f7-1345704bde6c/element/00000000-0000-0149-ffff-ffff00000079/value HTTP/1.1
User-Agent: selenium/4.5.3 (java windows)
Content-Length: 281
Content-Type: application/json; charset=utf-8
host: localhost:4723
accept: */*

Response DefaultHttpResponse(decodeResult: success, version: HTTP/1.1)
HTTP/1.1 200 OK
X-Powered-By: Express
Vary: X-HTTP-Method-Override
Content-Type: application/json; charset=utf-8
ETag: W/"e-9/1BuKMgFObM1mWJm+YjxtXJnUM"
Date: Mon, 22 May 2023 06:00:42 GMT
Connection: keep-alive
content-length: 14

01:00:42.060 [AsyncHttpClient-1-2] DEBUG org.asynchttpclient.netty.channel.ChannelManager - Adding key: http://localhost:4723 for channel [id: 0xc1ffd8a2, L:/127.0.0.1:57871 - R:localhost/127.0.0.1:4723]
01:00:42.177 [Forwarding getCurrentWindowHandle on session 7676bb4e-8023-43db-94f7-1345704bde6c to remote] DEBUG org.asynchttpclient.netty.request.NettyRequestSender - Using pooled Channel '[id: 0xc1ffd8a2, L:/127.0.0.1:57871 - R:localhost/127.0.0.1:4723]' for 'GET' to 'http://localhost:4723/wd/hub/session/7676bb4e-8023-43db-94f7-1345704bde6c/window'
01:00:42.177 [Forwarding getCurrentWindowHandle on session 7676bb4e-8023-43db-94f7-1345704bde6c to remote] DEBUG org.asynchttpclient.netty.request.NettyRequestSender - Using open Channel [id: 0xc1ffd8a2, L:/127.0.0.1:57871 - R:localhost/127.0.0.1:4723] for GET '/wd/hub/session/7676bb4e-8023-43db-94f7-1345704bde6c/window'
01:00:42.207 [AsyncHttpClient-1-2] DEBUG org.asynchttpclient.netty.handler.HttpHandler - 

Request DefaultFullHttpRequest(decodeResult: success, version: HTTP/1.1, content: EmptyByteBufBE)
GET /wd/hub/session/7676bb4e-8023-43db-94f7-1345704bde6c/window HTTP/1.1
User-Agent: selenium/4.5.3 (java windows)
Cache-Control: no-cache
Content-Type: application/json; charset=utf-8
host: localhost:4723
accept: */*

Response DefaultHttpResponse(decodeResult: success, version: HTTP/1.1)
HTTP/1.1 404 Not Found
X-Powered-By: Express
Content-Type: application/json; charset=utf-8
ETag: W/"dc9-1p46SNnIG6GxUYvzfhKldWCLeEA"
Date: Mon, 22 May 2023 06:00:42 GMT
Connection: keep-alive
content-length: 3529

01:00:42.207 [AsyncHttpClient-1-2] DEBUG org.asynchttpclient.netty.channel.ChannelManager - Adding key: http://localhost:4723 for channel [id: 0xc1ffd8a2, L:/127.0.0.1:57871 - R:localhost/127.0.0.1:4723]
01:00:42.213 [Forwarding screenshot on session 7676bb4e-8023-43db-94f7-1345704bde6c to remote] DEBUG org.asynchttpclient.netty.request.NettyRequestSender - Using pooled Channel '[id: 0xc1ffd8a2, L:/127.0.0.1:57871 - R:localhost/127.0.0.1:4723]' for 'GET' to 'http://localhost:4723/wd/hub/session/7676bb4e-8023-43db-94f7-1345704bde6c/screenshot'
01:00:42.213 [Forwarding screenshot on session 7676bb4e-8023-43db-94f7-1345704bde6c to remote] DEBUG org.asynchttpclient.netty.request.NettyRequestSender - Using open Channel [id: 0xc1ffd8a2, L:/127.0.0.1:57871 - R:localhost/127.0.0.1:4723] for GET '/wd/hub/session/7676bb4e-8023-43db-94f7-1345704bde6c/screenshot'
01:00:42.774 [AsyncHttpClient-1-2] DEBUG org.asynchttpclient.netty.handler.HttpHandler - 

Request DefaultFullHttpRequest(decodeResult: success, version: HTTP/1.1, content: EmptyByteBufBE)
GET /wd/hub/session/7676bb4e-8023-43db-94f7-1345704bde6c/screenshot HTTP/1.1
User-Agent: selenium/4.5.3 (java windows)
Cache-Control: no-cache
Content-Type: application/json; charset=utf-8
host: localhost:4723
accept: */*

Response DefaultHttpResponse(decodeResult: success, version: HTTP/1.1)
HTTP/1.1 200 OK
X-Powered-By: Express
Content-Type: application/json; charset=utf-8
ETag: W/"1c11c-9iSbjSHz1wysQHjWt7K/6YiOy9k"
Date: Mon, 22 May 2023 06:00:42 GMT
Connection: keep-alive
content-length: 114972

01:00:42.777 [AsyncHttpClient-1-2] DEBUG org.asynchttpclient.netty.channel.ChannelManager - Adding key: http://localhost:4723 for channel [id: 0xc1ffd8a2, L:/127.0.0.1:57871 - R:localhost/127.0.0.1:4723]
01:00:42.782 [Test worker] WARN net.thucydides.core.webdriver.WebDriverFacade - Failed to take screenshot (Illegal base64 character a)
01:00:42.782 [Test worker] DEBUG net.thucydides.core.steps.StepInterceptor - STEP DONE: {0} enters #theTextAsAString into #target
01:00:42.849 [Forwarding getCurrentWindowHandle on session 7676bb4e-8023-43db-94f7-1345704bde6c to remote] DEBUG org.asynchttpclient.netty.request.NettyRequestSender - Using pooled Channel '[id: 0xc1ffd8a2, L:/127.0.0.1:57871 - R:localhost/127.0.0.1:4723]' for 'GET' to 'http://localhost:4723/wd/hub/session/7676bb4e-8023-43db-94f7-1345704bde6c/window'
01:00:42.850 [Forwarding getCurrentWindowHandle on session 7676bb4e-8023-43db-94f7-1345704bde6c to remote] DEBUG org.asynchttpclient.netty.request.NettyRequestSender - Using open Channel [id: 0xc1ffd8a2, L:/127.0.0.1:57871 - R:localhost/127.0.0.1:4723] for GET '/wd/hub/session/7676bb4e-8023-43db-94f7-1345704bde6c/window'
01:00:42.873 [AsyncHttpClient-1-2] DEBUG org.asynchttpclient.netty.handler.HttpHandler - 

Request DefaultFullHttpRequest(decodeResult: success, version: HTTP/1.1, content: EmptyByteBufBE)
GET /wd/hub/session/7676bb4e-8023-43db-94f7-1345704bde6c/window HTTP/1.1
User-Agent: selenium/4.5.3 (java windows)
Cache-Control: no-cache
Content-Type: application/json; charset=utf-8
host: localhost:4723
accept: */*

Response DefaultHttpResponse(decodeResult: success, version: HTTP/1.1)
HTTP/1.1 404 Not Found
X-Powered-By: Express
Content-Type: application/json; charset=utf-8
ETag: W/"dc9-1p46SNnIG6GxUYvzfhKldWCLeEA"
Date: Mon, 22 May 2023 06:00:42 GMT
Connection: keep-alive
content-length: 3529

01:00:42.874 [AsyncHttpClient-1-2] DEBUG org.asynchttpclient.netty.channel.ChannelManager - Adding key: http://localhost:4723 for channel [id: 0xc1ffd8a2, L:/127.0.0.1:57871 - R:localhost/127.0.0.1:4723]
01:00:42.878 [Forwarding screenshot on session 7676bb4e-8023-43db-94f7-1345704bde6c to remote] DEBUG org.asynchttpclient.netty.request.NettyRequestSender - Using pooled Channel '[id: 0xc1ffd8a2, L:/127.0.0.1:57871 - R:localhost/127.0.0.1:4723]' for 'GET' to 'http://localhost:4723/wd/hub/session/7676bb4e-8023-43db-94f7-1345704bde6c/screenshot'
01:00:42.878 [Forwarding screenshot on session 7676bb4e-8023-43db-94f7-1345704bde6c to remote] DEBUG org.asynchttpclient.netty.request.NettyRequestSender - Using open Channel [id: 0xc1ffd8a2, L:/127.0.0.1:57871 - R:localhost/127.0.0.1:4723] for GET '/wd/hub/session/7676bb4e-8023-43db-94f7-1345704bde6c/screenshot'
01:00:43.421 [AsyncHttpClient-1-2] DEBUG org.asynchttpclient.netty.handler.HttpHandler - 

Request DefaultFullHttpRequest(decodeResult: success, version: HTTP/1.1, content: EmptyByteBufBE)
GET /wd/hub/session/7676bb4e-8023-43db-94f7-1345704bde6c/screenshot HTTP/1.1
User-Agent: selenium/4.5.3 (java windows)
Cache-Control: no-cache
Content-Type: application/json; charset=utf-8
host: localhost:4723
accept: */*

Response DefaultHttpResponse(decodeResult: success, version: HTTP/1.1)
HTTP/1.1 200 OK
X-Powered-By: Express
Content-Type: application/json; charset=utf-8
ETag: W/"1c11c-9iSbjSHz1wysQHjWt7K/6YiOy9k"
Date: Mon, 22 May 2023 06:00:43 GMT
Connection: keep-alive
content-length: 114972

01:00:43.423 [AsyncHttpClient-1-2] DEBUG org.asynchttpclient.netty.channel.ChannelManager - Adding key: http://localhost:4723 for channel [id: 0xc1ffd8a2, L:/127.0.0.1:57871 - R:localhost/127.0.0.1:4723]
01:00:43.427 [Test worker] WARN net.thucydides.core.webdriver.WebDriverFacade - Failed to take screenshot (Illegal base64 character a)
01:00:43.441 [Forwarding getPageSource on session 7676bb4e-8023-43db-94f7-1345704bde6c to remote] DEBUG org.asynchttpclient.netty.request.NettyRequestSender - Using pooled Channel '[id: 0xc1ffd8a2, L:/127.0.0.1:57871 - R:localhost/127.0.0.1:4723]' for 'GET' to 'http://localhost:4723/wd/hub/session/7676bb4e-8023-43db-94f7-1345704bde6c/source'
01:00:43.441 [Forwarding getPageSource on session 7676bb4e-8023-43db-94f7-1345704bde6c to remote] DEBUG org.asynchttpclient.netty.request.NettyRequestSender - Using open Channel [id: 0xc1ffd8a2, L:/127.0.0.1:57871 - R:localhost/127.0.0.1:4723] for GET '/wd/hub/session/7676bb4e-8023-43db-94f7-1345704bde6c/source'
01:00:43.554 [AsyncHttpClient-1-2] DEBUG org.asynchttpclient.netty.handler.HttpHandler - 

Request DefaultFullHttpRequest(decodeResult: success, version: HTTP/1.1, content: EmptyByteBufBE)
GET /wd/hub/session/7676bb4e-8023-43db-94f7-1345704bde6c/source HTTP/1.1
User-Agent: selenium/4.5.3 (java windows)
Cache-Control: no-cache
Content-Type: application/json; charset=utf-8
host: localhost:4723
accept: */*

Response DefaultHttpResponse(decodeResult: success, version: HTTP/1.1)
HTTP/1.1 200 OK
X-Powered-By: Express
Content-Type: application/json; charset=utf-8
ETag: W/"6104-WFXWGRKkkSG3Eaz0pByYEE+p0H4"
Date: Mon, 22 May 2023 06:00:43 GMT
Connection: keep-alive
content-length: 24836

01:00:43.555 [AsyncHttpClient-1-2] DEBUG org.asynchttpclient.netty.channel.ChannelManager - Adding key: http://localhost:4723 for channel [id: 0xc1ffd8a2, L:/127.0.0.1:57871 - R:localhost/127.0.0.1:4723]
01:00:43.569 [Test worker] DEBUG net.thucydides.core.steps.StepInterceptor - STARTING STEP: Login.performAs - {0} enters #theTextAsAString into #target
01:00:43.583 [Test worker] DEBUG net.serenitybdd.screenplay.targets.IFrameSwitcher - default content already selected for Input password
01:00:43.611 [Forwarding findElement on session 7676bb4e-8023-43db-94f7-1345704bde6c to remote] DEBUG org.asynchttpclient.netty.request.NettyRequestSender - Using pooled Channel '[id: 0xc1ffd8a2, L:/127.0.0.1:57871 - R:localhost/127.0.0.1:4723]' for 'POST' to 'http://localhost:4723/wd/hub/session/7676bb4e-8023-43db-94f7-1345704bde6c/element'
01:00:43.612 [Forwarding findElement on session 7676bb4e-8023-43db-94f7-1345704bde6c to remote] DEBUG org.asynchttpclient.netty.request.NettyRequestSender - Using open Channel [id: 0xc1ffd8a2, L:/127.0.0.1:57871 - R:localhost/127.0.0.1:4723] for POST '/wd/hub/session/7676bb4e-8023-43db-94f7-1345704bde6c/element'
01:00:43.743 [AsyncHttpClient-1-2] DEBUG org.asynchttpclient.netty.handler.HttpHandler - 

Request DefaultHttpRequest(decodeResult: success, version: HTTP/1.1)
POST /wd/hub/session/7676bb4e-8023-43db-94f7-1345704bde6c/element HTTP/1.1
User-Agent: selenium/4.5.3 (java windows)
Content-Length: 90
Content-Type: application/json; charset=utf-8
host: localhost:4723
accept: */*

Response DefaultHttpResponse(decodeResult: success, version: HTTP/1.1)
HTTP/1.1 200 OK
X-Powered-By: Express
Vary: X-HTTP-Method-Override
Content-Type: application/json; charset=utf-8
ETag: W/"89-DgI6ids3gAqjCxcr5IUDZdDwVFA"
Date: Mon, 22 May 2023 06:00:43 GMT
Connection: keep-alive
content-length: 137

01:00:43.745 [AsyncHttpClient-1-2] DEBUG org.asynchttpclient.netty.channel.ChannelManager - Adding key: http://localhost:4723 for channel [id: 0xc1ffd8a2, L:/127.0.0.1:57871 - R:localhost/127.0.0.1:4723]
01:00:43.749 [Forwarding sendKeysToElement on session 7676bb4e-8023-43db-94f7-1345704bde6c to remote] DEBUG org.asynchttpclient.netty.request.NettyRequestSender - Using pooled Channel '[id: 0xc1ffd8a2, L:/127.0.0.1:57871 - R:localhost/127.0.0.1:4723]' for 'POST' to 'http://localhost:4723/wd/hub/session/7676bb4e-8023-43db-94f7-1345704bde6c/element/00000000-0000-0149-ffff-ffff0000007d/value'
01:00:43.750 [Forwarding sendKeysToElement on session 7676bb4e-8023-43db-94f7-1345704bde6c to remote] DEBUG org.asynchttpclient.netty.request.NettyRequestSender - Using open Channel [id: 0xc1ffd8a2, L:/127.0.0.1:57871 - R:localhost/127.0.0.1:4723] for POST '/wd/hub/session/7676bb4e-8023-43db-94f7-1345704bde6c/element/00000000-0000-0149-ffff-ffff0000007d/value'
01:00:44.430 [AsyncHttpClient-1-2] DEBUG org.asynchttpclient.netty.handler.HttpHandler - 

Request DefaultHttpRequest(decodeResult: success, version: HTTP/1.1)
POST /wd/hub/session/7676bb4e-8023-43db-94f7-1345704bde6c/element/00000000-0000-0149-ffff-ffff0000007d/value HTTP/1.1
User-Agent: selenium/4.5.3 (java windows)
Content-Length: 141
Content-Type: application/json; charset=utf-8
host: localhost:4723
accept: */*

Response DefaultHttpResponse(decodeResult: success, version: HTTP/1.1)
HTTP/1.1 200 OK
X-Powered-By: Express
Vary: X-HTTP-Method-Override
Content-Type: application/json; charset=utf-8
ETag: W/"e-9/1BuKMgFObM1mWJm+YjxtXJnUM"
Date: Mon, 22 May 2023 06:00:44 GMT
Connection: keep-alive
content-length: 14

01:00:44.431 [AsyncHttpClient-1-2] DEBUG org.asynchttpclient.netty.channel.ChannelManager - Adding key: http://localhost:4723 for channel [id: 0xc1ffd8a2, L:/127.0.0.1:57871 - R:localhost/127.0.0.1:4723]
01:00:44.510 [Forwarding getCurrentWindowHandle on session 7676bb4e-8023-43db-94f7-1345704bde6c to remote] DEBUG org.asynchttpclient.netty.request.NettyRequestSender - Using pooled Channel '[id: 0xc1ffd8a2, L:/127.0.0.1:57871 - R:localhost/127.0.0.1:4723]' for 'GET' to 'http://localhost:4723/wd/hub/session/7676bb4e-8023-43db-94f7-1345704bde6c/window'
01:00:44.510 [Forwarding getCurrentWindowHandle on session 7676bb4e-8023-43db-94f7-1345704bde6c to remote] DEBUG org.asynchttpclient.netty.request.NettyRequestSender - Using open Channel [id: 0xc1ffd8a2, L:/127.0.0.1:57871 - R:localhost/127.0.0.1:4723] for GET '/wd/hub/session/7676bb4e-8023-43db-94f7-1345704bde6c/window'
01:00:44.531 [AsyncHttpClient-1-2] DEBUG org.asynchttpclient.netty.handler.HttpHandler - 

Request DefaultFullHttpRequest(decodeResult: success, version: HTTP/1.1, content: EmptyByteBufBE)
GET /wd/hub/session/7676bb4e-8023-43db-94f7-1345704bde6c/window HTTP/1.1
User-Agent: selenium/4.5.3 (java windows)
Cache-Control: no-cache
Content-Type: application/json; charset=utf-8
host: localhost:4723
accept: */*

Response DefaultHttpResponse(decodeResult: success, version: HTTP/1.1)
HTTP/1.1 404 Not Found
X-Powered-By: Express
Content-Type: application/json; charset=utf-8
ETag: W/"dc9-1p46SNnIG6GxUYvzfhKldWCLeEA"
Date: Mon, 22 May 2023 06:00:44 GMT
Connection: keep-alive
content-length: 3529

01:00:44.532 [AsyncHttpClient-1-2] DEBUG org.asynchttpclient.netty.channel.ChannelManager - Adding key: http://localhost:4723 for channel [id: 0xc1ffd8a2, L:/127.0.0.1:57871 - R:localhost/127.0.0.1:4723]
01:00:44.537 [Forwarding screenshot on session 7676bb4e-8023-43db-94f7-1345704bde6c to remote] DEBUG org.asynchttpclient.netty.request.NettyRequestSender - Using pooled Channel '[id: 0xc1ffd8a2, L:/127.0.0.1:57871 - R:localhost/127.0.0.1:4723]' for 'GET' to 'http://localhost:4723/wd/hub/session/7676bb4e-8023-43db-94f7-1345704bde6c/screenshot'
01:00:44.537 [Forwarding screenshot on session 7676bb4e-8023-43db-94f7-1345704bde6c to remote] DEBUG org.asynchttpclient.netty.request.NettyRequestSender - Using open Channel [id: 0xc1ffd8a2, L:/127.0.0.1:57871 - R:localhost/127.0.0.1:4723] for GET '/wd/hub/session/7676bb4e-8023-43db-94f7-1345704bde6c/screenshot'
01:00:45.056 [AsyncHttpClient-1-2] DEBUG org.asynchttpclient.netty.handler.HttpHandler - 

Request DefaultFullHttpRequest(decodeResult: success, version: HTTP/1.1, content: EmptyByteBufBE)
GET /wd/hub/session/7676bb4e-8023-43db-94f7-1345704bde6c/screenshot HTTP/1.1
User-Agent: selenium/4.5.3 (java windows)
Cache-Control: no-cache
Content-Type: application/json; charset=utf-8
host: localhost:4723
accept: */*

Response DefaultHttpResponse(decodeResult: success, version: HTTP/1.1)
HTTP/1.1 200 OK
X-Powered-By: Express
Content-Type: application/json; charset=utf-8
ETag: W/"1af74-PUSsv6zx6BjmGmAIe/eUEid742Q"
Date: Mon, 22 May 2023 06:00:45 GMT
Connection: keep-alive
content-length: 110452

01:00:45.058 [AsyncHttpClient-1-2] DEBUG org.asynchttpclient.netty.channel.ChannelManager - Adding key: http://localhost:4723 for channel [id: 0xc1ffd8a2, L:/127.0.0.1:57871 - R:localhost/127.0.0.1:4723]
01:00:45.062 [Test worker] WARN net.thucydides.core.webdriver.WebDriverFacade - Failed to take screenshot (Illegal base64 character a)
01:00:45.062 [Test worker] DEBUG net.thucydides.core.steps.StepInterceptor - STEP DONE: {0} enters #theTextAsAString into #target
01:00:45.123 [Forwarding getCurrentWindowHandle on session 7676bb4e-8023-43db-94f7-1345704bde6c to remote] DEBUG org.asynchttpclient.netty.request.NettyRequestSender - Using pooled Channel '[id: 0xc1ffd8a2, L:/127.0.0.1:57871 - R:localhost/127.0.0.1:4723]' for 'GET' to 'http://localhost:4723/wd/hub/session/7676bb4e-8023-43db-94f7-1345704bde6c/window'
01:00:45.123 [Forwarding getCurrentWindowHandle on session 7676bb4e-8023-43db-94f7-1345704bde6c to remote] DEBUG org.asynchttpclient.netty.request.NettyRequestSender - Using open Channel [id: 0xc1ffd8a2, L:/127.0.0.1:57871 - R:localhost/127.0.0.1:4723] for GET '/wd/hub/session/7676bb4e-8023-43db-94f7-1345704bde6c/window'
01:00:45.148 [AsyncHttpClient-1-2] DEBUG org.asynchttpclient.netty.handler.HttpHandler - 

Request DefaultFullHttpRequest(decodeResult: success, version: HTTP/1.1, content: EmptyByteBufBE)
GET /wd/hub/session/7676bb4e-8023-43db-94f7-1345704bde6c/window HTTP/1.1
User-Agent: selenium/4.5.3 (java windows)
Cache-Control: no-cache
Content-Type: application/json; charset=utf-8
host: localhost:4723
accept: */*

Response DefaultHttpResponse(decodeResult: success, version: HTTP/1.1)
HTTP/1.1 404 Not Found
X-Powered-By: Express
Content-Type: application/json; charset=utf-8
ETag: W/"dc9-1p46SNnIG6GxUYvzfhKldWCLeEA"
Date: Mon, 22 May 2023 06:00:45 GMT
Connection: keep-alive
content-length: 3529

01:00:45.148 [AsyncHttpClient-1-2] DEBUG org.asynchttpclient.netty.channel.ChannelManager - Adding key: http://localhost:4723 for channel [id: 0xc1ffd8a2, L:/127.0.0.1:57871 - R:localhost/127.0.0.1:4723]
01:00:45.153 [Forwarding screenshot on session 7676bb4e-8023-43db-94f7-1345704bde6c to remote] DEBUG org.asynchttpclient.netty.request.NettyRequestSender - Using pooled Channel '[id: 0xc1ffd8a2, L:/127.0.0.1:57871 - R:localhost/127.0.0.1:4723]' for 'GET' to 'http://localhost:4723/wd/hub/session/7676bb4e-8023-43db-94f7-1345704bde6c/screenshot'
01:00:45.153 [Forwarding screenshot on session 7676bb4e-8023-43db-94f7-1345704bde6c to remote] DEBUG org.asynchttpclient.netty.request.NettyRequestSender - Using open Channel [id: 0xc1ffd8a2, L:/127.0.0.1:57871 - R:localhost/127.0.0.1:4723] for GET '/wd/hub/session/7676bb4e-8023-43db-94f7-1345704bde6c/screenshot'
01:00:45.790 [AsyncHttpClient-1-2] DEBUG org.asynchttpclient.netty.handler.HttpHandler - 

Request DefaultFullHttpRequest(decodeResult: success, version: HTTP/1.1, content: EmptyByteBufBE)
GET /wd/hub/session/7676bb4e-8023-43db-94f7-1345704bde6c/screenshot HTTP/1.1
User-Agent: selenium/4.5.3 (java windows)
Cache-Control: no-cache
Content-Type: application/json; charset=utf-8
host: localhost:4723
accept: */*

Response DefaultHttpResponse(decodeResult: success, version: HTTP/1.1)
HTTP/1.1 200 OK
X-Powered-By: Express
Content-Type: application/json; charset=utf-8
ETag: W/"1af74-PUSsv6zx6BjmGmAIe/eUEid742Q"
Date: Mon, 22 May 2023 06:00:45 GMT
Connection: keep-alive
content-length: 110452

01:00:45.792 [AsyncHttpClient-1-2] DEBUG org.asynchttpclient.netty.channel.ChannelManager - Adding key: http://localhost:4723 for channel [id: 0xc1ffd8a2, L:/127.0.0.1:57871 - R:localhost/127.0.0.1:4723]
01:00:45.796 [Test worker] WARN net.thucydides.core.webdriver.WebDriverFacade - Failed to take screenshot (Illegal base64 character a)
01:00:45.810 [Forwarding getPageSource on session 7676bb4e-8023-43db-94f7-1345704bde6c to remote] DEBUG org.asynchttpclient.netty.request.NettyRequestSender - Using pooled Channel '[id: 0xc1ffd8a2, L:/127.0.0.1:57871 - R:localhost/127.0.0.1:4723]' for 'GET' to 'http://localhost:4723/wd/hub/session/7676bb4e-8023-43db-94f7-1345704bde6c/source'
01:00:45.810 [Forwarding getPageSource on session 7676bb4e-8023-43db-94f7-1345704bde6c to remote] DEBUG org.asynchttpclient.netty.request.NettyRequestSender - Using open Channel [id: 0xc1ffd8a2, L:/127.0.0.1:57871 - R:localhost/127.0.0.1:4723] for GET '/wd/hub/session/7676bb4e-8023-43db-94f7-1345704bde6c/source'
01:00:45.942 [AsyncHttpClient-1-2] DEBUG org.asynchttpclient.netty.handler.HttpHandler - 

Request DefaultFullHttpRequest(decodeResult: success, version: HTTP/1.1, content: EmptyByteBufBE)
GET /wd/hub/session/7676bb4e-8023-43db-94f7-1345704bde6c/source HTTP/1.1
User-Agent: selenium/4.5.3 (java windows)
Cache-Control: no-cache
Content-Type: application/json; charset=utf-8
host: localhost:4723
accept: */*

Response DefaultHttpResponse(decodeResult: success, version: HTTP/1.1)
HTTP/1.1 200 OK
X-Powered-By: Express
Content-Type: application/json; charset=utf-8
ETag: W/"610e-lWoWQ6LBpEJlQ5QBr8+FfM/7LSw"
Date: Mon, 22 May 2023 06:00:45 GMT
Connection: keep-alive
content-length: 24846

01:00:45.943 [AsyncHttpClient-1-2] DEBUG org.asynchttpclient.netty.channel.ChannelManager - Adding key: http://localhost:4723 for channel [id: 0xc1ffd8a2, L:/127.0.0.1:57871 - R:localhost/127.0.0.1:4723]
01:00:45.986 [Test worker] DEBUG net.thucydides.core.steps.StepInterceptor - STARTING STEP: Login.performAs - {0} clicks on #target
01:00:45.987 [Test worker] DEBUG net.serenitybdd.screenplay.targets.IFrameSwitcher - default content already selected for Boton Login
01:00:46.168 [Forwarding findElement on session 7676bb4e-8023-43db-94f7-1345704bde6c to remote] DEBUG org.asynchttpclient.netty.request.NettyRequestSender - Using pooled Channel '[id: 0xc1ffd8a2, L:/127.0.0.1:57871 - R:localhost/127.0.0.1:4723]' for 'POST' to 'http://localhost:4723/wd/hub/session/7676bb4e-8023-43db-94f7-1345704bde6c/element'
01:00:46.169 [Forwarding findElement on session 7676bb4e-8023-43db-94f7-1345704bde6c to remote] DEBUG org.asynchttpclient.netty.request.NettyRequestSender - Using open Channel [id: 0xc1ffd8a2, L:/127.0.0.1:57871 - R:localhost/127.0.0.1:4723] for POST '/wd/hub/session/7676bb4e-8023-43db-94f7-1345704bde6c/element'
01:00:46.335 [AsyncHttpClient-1-2] DEBUG org.asynchttpclient.netty.handler.HttpHandler - 

Request DefaultHttpRequest(decodeResult: success, version: HTTP/1.1)
POST /wd/hub/session/7676bb4e-8023-43db-94f7-1345704bde6c/element HTTP/1.1
User-Agent: selenium/4.5.3 (java windows)
Content-Length: 89
Content-Type: application/json; charset=utf-8
host: localhost:4723
accept: */*

Response DefaultHttpResponse(decodeResult: success, version: HTTP/1.1)
HTTP/1.1 200 OK
X-Powered-By: Express
Vary: X-HTTP-Method-Override
Content-Type: application/json; charset=utf-8
ETag: W/"89-MJFIMN19iYtiUfccB28ucl8t/is"
Date: Mon, 22 May 2023 06:00:46 GMT
Connection: keep-alive
content-length: 137

01:00:46.336 [AsyncHttpClient-1-2] DEBUG org.asynchttpclient.netty.channel.ChannelManager - Adding key: http://localhost:4723 for channel [id: 0xc1ffd8a2, L:/127.0.0.1:57871 - R:localhost/127.0.0.1:4723]
01:00:46.364 [Forwarding isElementDisplayed on session 7676bb4e-8023-43db-94f7-1345704bde6c to remote] DEBUG org.asynchttpclient.netty.request.NettyRequestSender - Using pooled Channel '[id: 0xc1ffd8a2, L:/127.0.0.1:57871 - R:localhost/127.0.0.1:4723]' for 'GET' to 'http://localhost:4723/wd/hub/session/7676bb4e-8023-43db-94f7-1345704bde6c/element/00000000-0000-0149-ffff-ffff00000082/displayed'
01:00:46.364 [Forwarding isElementDisplayed on session 7676bb4e-8023-43db-94f7-1345704bde6c to remote] DEBUG org.asynchttpclient.netty.request.NettyRequestSender - Using open Channel [id: 0xc1ffd8a2, L:/127.0.0.1:57871 - R:localhost/127.0.0.1:4723] for GET '/wd/hub/session/7676bb4e-8023-43db-94f7-1345704bde6c/element/00000000-0000-0149-ffff-ffff00000082/displayed'
01:00:46.408 [AsyncHttpClient-1-2] DEBUG org.asynchttpclient.netty.handler.HttpHandler - 

Request DefaultFullHttpRequest(decodeResult: success, version: HTTP/1.1, content: EmptyByteBufBE)
GET /wd/hub/session/7676bb4e-8023-43db-94f7-1345704bde6c/element/00000000-0000-0149-ffff-ffff00000082/displayed HTTP/1.1
User-Agent: selenium/4.5.3 (java windows)
Cache-Control: no-cache
Content-Type: application/json; charset=utf-8
host: localhost:4723
accept: */*

Response DefaultHttpResponse(decodeResult: success, version: HTTP/1.1)
HTTP/1.1 200 OK
X-Powered-By: Express
Content-Type: application/json; charset=utf-8
ETag: W/"e-2ZHvAWebNQpyjGZTg6uyV8/spTo"
Date: Mon, 22 May 2023 06:00:46 GMT
Connection: keep-alive
content-length: 14

01:00:46.408 [AsyncHttpClient-1-2] DEBUG org.asynchttpclient.netty.channel.ChannelManager - Adding key: http://localhost:4723 for channel [id: 0xc1ffd8a2, L:/127.0.0.1:57871 - R:localhost/127.0.0.1:4723]
01:00:46.450 [Forwarding findElement on session 7676bb4e-8023-43db-94f7-1345704bde6c to remote] DEBUG org.asynchttpclient.netty.request.NettyRequestSender - Using pooled Channel '[id: 0xc1ffd8a2, L:/127.0.0.1:57871 - R:localhost/127.0.0.1:4723]' for 'POST' to 'http://localhost:4723/wd/hub/session/7676bb4e-8023-43db-94f7-1345704bde6c/element'
01:00:46.450 [Forwarding findElement on session 7676bb4e-8023-43db-94f7-1345704bde6c to remote] DEBUG org.asynchttpclient.netty.request.NettyRequestSender - Using open Channel [id: 0xc1ffd8a2, L:/127.0.0.1:57871 - R:localhost/127.0.0.1:4723] for POST '/wd/hub/session/7676bb4e-8023-43db-94f7-1345704bde6c/element'
01:00:46.568 [AsyncHttpClient-1-2] DEBUG org.asynchttpclient.netty.handler.HttpHandler - 

Request DefaultHttpRequest(decodeResult: success, version: HTTP/1.1)
POST /wd/hub/session/7676bb4e-8023-43db-94f7-1345704bde6c/element HTTP/1.1
User-Agent: selenium/4.5.3 (java windows)
Content-Length: 89
Content-Type: application/json; charset=utf-8
host: localhost:4723
accept: */*

Response DefaultHttpResponse(decodeResult: success, version: HTTP/1.1)
HTTP/1.1 200 OK
X-Powered-By: Express
Vary: X-HTTP-Method-Override
Content-Type: application/json; charset=utf-8
ETag: W/"89-MJFIMN19iYtiUfccB28ucl8t/is"
Date: Mon, 22 May 2023 06:00:46 GMT
Connection: keep-alive
content-length: 137

01:00:46.569 [AsyncHttpClient-1-2] DEBUG org.asynchttpclient.netty.channel.ChannelManager - Adding key: http://localhost:4723 for channel [id: 0xc1ffd8a2, L:/127.0.0.1:57871 - R:localhost/127.0.0.1:4723]
01:00:46.573 [Forwarding clickElement on session 7676bb4e-8023-43db-94f7-1345704bde6c to remote] DEBUG org.asynchttpclient.netty.request.NettyRequestSender - Using pooled Channel '[id: 0xc1ffd8a2, L:/127.0.0.1:57871 - R:localhost/127.0.0.1:4723]' for 'POST' to 'http://localhost:4723/wd/hub/session/7676bb4e-8023-43db-94f7-1345704bde6c/element/00000000-0000-0149-ffff-ffff00000082/click'
01:00:46.573 [Forwarding clickElement on session 7676bb4e-8023-43db-94f7-1345704bde6c to remote] DEBUG org.asynchttpclient.netty.request.NettyRequestSender - Using open Channel [id: 0xc1ffd8a2, L:/127.0.0.1:57871 - R:localhost/127.0.0.1:4723] for POST '/wd/hub/session/7676bb4e-8023-43db-94f7-1345704bde6c/element/00000000-0000-0149-ffff-ffff00000082/click'
01:00:46.676 [AsyncHttpClient-1-2] DEBUG org.asynchttpclient.netty.handler.HttpHandler - 

Request DefaultHttpRequest(decodeResult: success, version: HTTP/1.1)
POST /wd/hub/session/7676bb4e-8023-43db-94f7-1345704bde6c/element/00000000-0000-0149-ffff-ffff00000082/click HTTP/1.1
User-Agent: selenium/4.5.3 (java windows)
Content-Length: 50
Content-Type: application/json; charset=utf-8
host: localhost:4723
accept: */*

Response DefaultHttpResponse(decodeResult: success, version: HTTP/1.1)
HTTP/1.1 200 OK
X-Powered-By: Express
Vary: X-HTTP-Method-Override
Content-Type: application/json; charset=utf-8
ETag: W/"e-9/1BuKMgFObM1mWJm+YjxtXJnUM"
Date: Mon, 22 May 2023 06:00:46 GMT
Connection: keep-alive
content-length: 14

01:00:46.677 [AsyncHttpClient-1-2] DEBUG org.asynchttpclient.netty.channel.ChannelManager - Adding key: http://localhost:4723 for channel [id: 0xc1ffd8a2, L:/127.0.0.1:57871 - R:localhost/127.0.0.1:4723]
01:00:46.795 [Forwarding getCurrentWindowHandle on session 7676bb4e-8023-43db-94f7-1345704bde6c to remote] DEBUG org.asynchttpclient.netty.request.NettyRequestSender - Using pooled Channel '[id: 0xc1ffd8a2, L:/127.0.0.1:57871 - R:localhost/127.0.0.1:4723]' for 'GET' to 'http://localhost:4723/wd/hub/session/7676bb4e-8023-43db-94f7-1345704bde6c/window'
01:00:46.796 [Forwarding getCurrentWindowHandle on session 7676bb4e-8023-43db-94f7-1345704bde6c to remote] DEBUG org.asynchttpclient.netty.request.NettyRequestSender - Using open Channel [id: 0xc1ffd8a2, L:/127.0.0.1:57871 - R:localhost/127.0.0.1:4723] for GET '/wd/hub/session/7676bb4e-8023-43db-94f7-1345704bde6c/window'
01:00:46.851 [AsyncHttpClient-1-2] DEBUG org.asynchttpclient.netty.handler.HttpHandler - 

Request DefaultFullHttpRequest(decodeResult: success, version: HTTP/1.1, content: EmptyByteBufBE)
GET /wd/hub/session/7676bb4e-8023-43db-94f7-1345704bde6c/window HTTP/1.1
User-Agent: selenium/4.5.3 (java windows)
Cache-Control: no-cache
Content-Type: application/json; charset=utf-8
host: localhost:4723
accept: */*

Response DefaultHttpResponse(decodeResult: success, version: HTTP/1.1)
HTTP/1.1 404 Not Found
X-Powered-By: Express
Content-Type: application/json; charset=utf-8
ETag: W/"dc9-1p46SNnIG6GxUYvzfhKldWCLeEA"
Date: Mon, 22 May 2023 06:00:46 GMT
Connection: keep-alive
content-length: 3529

01:00:46.852 [AsyncHttpClient-1-2] DEBUG org.asynchttpclient.netty.channel.ChannelManager - Adding key: http://localhost:4723 for channel [id: 0xc1ffd8a2, L:/127.0.0.1:57871 - R:localhost/127.0.0.1:4723]
01:00:46.858 [Forwarding screenshot on session 7676bb4e-8023-43db-94f7-1345704bde6c to remote] DEBUG org.asynchttpclient.netty.request.NettyRequestSender - Using pooled Channel '[id: 0xc1ffd8a2, L:/127.0.0.1:57871 - R:localhost/127.0.0.1:4723]' for 'GET' to 'http://localhost:4723/wd/hub/session/7676bb4e-8023-43db-94f7-1345704bde6c/screenshot'
01:00:46.858 [Forwarding screenshot on session 7676bb4e-8023-43db-94f7-1345704bde6c to remote] DEBUG org.asynchttpclient.netty.request.NettyRequestSender - Using open Channel [id: 0xc1ffd8a2, L:/127.0.0.1:57871 - R:localhost/127.0.0.1:4723] for GET '/wd/hub/session/7676bb4e-8023-43db-94f7-1345704bde6c/screenshot'
01:00:48.184 [AsyncHttpClient-1-2] DEBUG org.asynchttpclient.netty.handler.HttpHandler - 

Request DefaultFullHttpRequest(decodeResult: success, version: HTTP/1.1, content: EmptyByteBufBE)
GET /wd/hub/session/7676bb4e-8023-43db-94f7-1345704bde6c/screenshot HTTP/1.1
User-Agent: selenium/4.5.3 (java windows)
Cache-Control: no-cache
Content-Type: application/json; charset=utf-8
host: localhost:4723
accept: */*

Response DefaultHttpResponse(decodeResult: success, version: HTTP/1.1)
HTTP/1.1 200 OK
X-Powered-By: Express
Content-Type: application/json; charset=utf-8
ETag: W/"1a53e-hrr4R1VQKIYcVgHZM8mttBtpTDw"
Date: Mon, 22 May 2023 06:00:48 GMT
Connection: keep-alive
content-length: 107838

01:00:48.186 [AsyncHttpClient-1-2] DEBUG org.asynchttpclient.netty.channel.ChannelManager - Adding key: http://localhost:4723 for channel [id: 0xc1ffd8a2, L:/127.0.0.1:57871 - R:localhost/127.0.0.1:4723]
01:00:48.197 [Test worker] WARN net.thucydides.core.webdriver.WebDriverFacade - Failed to take screenshot (Illegal base64 character a)
01:00:48.197 [Test worker] DEBUG net.thucydides.core.steps.StepInterceptor - STEP DONE: {0} clicks on #target
01:00:48.298 [Forwarding getCurrentWindowHandle on session 7676bb4e-8023-43db-94f7-1345704bde6c to remote] DEBUG org.asynchttpclient.netty.request.NettyRequestSender - Using pooled Channel '[id: 0xc1ffd8a2, L:/127.0.0.1:57871 - R:localhost/127.0.0.1:4723]' for 'GET' to 'http://localhost:4723/wd/hub/session/7676bb4e-8023-43db-94f7-1345704bde6c/window'
01:00:48.299 [Forwarding getCurrentWindowHandle on session 7676bb4e-8023-43db-94f7-1345704bde6c to remote] DEBUG org.asynchttpclient.netty.request.NettyRequestSender - Using open Channel [id: 0xc1ffd8a2, L:/127.0.0.1:57871 - R:localhost/127.0.0.1:4723] for GET '/wd/hub/session/7676bb4e-8023-43db-94f7-1345704bde6c/window'
01:00:48.340 [AsyncHttpClient-1-2] DEBUG org.asynchttpclient.netty.handler.HttpHandler - 

Request DefaultFullHttpRequest(decodeResult: success, version: HTTP/1.1, content: EmptyByteBufBE)
GET /wd/hub/session/7676bb4e-8023-43db-94f7-1345704bde6c/window HTTP/1.1
User-Agent: selenium/4.5.3 (java windows)
Cache-Control: no-cache
Content-Type: application/json; charset=utf-8
host: localhost:4723
accept: */*

Response DefaultHttpResponse(decodeResult: success, version: HTTP/1.1)
HTTP/1.1 404 Not Found
X-Powered-By: Express
Content-Type: application/json; charset=utf-8
ETag: W/"dc9-1p46SNnIG6GxUYvzfhKldWCLeEA"
Date: Mon, 22 May 2023 06:00:48 GMT
Connection: keep-alive
content-length: 3529

01:00:48.341 [AsyncHttpClient-1-2] DEBUG org.asynchttpclient.netty.channel.ChannelManager - Adding key: http://localhost:4723 for channel [id: 0xc1ffd8a2, L:/127.0.0.1:57871 - R:localhost/127.0.0.1:4723]
01:00:48.346 [Forwarding screenshot on session 7676bb4e-8023-43db-94f7-1345704bde6c to remote] DEBUG org.asynchttpclient.netty.request.NettyRequestSender - Using pooled Channel '[id: 0xc1ffd8a2, L:/127.0.0.1:57871 - R:localhost/127.0.0.1:4723]' for 'GET' to 'http://localhost:4723/wd/hub/session/7676bb4e-8023-43db-94f7-1345704bde6c/screenshot'
01:00:48.346 [Forwarding screenshot on session 7676bb4e-8023-43db-94f7-1345704bde6c to remote] DEBUG org.asynchttpclient.netty.request.NettyRequestSender - Using open Channel [id: 0xc1ffd8a2, L:/127.0.0.1:57871 - R:localhost/127.0.0.1:4723] for GET '/wd/hub/session/7676bb4e-8023-43db-94f7-1345704bde6c/screenshot'
01:00:49.085 [AsyncHttpClient-1-2] DEBUG org.asynchttpclient.netty.handler.HttpHandler - 

Request DefaultFullHttpRequest(decodeResult: success, version: HTTP/1.1, content: EmptyByteBufBE)
GET /wd/hub/session/7676bb4e-8023-43db-94f7-1345704bde6c/screenshot HTTP/1.1
User-Agent: selenium/4.5.3 (java windows)
Cache-Control: no-cache
Content-Type: application/json; charset=utf-8
host: localhost:4723
accept: */*

Response DefaultHttpResponse(decodeResult: success, version: HTTP/1.1)
HTTP/1.1 200 OK
X-Powered-By: Express
Content-Type: application/json; charset=utf-8
ETag: W/"22e9c-KDrbJD8XR8q4Az8UZZIiWC9S8ww"
Date: Mon, 22 May 2023 06:00:49 GMT
Connection: keep-alive
content-length: 143004

01:00:49.087 [AsyncHttpClient-1-2] DEBUG org.asynchttpclient.netty.channel.ChannelManager - Adding key: http://localhost:4723 for channel [id: 0xc1ffd8a2, L:/127.0.0.1:57871 - R:localhost/127.0.0.1:4723]
01:00:49.092 [Test worker] WARN net.thucydides.core.webdriver.WebDriverFacade - Failed to take screenshot (Illegal base64 character a)
01:00:49.092 [Test worker] DEBUG net.thucydides.core.steps.StepInterceptor - STEP DONE: performAs
01:00:49.148 [Forwarding getCurrentWindowHandle on session 7676bb4e-8023-43db-94f7-1345704bde6c to remote] DEBUG org.asynchttpclient.netty.request.NettyRequestSender - Using pooled Channel '[id: 0xc1ffd8a2, L:/127.0.0.1:57871 - R:localhost/127.0.0.1:4723]' for 'GET' to 'http://localhost:4723/wd/hub/session/7676bb4e-8023-43db-94f7-1345704bde6c/window'
01:00:49.148 [Forwarding getCurrentWindowHandle on session 7676bb4e-8023-43db-94f7-1345704bde6c to remote] DEBUG org.asynchttpclient.netty.request.NettyRequestSender - Using open Channel [id: 0xc1ffd8a2, L:/127.0.0.1:57871 - R:localhost/127.0.0.1:4723] for GET '/wd/hub/session/7676bb4e-8023-43db-94f7-1345704bde6c/window'
01:00:49.170 [AsyncHttpClient-1-2] DEBUG org.asynchttpclient.netty.handler.HttpHandler - 

Request DefaultFullHttpRequest(decodeResult: success, version: HTTP/1.1, content: EmptyByteBufBE)
GET /wd/hub/session/7676bb4e-8023-43db-94f7-1345704bde6c/window HTTP/1.1
User-Agent: selenium/4.5.3 (java windows)
Cache-Control: no-cache
Content-Type: application/json; charset=utf-8
host: localhost:4723
accept: */*

Response DefaultHttpResponse(decodeResult: success, version: HTTP/1.1)
HTTP/1.1 404 Not Found
X-Powered-By: Express
Content-Type: application/json; charset=utf-8
ETag: W/"dc9-1p46SNnIG6GxUYvzfhKldWCLeEA"
Date: Mon, 22 May 2023 06:00:49 GMT
Connection: keep-alive
content-length: 3529

01:00:49.171 [AsyncHttpClient-1-2] DEBUG org.asynchttpclient.netty.channel.ChannelManager - Adding key: http://localhost:4723 for channel [id: 0xc1ffd8a2, L:/127.0.0.1:57871 - R:localhost/127.0.0.1:4723]
01:00:49.175 [Forwarding screenshot on session 7676bb4e-8023-43db-94f7-1345704bde6c to remote] DEBUG org.asynchttpclient.netty.request.NettyRequestSender - Using pooled Channel '[id: 0xc1ffd8a2, L:/127.0.0.1:57871 - R:localhost/127.0.0.1:4723]' for 'GET' to 'http://localhost:4723/wd/hub/session/7676bb4e-8023-43db-94f7-1345704bde6c/screenshot'
01:00:49.175 [Forwarding screenshot on session 7676bb4e-8023-43db-94f7-1345704bde6c to remote] DEBUG org.asynchttpclient.netty.request.NettyRequestSender - Using open Channel [id: 0xc1ffd8a2, L:/127.0.0.1:57871 - R:localhost/127.0.0.1:4723] for GET '/wd/hub/session/7676bb4e-8023-43db-94f7-1345704bde6c/screenshot'
01:00:49.766 [AsyncHttpClient-1-2] DEBUG org.asynchttpclient.netty.handler.HttpHandler - 

Request DefaultFullHttpRequest(decodeResult: success, version: HTTP/1.1, content: EmptyByteBufBE)
GET /wd/hub/session/7676bb4e-8023-43db-94f7-1345704bde6c/screenshot HTTP/1.1
User-Agent: selenium/4.5.3 (java windows)
Cache-Control: no-cache
Content-Type: application/json; charset=utf-8
host: localhost:4723
accept: */*

Response DefaultHttpResponse(decodeResult: success, version: HTTP/1.1)
HTTP/1.1 200 OK
X-Powered-By: Express
Content-Type: application/json; charset=utf-8
ETag: W/"22e9c-KDrbJD8XR8q4Az8UZZIiWC9S8ww"
Date: Mon, 22 May 2023 06:00:49 GMT
Connection: keep-alive
content-length: 143004

01:00:49.768 [AsyncHttpClient-1-2] DEBUG org.asynchttpclient.netty.channel.ChannelManager - Adding key: http://localhost:4723 for channel [id: 0xc1ffd8a2, L:/127.0.0.1:57871 - R:localhost/127.0.0.1:4723]
01:00:49.775 [Test worker] WARN net.thucydides.core.webdriver.WebDriverFacade - Failed to take screenshot (Illegal base64 character a)
01:00:49.840 [Forwarding getCurrentWindowHandle on session 7676bb4e-8023-43db-94f7-1345704bde6c to remote] DEBUG org.asynchttpclient.netty.request.NettyRequestSender - Using pooled Channel '[id: 0xc1ffd8a2, L:/127.0.0.1:57871 - R:localhost/127.0.0.1:4723]' for 'GET' to 'http://localhost:4723/wd/hub/session/7676bb4e-8023-43db-94f7-1345704bde6c/window'
01:00:49.840 [Forwarding getCurrentWindowHandle on session 7676bb4e-8023-43db-94f7-1345704bde6c to remote] DEBUG org.asynchttpclient.netty.request.NettyRequestSender - Using open Channel [id: 0xc1ffd8a2, L:/127.0.0.1:57871 - R:localhost/127.0.0.1:4723] for GET '/wd/hub/session/7676bb4e-8023-43db-94f7-1345704bde6c/window'
01:00:49.857 [AsyncHttpClient-1-2] DEBUG org.asynchttpclient.netty.handler.HttpHandler - 

Request DefaultFullHttpRequest(decodeResult: success, version: HTTP/1.1, content: EmptyByteBufBE)
GET /wd/hub/session/7676bb4e-8023-43db-94f7-1345704bde6c/window HTTP/1.1
User-Agent: selenium/4.5.3 (java windows)
Cache-Control: no-cache
Content-Type: application/json; charset=utf-8
host: localhost:4723
accept: */*

Response DefaultHttpResponse(decodeResult: success, version: HTTP/1.1)
HTTP/1.1 404 Not Found
X-Powered-By: Express
Content-Type: application/json; charset=utf-8
ETag: W/"dc9-1p46SNnIG6GxUYvzfhKldWCLeEA"
Date: Mon, 22 May 2023 06:00:49 GMT
Connection: keep-alive
content-length: 3529

01:00:49.857 [AsyncHttpClient-1-2] DEBUG org.asynchttpclient.netty.channel.ChannelManager - Adding key: http://localhost:4723 for channel [id: 0xc1ffd8a2, L:/127.0.0.1:57871 - R:localhost/127.0.0.1:4723]
01:00:49.862 [Forwarding screenshot on session 7676bb4e-8023-43db-94f7-1345704bde6c to remote] DEBUG org.asynchttpclient.netty.request.NettyRequestSender - Using pooled Channel '[id: 0xc1ffd8a2, L:/127.0.0.1:57871 - R:localhost/127.0.0.1:4723]' for 'GET' to 'http://localhost:4723/wd/hub/session/7676bb4e-8023-43db-94f7-1345704bde6c/screenshot'
01:00:49.863 [Forwarding screenshot on session 7676bb4e-8023-43db-94f7-1345704bde6c to remote] DEBUG org.asynchttpclient.netty.request.NettyRequestSender - Using open Channel [id: 0xc1ffd8a2, L:/127.0.0.1:57871 - R:localhost/127.0.0.1:4723] for GET '/wd/hub/session/7676bb4e-8023-43db-94f7-1345704bde6c/screenshot'
01:00:50.416 [AsyncHttpClient-1-2] DEBUG org.asynchttpclient.netty.handler.HttpHandler - 

Request DefaultFullHttpRequest(decodeResult: success, version: HTTP/1.1, content: EmptyByteBufBE)
GET /wd/hub/session/7676bb4e-8023-43db-94f7-1345704bde6c/screenshot HTTP/1.1
User-Agent: selenium/4.5.3 (java windows)
Cache-Control: no-cache
Content-Type: application/json; charset=utf-8
host: localhost:4723
accept: */*

Response DefaultHttpResponse(decodeResult: success, version: HTTP/1.1)
HTTP/1.1 200 OK
X-Powered-By: Express
Content-Type: application/json; charset=utf-8
ETag: W/"22e9c-KDrbJD8XR8q4Az8UZZIiWC9S8ww"
Date: Mon, 22 May 2023 06:00:50 GMT
Connection: keep-alive
content-length: 143004

01:00:50.418 [AsyncHttpClient-1-2] DEBUG org.asynchttpclient.netty.channel.ChannelManager - Adding key: http://localhost:4723 for channel [id: 0xc1ffd8a2, L:/127.0.0.1:57871 - R:localhost/127.0.0.1:4723]
01:00:50.424 [Test worker] WARN net.thucydides.core.webdriver.WebDriverFacade - Failed to take screenshot (Illegal base64 character a)
01:00:50.440 [Forwarding getPageSource on session 7676bb4e-8023-43db-94f7-1345704bde6c to remote] DEBUG org.asynchttpclient.netty.request.NettyRequestSender - Using pooled Channel '[id: 0xc1ffd8a2, L:/127.0.0.1:57871 - R:localhost/127.0.0.1:4723]' for 'GET' to 'http://localhost:4723/wd/hub/session/7676bb4e-8023-43db-94f7-1345704bde6c/source'
01:00:50.440 [Forwarding getPageSource on session 7676bb4e-8023-43db-94f7-1345704bde6c to remote] DEBUG org.asynchttpclient.netty.request.NettyRequestSender - Using open Channel [id: 0xc1ffd8a2, L:/127.0.0.1:57871 - R:localhost/127.0.0.1:4723] for GET '/wd/hub/session/7676bb4e-8023-43db-94f7-1345704bde6c/source'
01:00:50.534 [AsyncHttpClient-1-2] DEBUG org.asynchttpclient.netty.handler.HttpHandler - 

Request DefaultFullHttpRequest(decodeResult: success, version: HTTP/1.1, content: EmptyByteBufBE)
GET /wd/hub/session/7676bb4e-8023-43db-94f7-1345704bde6c/source HTTP/1.1
User-Agent: selenium/4.5.3 (java windows)
Cache-Control: no-cache
Content-Type: application/json; charset=utf-8
host: localhost:4723
accept: */*

Response DefaultHttpResponse(decodeResult: success, version: HTTP/1.1)
HTTP/1.1 200 OK
X-Powered-By: Express
Content-Type: application/json; charset=utf-8
ETag: W/"6e9c-i8uNtz2kSSHwhpIJGLJxTLkUqb0"
Date: Mon, 22 May 2023 06:00:50 GMT
Connection: keep-alive
content-length: 28316

01:00:50.534 [AsyncHttpClient-1-2] DEBUG org.asynchttpclient.netty.channel.ChannelManager - Adding key: http://localhost:4723 for channel [id: 0xc1ffd8a2, L:/127.0.0.1:57871 - R:localhost/127.0.0.1:4723]
01:00:50.864 [Forwarding getCurrentWindowHandle on session 7676bb4e-8023-43db-94f7-1345704bde6c to remote] DEBUG org.asynchttpclient.netty.request.NettyRequestSender - Using pooled Channel '[id: 0xc1ffd8a2, L:/127.0.0.1:57871 - R:localhost/127.0.0.1:4723]' for 'GET' to 'http://localhost:4723/wd/hub/session/7676bb4e-8023-43db-94f7-1345704bde6c/window'
01:00:50.865 [Forwarding getCurrentWindowHandle on session 7676bb4e-8023-43db-94f7-1345704bde6c to remote] DEBUG org.asynchttpclient.netty.request.NettyRequestSender - Using open Channel [id: 0xc1ffd8a2, L:/127.0.0.1:57871 - R:localhost/127.0.0.1:4723] for GET '/wd/hub/session/7676bb4e-8023-43db-94f7-1345704bde6c/window'
01:00:50.889 [AsyncHttpClient-1-2] DEBUG org.asynchttpclient.netty.handler.HttpHandler - 

Request DefaultFullHttpRequest(decodeResult: success, version: HTTP/1.1, content: EmptyByteBufBE)
GET /wd/hub/session/7676bb4e-8023-43db-94f7-1345704bde6c/window HTTP/1.1
User-Agent: selenium/4.5.3 (java windows)
Cache-Control: no-cache
Content-Type: application/json; charset=utf-8
host: localhost:4723
accept: */*

Response DefaultHttpResponse(decodeResult: success, version: HTTP/1.1)
HTTP/1.1 404 Not Found
X-Powered-By: Express
Content-Type: application/json; charset=utf-8
ETag: W/"dc9-1p46SNnIG6GxUYvzfhKldWCLeEA"
Date: Mon, 22 May 2023 06:00:50 GMT
Connection: keep-alive
content-length: 3529

01:00:50.889 [AsyncHttpClient-1-2] DEBUG org.asynchttpclient.netty.channel.ChannelManager - Adding key: http://localhost:4723 for channel [id: 0xc1ffd8a2, L:/127.0.0.1:57871 - R:localhost/127.0.0.1:4723]
01:00:50.894 [Forwarding screenshot on session 7676bb4e-8023-43db-94f7-1345704bde6c to remote] DEBUG org.asynchttpclient.netty.request.NettyRequestSender - Using pooled Channel '[id: 0xc1ffd8a2, L:/127.0.0.1:57871 - R:localhost/127.0.0.1:4723]' for 'GET' to 'http://localhost:4723/wd/hub/session/7676bb4e-8023-43db-94f7-1345704bde6c/screenshot'
01:00:50.895 [Forwarding screenshot on session 7676bb4e-8023-43db-94f7-1345704bde6c to remote] DEBUG org.asynchttpclient.netty.request.NettyRequestSender - Using open Channel [id: 0xc1ffd8a2, L:/127.0.0.1:57871 - R:localhost/127.0.0.1:4723] for GET '/wd/hub/session/7676bb4e-8023-43db-94f7-1345704bde6c/screenshot'
01:00:51.551 [AsyncHttpClient-1-2] DEBUG org.asynchttpclient.netty.handler.HttpHandler - 

Request DefaultFullHttpRequest(decodeResult: success, version: HTTP/1.1, content: EmptyByteBufBE)
GET /wd/hub/session/7676bb4e-8023-43db-94f7-1345704bde6c/screenshot HTTP/1.1
User-Agent: selenium/4.5.3 (java windows)
Cache-Control: no-cache
Content-Type: application/json; charset=utf-8
host: localhost:4723
accept: */*

Response DefaultHttpResponse(decodeResult: success, version: HTTP/1.1)
HTTP/1.1 200 OK
X-Powered-By: Express
Content-Type: application/json; charset=utf-8
ETag: W/"22e9c-KDrbJD8XR8q4Az8UZZIiWC9S8ww"
Date: Mon, 22 May 2023 06:00:51 GMT
Connection: keep-alive
content-length: 143004

01:00:51.553 [AsyncHttpClient-1-2] DEBUG org.asynchttpclient.netty.channel.ChannelManager - Adding key: http://localhost:4723 for channel [id: 0xc1ffd8a2, L:/127.0.0.1:57871 - R:localhost/127.0.0.1:4723]
01:00:51.559 [Test worker] WARN net.thucydides.core.webdriver.WebDriverFacade - Failed to take screenshot (Illegal base64 character a)
01:00:51.573 [Forwarding getPageSource on session 7676bb4e-8023-43db-94f7-1345704bde6c to remote] DEBUG org.asynchttpclient.netty.request.NettyRequestSender - Using pooled Channel '[id: 0xc1ffd8a2, L:/127.0.0.1:57871 - R:localhost/127.0.0.1:4723]' for 'GET' to 'http://localhost:4723/wd/hub/session/7676bb4e-8023-43db-94f7-1345704bde6c/source'
01:00:51.573 [Forwarding getPageSource on session 7676bb4e-8023-43db-94f7-1345704bde6c to remote] DEBUG org.asynchttpclient.netty.request.NettyRequestSender - Using open Channel [id: 0xc1ffd8a2, L:/127.0.0.1:57871 - R:localhost/127.0.0.1:4723] for GET '/wd/hub/session/7676bb4e-8023-43db-94f7-1345704bde6c/source'
01:00:51.695 [AsyncHttpClient-1-2] DEBUG org.asynchttpclient.netty.handler.HttpHandler - 

Request DefaultFullHttpRequest(decodeResult: success, version: HTTP/1.1, content: EmptyByteBufBE)
GET /wd/hub/session/7676bb4e-8023-43db-94f7-1345704bde6c/source HTTP/1.1
User-Agent: selenium/4.5.3 (java windows)
Cache-Control: no-cache
Content-Type: application/json; charset=utf-8
host: localhost:4723
accept: */*

Response DefaultHttpResponse(decodeResult: success, version: HTTP/1.1)
HTTP/1.1 200 OK
X-Powered-By: Express
Content-Type: application/json; charset=utf-8
ETag: W/"6e9c-i8uNtz2kSSHwhpIJGLJxTLkUqb0"
Date: Mon, 22 May 2023 06:00:51 GMT
Connection: keep-alive
content-length: 28316

01:00:51.695 [AsyncHttpClient-1-2] DEBUG org.asynchttpclient.netty.channel.ChannelManager - Adding key: http://localhost:4723 for channel [id: 0xc1ffd8a2, L:/127.0.0.1:57871 - R:localhost/127.0.0.1:4723]
01:00:51.755 [Test worker] DEBUG net.serenitybdd.screenplay.targets.IFrameSwitcher - default content already selected for Text No articles are here... yet
01:00:51.812 [Forwarding findElement on session 7676bb4e-8023-43db-94f7-1345704bde6c to remote] DEBUG org.asynchttpclient.netty.request.NettyRequestSender - Using pooled Channel '[id: 0xc1ffd8a2, L:/127.0.0.1:57871 - R:localhost/127.0.0.1:4723]' for 'POST' to 'http://localhost:4723/wd/hub/session/7676bb4e-8023-43db-94f7-1345704bde6c/element'
01:00:51.813 [Forwarding findElement on session 7676bb4e-8023-43db-94f7-1345704bde6c to remote] DEBUG org.asynchttpclient.netty.request.NettyRequestSender - Using open Channel [id: 0xc1ffd8a2, L:/127.0.0.1:57871 - R:localhost/127.0.0.1:4723] for POST '/wd/hub/session/7676bb4e-8023-43db-94f7-1345704bde6c/element'
01:00:52.095 [AsyncHttpClient-1-2] DEBUG org.asynchttpclient.netty.handler.HttpHandler - 

Request DefaultHttpRequest(decodeResult: success, version: HTTP/1.1)
POST /wd/hub/session/7676bb4e-8023-43db-94f7-1345704bde6c/element HTTP/1.1
User-Agent: selenium/4.5.3 (java windows)
Content-Length: 112
Content-Type: application/json; charset=utf-8
host: localhost:4723
accept: */*

Response DefaultHttpResponse(decodeResult: success, version: HTTP/1.1)
HTTP/1.1 404 Not Found
X-Powered-By: Express
Vary: X-HTTP-Method-Override
Content-Type: application/json; charset=utf-8
ETag: W/"3d1-RhTUppcC/2MFE8pvDPMMKm+gWB8"
Date: Mon, 22 May 2023 06:00:52 GMT
Connection: keep-alive
content-length: 977

01:00:52.096 [AsyncHttpClient-1-2] DEBUG org.asynchttpclient.netty.channel.ChannelManager - Adding key: http://localhost:4723 for channel [id: 0xc1ffd8a2, L:/127.0.0.1:57871 - R:localhost/127.0.0.1:4723]
01:00:52.185 [Forwarding getCurrentWindowHandle on session 7676bb4e-8023-43db-94f7-1345704bde6c to remote] DEBUG org.asynchttpclient.netty.request.NettyRequestSender - Using pooled Channel '[id: 0xc1ffd8a2, L:/127.0.0.1:57871 - R:localhost/127.0.0.1:4723]' for 'GET' to 'http://localhost:4723/wd/hub/session/7676bb4e-8023-43db-94f7-1345704bde6c/window'
01:00:52.185 [Forwarding getCurrentWindowHandle on session 7676bb4e-8023-43db-94f7-1345704bde6c to remote] DEBUG org.asynchttpclient.netty.request.NettyRequestSender - Using open Channel [id: 0xc1ffd8a2, L:/127.0.0.1:57871 - R:localhost/127.0.0.1:4723] for GET '/wd/hub/session/7676bb4e-8023-43db-94f7-1345704bde6c/window'
01:00:52.215 [AsyncHttpClient-1-2] DEBUG org.asynchttpclient.netty.handler.HttpHandler - 

Request DefaultFullHttpRequest(decodeResult: success, version: HTTP/1.1, content: EmptyByteBufBE)
GET /wd/hub/session/7676bb4e-8023-43db-94f7-1345704bde6c/window HTTP/1.1
User-Agent: selenium/4.5.3 (java windows)
Cache-Control: no-cache
Content-Type: application/json; charset=utf-8
host: localhost:4723
accept: */*

Response DefaultHttpResponse(decodeResult: success, version: HTTP/1.1)
HTTP/1.1 404 Not Found
X-Powered-By: Express
Content-Type: application/json; charset=utf-8
ETag: W/"dc9-1p46SNnIG6GxUYvzfhKldWCLeEA"
Date: Mon, 22 May 2023 06:00:52 GMT
Connection: keep-alive
content-length: 3529

01:00:52.215 [AsyncHttpClient-1-2] DEBUG org.asynchttpclient.netty.channel.ChannelManager - Adding key: http://localhost:4723 for channel [id: 0xc1ffd8a2, L:/127.0.0.1:57871 - R:localhost/127.0.0.1:4723]
01:00:52.221 [Forwarding screenshot on session 7676bb4e-8023-43db-94f7-1345704bde6c to remote] DEBUG org.asynchttpclient.netty.request.NettyRequestSender - Using pooled Channel '[id: 0xc1ffd8a2, L:/127.0.0.1:57871 - R:localhost/127.0.0.1:4723]' for 'GET' to 'http://localhost:4723/wd/hub/session/7676bb4e-8023-43db-94f7-1345704bde6c/screenshot'
01:00:52.222 [Forwarding screenshot on session 7676bb4e-8023-43db-94f7-1345704bde6c to remote] DEBUG org.asynchttpclient.netty.request.NettyRequestSender - Using open Channel [id: 0xc1ffd8a2, L:/127.0.0.1:57871 - R:localhost/127.0.0.1:4723] for GET '/wd/hub/session/7676bb4e-8023-43db-94f7-1345704bde6c/screenshot'
01:00:52.835 [AsyncHttpClient-1-2] DEBUG org.asynchttpclient.netty.handler.HttpHandler - 

Request DefaultFullHttpRequest(decodeResult: success, version: HTTP/1.1, content: EmptyByteBufBE)
GET /wd/hub/session/7676bb4e-8023-43db-94f7-1345704bde6c/screenshot HTTP/1.1
User-Agent: selenium/4.5.3 (java windows)
Cache-Control: no-cache
Content-Type: application/json; charset=utf-8
host: localhost:4723
accept: */*

Response DefaultHttpResponse(decodeResult: success, version: HTTP/1.1)
HTTP/1.1 200 OK
X-Powered-By: Express
Content-Type: application/json; charset=utf-8
ETag: W/"22e9c-KDrbJD8XR8q4Az8UZZIiWC9S8ww"
Date: Mon, 22 May 2023 06:00:52 GMT
Connection: keep-alive
content-length: 143004

01:00:52.837 [AsyncHttpClient-1-2] DEBUG org.asynchttpclient.netty.channel.ChannelManager - Adding key: http://localhost:4723 for channel [id: 0xc1ffd8a2, L:/127.0.0.1:57871 - R:localhost/127.0.0.1:4723]
01:00:52.842 [Test worker] WARN net.thucydides.core.webdriver.WebDriverFacade - Failed to take screenshot (Illegal base64 character a)
01:00:52.854 [Forwarding getPageSource on session 7676bb4e-8023-43db-94f7-1345704bde6c to remote] DEBUG org.asynchttpclient.netty.request.NettyRequestSender - Using pooled Channel '[id: 0xc1ffd8a2, L:/127.0.0.1:57871 - R:localhost/127.0.0.1:4723]' for 'GET' to 'http://localhost:4723/wd/hub/session/7676bb4e-8023-43db-94f7-1345704bde6c/source'
01:00:52.854 [Forwarding getPageSource on session 7676bb4e-8023-43db-94f7-1345704bde6c to remote] DEBUG org.asynchttpclient.netty.request.NettyRequestSender - Using open Channel [id: 0xc1ffd8a2, L:/127.0.0.1:57871 - R:localhost/127.0.0.1:4723] for GET '/wd/hub/session/7676bb4e-8023-43db-94f7-1345704bde6c/source'
01:00:52.951 [AsyncHttpClient-1-2] DEBUG org.asynchttpclient.netty.handler.HttpHandler - 

Request DefaultFullHttpRequest(decodeResult: success, version: HTTP/1.1, content: EmptyByteBufBE)
GET /wd/hub/session/7676bb4e-8023-43db-94f7-1345704bde6c/source HTTP/1.1
User-Agent: selenium/4.5.3 (java windows)
Cache-Control: no-cache
Content-Type: application/json; charset=utf-8
host: localhost:4723
accept: */*

Response DefaultHttpResponse(decodeResult: success, version: HTTP/1.1)
HTTP/1.1 200 OK
X-Powered-By: Express
Content-Type: application/json; charset=utf-8
ETag: W/"6e9c-i8uNtz2kSSHwhpIJGLJxTLkUqb0"
Date: Mon, 22 May 2023 06:00:52 GMT
Connection: keep-alive
content-length: 28316

01:00:52.951 [AsyncHttpClient-1-2] DEBUG org.asynchttpclient.netty.channel.ChannelManager - Adding key: http://localhost:4723 for channel [id: 0xc1ffd8a2, L:/127.0.0.1:57871 - R:localhost/127.0.0.1:4723]
01:00:53.063 [Test worker] ERROR  - 
  _____   ___   ___   _____     ___   ___   ___    ___    ___ 
 |_   _| | __| / __| |_   _|   | __| | _ \ | _ \  / _ \  | _ \
   | |   | _|  \__ \   | |     | _|  |   / |   / | (_) | |   /
   |_|   |___| |___/   |_|     |___| |_|_\ |_|_\  \___/  |_|_\

Try to log in with valid credentials
---------------------------------------------------------------
01:00:53.067 [Test worker] DEBUG  - RELATED ISSUES: 
01:00:53.071 [Test worker] ERROR  -     Test failed at step: Then successful credentials should be a string containing 'No articles are here'
01:00:53.072 [Test worker] ERROR  -     An element could not be located on the page using the given search parameters.
01:00:53.232 [Forwarding quit on session 7676bb4e-8023-43db-94f7-1345704bde6c to remote] DEBUG org.asynchttpclient.netty.request.NettyRequestSender - Using pooled Channel '[id: 0xc1ffd8a2, L:/127.0.0.1:57871 - R:localhost/127.0.0.1:4723]' for 'DELETE' to 'http://localhost:4723/wd/hub/session/7676bb4e-8023-43db-94f7-1345704bde6c'
01:00:53.233 [Forwarding quit on session 7676bb4e-8023-43db-94f7-1345704bde6c to remote] DEBUG org.asynchttpclient.netty.request.NettyRequestSender - Using open Channel [id: 0xc1ffd8a2, L:/127.0.0.1:57871 - R:localhost/127.0.0.1:4723] for DELETE '/wd/hub/session/7676bb4e-8023-43db-94f7-1345704bde6c'
01:00:54.452 [AsyncHttpClient-1-2] DEBUG org.asynchttpclient.netty.handler.HttpHandler - 

Request DefaultFullHttpRequest(decodeResult: success, version: HTTP/1.1, content: EmptyByteBufBE)
DELETE /wd/hub/session/7676bb4e-8023-43db-94f7-1345704bde6c HTTP/1.1
User-Agent: selenium/4.5.3 (java windows)
Content-Type: application/json; charset=utf-8
host: localhost:4723
accept: */*

Response DefaultHttpResponse(decodeResult: success, version: HTTP/1.1)
HTTP/1.1 200 OK
X-Powered-By: Express
Content-Type: application/json; charset=utf-8
ETag: W/"e-9/1BuKMgFObM1mWJm+YjxtXJnUM"
Date: Mon, 22 May 2023 06:00:54 GMT
Connection: keep-alive
content-length: 14

01:00:54.452 [AsyncHttpClient-1-2] DEBUG org.asynchttpclient.netty.channel.ChannelManager - Adding key: http://localhost:4723 for channel [id: 0xc1ffd8a2, L:/127.0.0.1:57871 - R:localhost/127.0.0.1:4723]
01:00:54.466 [Test worker] INFO io.cucumber.core.plugin.SerenityReporter - Running feature from file:///D:/Pruebas%20empresas/Acid%20Labs/Solucion/Mobile/DesafioMobile/src/test/resources/features/login/log_in.feature
01:00:54.471 [Test worker] INFO  - 
  _____   ___   ___   _____     ___   _____     _     ___   _____   ___   ___  
 |_   _| | __| / __| |_   _|   / __| |_   _|   /_\   | _ \ |_   _| | __| |   \ 
   | |   | _|  \__ \   | |     \__ \   | |    / _ \  |   /   | |   | _|  | |) |
   |_|   |___| |___/   |_|     |___/   |_|   /_/ \_\ |_|_\   |_|   |___| |___/ 

Try to log in with not valid credentials(log-in;try-to-log-in-with-not-valid-credentials)
--------------------------------------------------------------------------------
01:00:54.525 [Forwarding newSession on session null to remote] DEBUG org.asynchttpclient.netty.request.NettyRequestSender - Using pooled Channel '[id: 0xc1ffd8a2, L:/127.0.0.1:57871 - R:localhost/127.0.0.1:4723]' for 'POST' to 'http://localhost:4723/wd/hub/session'
01:00:54.525 [Forwarding newSession on session null to remote] DEBUG org.asynchttpclient.netty.request.NettyRequestSender - Using open Channel [id: 0xc1ffd8a2, L:/127.0.0.1:57871 - R:localhost/127.0.0.1:4723] for POST '/wd/hub/session'
01:01:05.533 [AsyncHttpClient-1-2] DEBUG org.asynchttpclient.netty.handler.HttpHandler - 

Request DefaultHttpRequest(decodeResult: success, version: HTTP/1.1)
POST /wd/hub/session HTTP/1.1
X-Idempotency-Key: 21e0f32b-cad8-4507-8aab-8091fb46caac
User-Agent: selenium/4.5.3 (java windows)
Content-Length: 649
Content-Type: application/json; charset=utf-8
host: localhost:4723
accept: */*

Response DefaultHttpResponse(decodeResult: success, version: HTTP/1.1)
HTTP/1.1 200 OK
X-Powered-By: Express
Vary: X-HTTP-Method-Override
Content-Type: application/json; charset=utf-8
ETag: W/"524-jnGlfWYGmH30jhCVUWa15xu2/iE"
Date: Mon, 22 May 2023 06:01:05 GMT
Connection: keep-alive
content-length: 1316

01:01:05.534 [AsyncHttpClient-1-2] DEBUG org.asynchttpclient.netty.channel.ChannelManager - Adding key: http://localhost:4723 for channel [id: 0xc1ffd8a2, L:/127.0.0.1:57871 - R:localhost/127.0.0.1:4723]
01:01:05.646 [Forwarding getCurrentWindowHandle on session 3de67c48-2a11-45f7-8da8-bb2b57309e07 to remote] DEBUG org.asynchttpclient.netty.request.NettyRequestSender - Using pooled Channel '[id: 0xc1ffd8a2, L:/127.0.0.1:57871 - R:localhost/127.0.0.1:4723]' for 'GET' to 'http://localhost:4723/wd/hub/session/3de67c48-2a11-45f7-8da8-bb2b57309e07/window'
01:01:05.646 [Forwarding getCurrentWindowHandle on session 3de67c48-2a11-45f7-8da8-bb2b57309e07 to remote] DEBUG org.asynchttpclient.netty.request.NettyRequestSender - Using open Channel [id: 0xc1ffd8a2, L:/127.0.0.1:57871 - R:localhost/127.0.0.1:4723] for GET '/wd/hub/session/3de67c48-2a11-45f7-8da8-bb2b57309e07/window'
01:01:05.680 [AsyncHttpClient-1-2] DEBUG org.asynchttpclient.netty.handler.HttpHandler - 

Request DefaultFullHttpRequest(decodeResult: success, version: HTTP/1.1, content: EmptyByteBufBE)
GET /wd/hub/session/3de67c48-2a11-45f7-8da8-bb2b57309e07/window HTTP/1.1
User-Agent: selenium/4.5.3 (java windows)
Cache-Control: no-cache
Content-Type: application/json; charset=utf-8
host: localhost:4723
accept: */*

Response DefaultHttpResponse(decodeResult: success, version: HTTP/1.1)
HTTP/1.1 404 Not Found
X-Powered-By: Express
Content-Type: application/json; charset=utf-8
ETag: W/"dc9-1p46SNnIG6GxUYvzfhKldWCLeEA"
Date: Mon, 22 May 2023 06:01:05 GMT
Connection: keep-alive
content-length: 3529

01:01:05.681 [AsyncHttpClient-1-2] DEBUG org.asynchttpclient.netty.channel.ChannelManager - Adding key: http://localhost:4723 for channel [id: 0xc1ffd8a2, L:/127.0.0.1:57871 - R:localhost/127.0.0.1:4723]
01:01:05.686 [Forwarding screenshot on session 3de67c48-2a11-45f7-8da8-bb2b57309e07 to remote] DEBUG org.asynchttpclient.netty.request.NettyRequestSender - Using pooled Channel '[id: 0xc1ffd8a2, L:/127.0.0.1:57871 - R:localhost/127.0.0.1:4723]' for 'GET' to 'http://localhost:4723/wd/hub/session/3de67c48-2a11-45f7-8da8-bb2b57309e07/screenshot'
01:01:05.686 [Forwarding screenshot on session 3de67c48-2a11-45f7-8da8-bb2b57309e07 to remote] DEBUG org.asynchttpclient.netty.request.NettyRequestSender - Using open Channel [id: 0xc1ffd8a2, L:/127.0.0.1:57871 - R:localhost/127.0.0.1:4723] for GET '/wd/hub/session/3de67c48-2a11-45f7-8da8-bb2b57309e07/screenshot'
01:01:06.712 [AsyncHttpClient-1-2] DEBUG org.asynchttpclient.netty.handler.HttpHandler - 

Request DefaultFullHttpRequest(decodeResult: success, version: HTTP/1.1, content: EmptyByteBufBE)
GET /wd/hub/session/3de67c48-2a11-45f7-8da8-bb2b57309e07/screenshot HTTP/1.1
User-Agent: selenium/4.5.3 (java windows)
Cache-Control: no-cache
Content-Type: application/json; charset=utf-8
host: localhost:4723
accept: */*

Response DefaultHttpResponse(decodeResult: success, version: HTTP/1.1)
HTTP/1.1 200 OK
X-Powered-By: Express
Content-Type: application/json; charset=utf-8
ETag: W/"e6a6-Z7L0GWeiwv0BCFKAAAkSmbv4qJ4"
Date: Mon, 22 May 2023 06:01:06 GMT
Connection: keep-alive
content-length: 59046

01:01:06.714 [AsyncHttpClient-1-2] DEBUG org.asynchttpclient.netty.channel.ChannelManager - Adding key: http://localhost:4723 for channel [id: 0xc1ffd8a2, L:/127.0.0.1:57871 - R:localhost/127.0.0.1:4723]
01:01:06.718 [Test worker] WARN net.thucydides.core.webdriver.WebDriverFacade - Failed to take screenshot (Illegal base64 character a)
01:01:06.743 [Forwarding getPageSource on session 3de67c48-2a11-45f7-8da8-bb2b57309e07 to remote] DEBUG org.asynchttpclient.netty.request.NettyRequestSender - Using pooled Channel '[id: 0xc1ffd8a2, L:/127.0.0.1:57871 - R:localhost/127.0.0.1:4723]' for 'GET' to 'http://localhost:4723/wd/hub/session/3de67c48-2a11-45f7-8da8-bb2b57309e07/source'
01:01:06.744 [Forwarding getPageSource on session 3de67c48-2a11-45f7-8da8-bb2b57309e07 to remote] DEBUG org.asynchttpclient.netty.request.NettyRequestSender - Using open Channel [id: 0xc1ffd8a2, L:/127.0.0.1:57871 - R:localhost/127.0.0.1:4723] for GET '/wd/hub/session/3de67c48-2a11-45f7-8da8-bb2b57309e07/source'
01:01:06.946 [AsyncHttpClient-1-2] DEBUG org.asynchttpclient.netty.handler.HttpHandler - 

Request DefaultFullHttpRequest(decodeResult: success, version: HTTP/1.1, content: EmptyByteBufBE)
GET /wd/hub/session/3de67c48-2a11-45f7-8da8-bb2b57309e07/source HTTP/1.1
User-Agent: selenium/4.5.3 (java windows)
Cache-Control: no-cache
Content-Type: application/json; charset=utf-8
host: localhost:4723
accept: */*

Response DefaultHttpResponse(decodeResult: success, version: HTTP/1.1)
HTTP/1.1 200 OK
X-Powered-By: Express
Content-Type: application/json; charset=utf-8
ETag: W/"1010-DC26WqueIf8O3DepHsIglpZXdNU"
Date: Mon, 22 May 2023 06:01:06 GMT
Connection: keep-alive
content-length: 4112

01:01:06.946 [AsyncHttpClient-1-2] DEBUG org.asynchttpclient.netty.channel.ChannelManager - Adding key: http://localhost:4723 for channel [id: 0xc1ffd8a2, L:/127.0.0.1:57871 - R:localhost/127.0.0.1:4723]
01:01:06.958 [Test worker] DEBUG net.thucydides.core.steps.StepInterceptor - STARTING STEP: LogInStep.john_want_to_create_a_new_post - performAs
01:01:07.147 [Forwarding getCurrentWindowHandle on session 3de67c48-2a11-45f7-8da8-bb2b57309e07 to remote] DEBUG org.asynchttpclient.netty.request.NettyRequestSender - Using pooled Channel '[id: 0xc1ffd8a2, L:/127.0.0.1:57871 - R:localhost/127.0.0.1:4723]' for 'GET' to 'http://localhost:4723/wd/hub/session/3de67c48-2a11-45f7-8da8-bb2b57309e07/window'
01:01:07.148 [Forwarding getCurrentWindowHandle on session 3de67c48-2a11-45f7-8da8-bb2b57309e07 to remote] DEBUG org.asynchttpclient.netty.request.NettyRequestSender - Using open Channel [id: 0xc1ffd8a2, L:/127.0.0.1:57871 - R:localhost/127.0.0.1:4723] for GET '/wd/hub/session/3de67c48-2a11-45f7-8da8-bb2b57309e07/window'
01:01:07.176 [AsyncHttpClient-1-2] DEBUG org.asynchttpclient.netty.handler.HttpHandler - 

Request DefaultFullHttpRequest(decodeResult: success, version: HTTP/1.1, content: EmptyByteBufBE)
GET /wd/hub/session/3de67c48-2a11-45f7-8da8-bb2b57309e07/window HTTP/1.1
User-Agent: selenium/4.5.3 (java windows)
Cache-Control: no-cache
Content-Type: application/json; charset=utf-8
host: localhost:4723
accept: */*

Response DefaultHttpResponse(decodeResult: success, version: HTTP/1.1)
HTTP/1.1 404 Not Found
X-Powered-By: Express
Content-Type: application/json; charset=utf-8
ETag: W/"dc9-1p46SNnIG6GxUYvzfhKldWCLeEA"
Date: Mon, 22 May 2023 06:01:07 GMT
Connection: keep-alive
content-length: 3529

01:01:07.177 [AsyncHttpClient-1-2] DEBUG org.asynchttpclient.netty.channel.ChannelManager - Adding key: http://localhost:4723 for channel [id: 0xc1ffd8a2, L:/127.0.0.1:57871 - R:localhost/127.0.0.1:4723]
01:01:07.181 [Forwarding screenshot on session 3de67c48-2a11-45f7-8da8-bb2b57309e07 to remote] DEBUG org.asynchttpclient.netty.request.NettyRequestSender - Using pooled Channel '[id: 0xc1ffd8a2, L:/127.0.0.1:57871 - R:localhost/127.0.0.1:4723]' for 'GET' to 'http://localhost:4723/wd/hub/session/3de67c48-2a11-45f7-8da8-bb2b57309e07/screenshot'
01:01:07.181 [Forwarding screenshot on session 3de67c48-2a11-45f7-8da8-bb2b57309e07 to remote] DEBUG org.asynchttpclient.netty.request.NettyRequestSender - Using open Channel [id: 0xc1ffd8a2, L:/127.0.0.1:57871 - R:localhost/127.0.0.1:4723] for GET '/wd/hub/session/3de67c48-2a11-45f7-8da8-bb2b57309e07/screenshot'
01:01:08.298 [AsyncHttpClient-1-2] DEBUG org.asynchttpclient.netty.handler.HttpHandler - 

Request DefaultFullHttpRequest(decodeResult: success, version: HTTP/1.1, content: EmptyByteBufBE)
GET /wd/hub/session/3de67c48-2a11-45f7-8da8-bb2b57309e07/screenshot HTTP/1.1
User-Agent: selenium/4.5.3 (java windows)
Cache-Control: no-cache
Content-Type: application/json; charset=utf-8
host: localhost:4723
accept: */*

Response DefaultHttpResponse(decodeResult: success, version: HTTP/1.1)
HTTP/1.1 200 OK
X-Powered-By: Express
Content-Type: application/json; charset=utf-8
ETag: W/"7ec8-UMzWylXoI/znhXlEKPTrde+QWzo"
Date: Mon, 22 May 2023 06:01:08 GMT
Connection: keep-alive
content-length: 32456

01:01:08.300 [AsyncHttpClient-1-2] DEBUG org.asynchttpclient.netty.channel.ChannelManager - Adding key: http://localhost:4723 for channel [id: 0xc1ffd8a2, L:/127.0.0.1:57871 - R:localhost/127.0.0.1:4723]
01:01:08.314 [Test worker] WARN net.thucydides.core.webdriver.WebDriverFacade - Failed to take screenshot (Illegal base64 character a)
01:01:08.344 [Forwarding getPageSource on session 3de67c48-2a11-45f7-8da8-bb2b57309e07 to remote] DEBUG org.asynchttpclient.netty.request.NettyRequestSender - Using pooled Channel '[id: 0xc1ffd8a2, L:/127.0.0.1:57871 - R:localhost/127.0.0.1:4723]' for 'GET' to 'http://localhost:4723/wd/hub/session/3de67c48-2a11-45f7-8da8-bb2b57309e07/source'
01:01:08.344 [Forwarding getPageSource on session 3de67c48-2a11-45f7-8da8-bb2b57309e07 to remote] DEBUG org.asynchttpclient.netty.request.NettyRequestSender - Using open Channel [id: 0xc1ffd8a2, L:/127.0.0.1:57871 - R:localhost/127.0.0.1:4723] for GET '/wd/hub/session/3de67c48-2a11-45f7-8da8-bb2b57309e07/source'
01:01:08.944 [AsyncHttpClient-1-2] DEBUG org.asynchttpclient.netty.handler.HttpHandler - 

Request DefaultFullHttpRequest(decodeResult: success, version: HTTP/1.1, content: EmptyByteBufBE)
GET /wd/hub/session/3de67c48-2a11-45f7-8da8-bb2b57309e07/source HTTP/1.1
User-Agent: selenium/4.5.3 (java windows)
Cache-Control: no-cache
Content-Type: application/json; charset=utf-8
host: localhost:4723
accept: */*

Response DefaultHttpResponse(decodeResult: success, version: HTTP/1.1)
HTTP/1.1 200 OK
X-Powered-By: Express
Content-Type: application/json; charset=utf-8
ETag: W/"50cd-lD+o/sml2F1axzw4sJGGCjcFUGM"
Date: Mon, 22 May 2023 06:01:08 GMT
Connection: keep-alive
content-length: 20685

01:01:08.946 [AsyncHttpClient-1-2] DEBUG org.asynchttpclient.netty.channel.ChannelManager - Adding key: http://localhost:4723 for channel [id: 0xc1ffd8a2, L:/127.0.0.1:57871 - R:localhost/127.0.0.1:4723]
01:01:08.963 [Test worker] DEBUG net.thucydides.core.steps.StepInterceptor - STARTING STEP: NavigateTo.performAs - {0} clicks on #target
01:01:08.967 [Test worker] DEBUG net.serenitybdd.screenplay.targets.IFrameSwitcher - default content already selected for Login Screen Link
01:01:08.993 [AsyncHttpClient-1-1] DEBUG org.asynchttpclient.netty.channel.DefaultChannelPool - Entry count for : http://localhost:4723 : 1
01:01:09.194 [Forwarding findElement on session 3de67c48-2a11-45f7-8da8-bb2b57309e07 to remote] DEBUG org.asynchttpclient.netty.request.NettyRequestSender - Using pooled Channel '[id: 0xc1ffd8a2, L:/127.0.0.1:57871 - R:localhost/127.0.0.1:4723]' for 'POST' to 'http://localhost:4723/wd/hub/session/3de67c48-2a11-45f7-8da8-bb2b57309e07/element'
01:01:09.194 [Forwarding findElement on session 3de67c48-2a11-45f7-8da8-bb2b57309e07 to remote] DEBUG org.asynchttpclient.netty.request.NettyRequestSender - Using open Channel [id: 0xc1ffd8a2, L:/127.0.0.1:57871 - R:localhost/127.0.0.1:4723] for POST '/wd/hub/session/3de67c48-2a11-45f7-8da8-bb2b57309e07/element'
01:01:10.936 [AsyncHttpClient-1-2] DEBUG org.asynchttpclient.netty.handler.HttpHandler - 

Request DefaultHttpRequest(decodeResult: success, version: HTTP/1.1)
POST /wd/hub/session/3de67c48-2a11-45f7-8da8-bb2b57309e07/element HTTP/1.1
User-Agent: selenium/4.5.3 (java windows)
Content-Length: 136
Content-Type: application/json; charset=utf-8
host: localhost:4723
accept: */*

Response DefaultHttpResponse(decodeResult: success, version: HTTP/1.1)
HTTP/1.1 200 OK
X-Powered-By: Express
Vary: X-HTTP-Method-Override
Content-Type: application/json; charset=utf-8
ETag: W/"89-aLdh4huIWmIT/i84l6H8tNxKBXM"
Date: Mon, 22 May 2023 06:01:10 GMT
Connection: keep-alive
content-length: 137

01:01:10.936 [AsyncHttpClient-1-2] DEBUG org.asynchttpclient.netty.channel.ChannelManager - Adding key: http://localhost:4723 for channel [id: 0xc1ffd8a2, L:/127.0.0.1:57871 - R:localhost/127.0.0.1:4723]
01:01:10.952 [Forwarding isElementDisplayed on session 3de67c48-2a11-45f7-8da8-bb2b57309e07 to remote] DEBUG org.asynchttpclient.netty.request.NettyRequestSender - Using pooled Channel '[id: 0xc1ffd8a2, L:/127.0.0.1:57871 - R:localhost/127.0.0.1:4723]' for 'GET' to 'http://localhost:4723/wd/hub/session/3de67c48-2a11-45f7-8da8-bb2b57309e07/element/00000000-0000-0154-ffff-ffff00000027/displayed'
01:01:10.952 [Forwarding isElementDisplayed on session 3de67c48-2a11-45f7-8da8-bb2b57309e07 to remote] DEBUG org.asynchttpclient.netty.request.NettyRequestSender - Using open Channel [id: 0xc1ffd8a2, L:/127.0.0.1:57871 - R:localhost/127.0.0.1:4723] for GET '/wd/hub/session/3de67c48-2a11-45f7-8da8-bb2b57309e07/element/00000000-0000-0154-ffff-ffff00000027/displayed'
01:01:10.980 [AsyncHttpClient-1-2] DEBUG org.asynchttpclient.netty.handler.HttpHandler - 

Request DefaultFullHttpRequest(decodeResult: success, version: HTTP/1.1, content: EmptyByteBufBE)
GET /wd/hub/session/3de67c48-2a11-45f7-8da8-bb2b57309e07/element/00000000-0000-0154-ffff-ffff00000027/displayed HTTP/1.1
User-Agent: selenium/4.5.3 (java windows)
Cache-Control: no-cache
Content-Type: application/json; charset=utf-8
host: localhost:4723
accept: */*

Response DefaultHttpResponse(decodeResult: success, version: HTTP/1.1)
HTTP/1.1 200 OK
X-Powered-By: Express
Content-Type: application/json; charset=utf-8
ETag: W/"e-2ZHvAWebNQpyjGZTg6uyV8/spTo"
Date: Mon, 22 May 2023 06:01:10 GMT
Connection: keep-alive
content-length: 14

01:01:10.981 [AsyncHttpClient-1-2] DEBUG org.asynchttpclient.netty.channel.ChannelManager - Adding key: http://localhost:4723 for channel [id: 0xc1ffd8a2, L:/127.0.0.1:57871 - R:localhost/127.0.0.1:4723]
01:01:11.015 [Forwarding findElement on session 3de67c48-2a11-45f7-8da8-bb2b57309e07 to remote] DEBUG org.asynchttpclient.netty.request.NettyRequestSender - Using pooled Channel '[id: 0xc1ffd8a2, L:/127.0.0.1:57871 - R:localhost/127.0.0.1:4723]' for 'POST' to 'http://localhost:4723/wd/hub/session/3de67c48-2a11-45f7-8da8-bb2b57309e07/element'
01:01:11.015 [Forwarding findElement on session 3de67c48-2a11-45f7-8da8-bb2b57309e07 to remote] DEBUG org.asynchttpclient.netty.request.NettyRequestSender - Using open Channel [id: 0xc1ffd8a2, L:/127.0.0.1:57871 - R:localhost/127.0.0.1:4723] for POST '/wd/hub/session/3de67c48-2a11-45f7-8da8-bb2b57309e07/element'
01:01:11.197 [AsyncHttpClient-1-2] DEBUG org.asynchttpclient.netty.handler.HttpHandler - 

Request DefaultHttpRequest(decodeResult: success, version: HTTP/1.1)
POST /wd/hub/session/3de67c48-2a11-45f7-8da8-bb2b57309e07/element HTTP/1.1
User-Agent: selenium/4.5.3 (java windows)
Content-Length: 136
Content-Type: application/json; charset=utf-8
host: localhost:4723
accept: */*

Response DefaultHttpResponse(decodeResult: success, version: HTTP/1.1)
HTTP/1.1 200 OK
X-Powered-By: Express
Vary: X-HTTP-Method-Override
Content-Type: application/json; charset=utf-8
ETag: W/"89-aLdh4huIWmIT/i84l6H8tNxKBXM"
Date: Mon, 22 May 2023 06:01:11 GMT
Connection: keep-alive
content-length: 137

01:01:11.198 [AsyncHttpClient-1-2] DEBUG org.asynchttpclient.netty.channel.ChannelManager - Adding key: http://localhost:4723 for channel [id: 0xc1ffd8a2, L:/127.0.0.1:57871 - R:localhost/127.0.0.1:4723]
01:01:11.200 [Forwarding clickElement on session 3de67c48-2a11-45f7-8da8-bb2b57309e07 to remote] DEBUG org.asynchttpclient.netty.request.NettyRequestSender - Using pooled Channel '[id: 0xc1ffd8a2, L:/127.0.0.1:57871 - R:localhost/127.0.0.1:4723]' for 'POST' to 'http://localhost:4723/wd/hub/session/3de67c48-2a11-45f7-8da8-bb2b57309e07/element/00000000-0000-0154-ffff-ffff00000027/click'
01:01:11.200 [Forwarding clickElement on session 3de67c48-2a11-45f7-8da8-bb2b57309e07 to remote] DEBUG org.asynchttpclient.netty.request.NettyRequestSender - Using open Channel [id: 0xc1ffd8a2, L:/127.0.0.1:57871 - R:localhost/127.0.0.1:4723] for POST '/wd/hub/session/3de67c48-2a11-45f7-8da8-bb2b57309e07/element/00000000-0000-0154-ffff-ffff00000027/click'
01:01:11.290 [AsyncHttpClient-1-2] DEBUG org.asynchttpclient.netty.handler.HttpHandler - 

Request DefaultHttpRequest(decodeResult: success, version: HTTP/1.1)
POST /wd/hub/session/3de67c48-2a11-45f7-8da8-bb2b57309e07/element/00000000-0000-0154-ffff-ffff00000027/click HTTP/1.1
User-Agent: selenium/4.5.3 (java windows)
Content-Length: 50
Content-Type: application/json; charset=utf-8
host: localhost:4723
accept: */*

Response DefaultHttpResponse(decodeResult: success, version: HTTP/1.1)
HTTP/1.1 200 OK
X-Powered-By: Express
Vary: X-HTTP-Method-Override
Content-Type: application/json; charset=utf-8
ETag: W/"e-9/1BuKMgFObM1mWJm+YjxtXJnUM"
Date: Mon, 22 May 2023 06:01:11 GMT
Connection: keep-alive
content-length: 14

01:01:11.291 [AsyncHttpClient-1-2] DEBUG org.asynchttpclient.netty.channel.ChannelManager - Adding key: http://localhost:4723 for channel [id: 0xc1ffd8a2, L:/127.0.0.1:57871 - R:localhost/127.0.0.1:4723]
01:01:11.426 [Forwarding getCurrentWindowHandle on session 3de67c48-2a11-45f7-8da8-bb2b57309e07 to remote] DEBUG org.asynchttpclient.netty.request.NettyRequestSender - Using pooled Channel '[id: 0xc1ffd8a2, L:/127.0.0.1:57871 - R:localhost/127.0.0.1:4723]' for 'GET' to 'http://localhost:4723/wd/hub/session/3de67c48-2a11-45f7-8da8-bb2b57309e07/window'
01:01:11.427 [Forwarding getCurrentWindowHandle on session 3de67c48-2a11-45f7-8da8-bb2b57309e07 to remote] DEBUG org.asynchttpclient.netty.request.NettyRequestSender - Using open Channel [id: 0xc1ffd8a2, L:/127.0.0.1:57871 - R:localhost/127.0.0.1:4723] for GET '/wd/hub/session/3de67c48-2a11-45f7-8da8-bb2b57309e07/window'
01:01:11.449 [AsyncHttpClient-1-2] DEBUG org.asynchttpclient.netty.handler.HttpHandler - 

Request DefaultFullHttpRequest(decodeResult: success, version: HTTP/1.1, content: EmptyByteBufBE)
GET /wd/hub/session/3de67c48-2a11-45f7-8da8-bb2b57309e07/window HTTP/1.1
User-Agent: selenium/4.5.3 (java windows)
Cache-Control: no-cache
Content-Type: application/json; charset=utf-8
host: localhost:4723
accept: */*

Response DefaultHttpResponse(decodeResult: success, version: HTTP/1.1)
HTTP/1.1 404 Not Found
X-Powered-By: Express
Content-Type: application/json; charset=utf-8
ETag: W/"dc9-1p46SNnIG6GxUYvzfhKldWCLeEA"
Date: Mon, 22 May 2023 06:01:11 GMT
Connection: keep-alive
content-length: 3529

01:01:11.450 [AsyncHttpClient-1-2] DEBUG org.asynchttpclient.netty.channel.ChannelManager - Adding key: http://localhost:4723 for channel [id: 0xc1ffd8a2, L:/127.0.0.1:57871 - R:localhost/127.0.0.1:4723]
01:01:11.454 [Forwarding screenshot on session 3de67c48-2a11-45f7-8da8-bb2b57309e07 to remote] DEBUG org.asynchttpclient.netty.request.NettyRequestSender - Using pooled Channel '[id: 0xc1ffd8a2, L:/127.0.0.1:57871 - R:localhost/127.0.0.1:4723]' for 'GET' to 'http://localhost:4723/wd/hub/session/3de67c48-2a11-45f7-8da8-bb2b57309e07/screenshot'
01:01:11.454 [Forwarding screenshot on session 3de67c48-2a11-45f7-8da8-bb2b57309e07 to remote] DEBUG org.asynchttpclient.netty.request.NettyRequestSender - Using open Channel [id: 0xc1ffd8a2, L:/127.0.0.1:57871 - R:localhost/127.0.0.1:4723] for GET '/wd/hub/session/3de67c48-2a11-45f7-8da8-bb2b57309e07/screenshot'
01:01:12.353 [AsyncHttpClient-1-2] DEBUG org.asynchttpclient.netty.handler.HttpHandler - 

Request DefaultFullHttpRequest(decodeResult: success, version: HTTP/1.1, content: EmptyByteBufBE)
GET /wd/hub/session/3de67c48-2a11-45f7-8da8-bb2b57309e07/screenshot HTTP/1.1
User-Agent: selenium/4.5.3 (java windows)
Cache-Control: no-cache
Content-Type: application/json; charset=utf-8
host: localhost:4723
accept: */*

Response DefaultHttpResponse(decodeResult: success, version: HTTP/1.1)
HTTP/1.1 200 OK
X-Powered-By: Express
Content-Type: application/json; charset=utf-8
ETag: W/"23bc2-LLbTvSHg29rYs+LRmkxOff3T1Bw"
Date: Mon, 22 May 2023 06:01:12 GMT
Connection: keep-alive
content-length: 146370

01:01:12.355 [AsyncHttpClient-1-2] DEBUG org.asynchttpclient.netty.channel.ChannelManager - Adding key: http://localhost:4723 for channel [id: 0xc1ffd8a2, L:/127.0.0.1:57871 - R:localhost/127.0.0.1:4723]
01:01:12.360 [Test worker] WARN net.thucydides.core.webdriver.WebDriverFacade - Failed to take screenshot (Illegal base64 character a)
01:01:12.361 [Test worker] DEBUG net.thucydides.core.steps.StepInterceptor - STEP DONE: {0} clicks on #target
01:01:12.426 [Forwarding getCurrentWindowHandle on session 3de67c48-2a11-45f7-8da8-bb2b57309e07 to remote] DEBUG org.asynchttpclient.netty.request.NettyRequestSender - Using pooled Channel '[id: 0xc1ffd8a2, L:/127.0.0.1:57871 - R:localhost/127.0.0.1:4723]' for 'GET' to 'http://localhost:4723/wd/hub/session/3de67c48-2a11-45f7-8da8-bb2b57309e07/window'
01:01:12.426 [Forwarding getCurrentWindowHandle on session 3de67c48-2a11-45f7-8da8-bb2b57309e07 to remote] DEBUG org.asynchttpclient.netty.request.NettyRequestSender - Using open Channel [id: 0xc1ffd8a2, L:/127.0.0.1:57871 - R:localhost/127.0.0.1:4723] for GET '/wd/hub/session/3de67c48-2a11-45f7-8da8-bb2b57309e07/window'
01:01:12.442 [AsyncHttpClient-1-2] DEBUG org.asynchttpclient.netty.handler.HttpHandler - 

Request DefaultFullHttpRequest(decodeResult: success, version: HTTP/1.1, content: EmptyByteBufBE)
GET /wd/hub/session/3de67c48-2a11-45f7-8da8-bb2b57309e07/window HTTP/1.1
User-Agent: selenium/4.5.3 (java windows)
Cache-Control: no-cache
Content-Type: application/json; charset=utf-8
host: localhost:4723
accept: */*

Response DefaultHttpResponse(decodeResult: success, version: HTTP/1.1)
HTTP/1.1 404 Not Found
X-Powered-By: Express
Content-Type: application/json; charset=utf-8
ETag: W/"dc9-1p46SNnIG6GxUYvzfhKldWCLeEA"
Date: Mon, 22 May 2023 06:01:12 GMT
Connection: keep-alive
content-length: 3529

01:01:12.443 [AsyncHttpClient-1-2] DEBUG org.asynchttpclient.netty.channel.ChannelManager - Adding key: http://localhost:4723 for channel [id: 0xc1ffd8a2, L:/127.0.0.1:57871 - R:localhost/127.0.0.1:4723]
01:01:12.446 [Forwarding screenshot on session 3de67c48-2a11-45f7-8da8-bb2b57309e07 to remote] DEBUG org.asynchttpclient.netty.request.NettyRequestSender - Using pooled Channel '[id: 0xc1ffd8a2, L:/127.0.0.1:57871 - R:localhost/127.0.0.1:4723]' for 'GET' to 'http://localhost:4723/wd/hub/session/3de67c48-2a11-45f7-8da8-bb2b57309e07/screenshot'
01:01:12.446 [Forwarding screenshot on session 3de67c48-2a11-45f7-8da8-bb2b57309e07 to remote] DEBUG org.asynchttpclient.netty.request.NettyRequestSender - Using open Channel [id: 0xc1ffd8a2, L:/127.0.0.1:57871 - R:localhost/127.0.0.1:4723] for GET '/wd/hub/session/3de67c48-2a11-45f7-8da8-bb2b57309e07/screenshot'
01:01:12.954 [AsyncHttpClient-1-2] DEBUG org.asynchttpclient.netty.handler.HttpHandler - 

Request DefaultFullHttpRequest(decodeResult: success, version: HTTP/1.1, content: EmptyByteBufBE)
GET /wd/hub/session/3de67c48-2a11-45f7-8da8-bb2b57309e07/screenshot HTTP/1.1
User-Agent: selenium/4.5.3 (java windows)
Cache-Control: no-cache
Content-Type: application/json; charset=utf-8
host: localhost:4723
accept: */*

Response DefaultHttpResponse(decodeResult: success, version: HTTP/1.1)
HTTP/1.1 200 OK
X-Powered-By: Express
Content-Type: application/json; charset=utf-8
ETag: W/"1b50a-gF8J0Fiswk+tiwo0K209B087LHA"
Date: Mon, 22 May 2023 06:01:12 GMT
Connection: keep-alive
content-length: 111882

01:01:12.956 [AsyncHttpClient-1-2] DEBUG org.asynchttpclient.netty.channel.ChannelManager - Adding key: http://localhost:4723 for channel [id: 0xc1ffd8a2, L:/127.0.0.1:57871 - R:localhost/127.0.0.1:4723]
01:01:12.962 [Test worker] WARN net.thucydides.core.webdriver.WebDriverFacade - Failed to take screenshot (Illegal base64 character a)
01:01:12.962 [Test worker] DEBUG net.thucydides.core.steps.StepInterceptor - STEP DONE: performAs
01:01:13.023 [Forwarding getCurrentWindowHandle on session 3de67c48-2a11-45f7-8da8-bb2b57309e07 to remote] DEBUG org.asynchttpclient.netty.request.NettyRequestSender - Using pooled Channel '[id: 0xc1ffd8a2, L:/127.0.0.1:57871 - R:localhost/127.0.0.1:4723]' for 'GET' to 'http://localhost:4723/wd/hub/session/3de67c48-2a11-45f7-8da8-bb2b57309e07/window'
01:01:13.023 [Forwarding getCurrentWindowHandle on session 3de67c48-2a11-45f7-8da8-bb2b57309e07 to remote] DEBUG org.asynchttpclient.netty.request.NettyRequestSender - Using open Channel [id: 0xc1ffd8a2, L:/127.0.0.1:57871 - R:localhost/127.0.0.1:4723] for GET '/wd/hub/session/3de67c48-2a11-45f7-8da8-bb2b57309e07/window'
01:01:13.047 [AsyncHttpClient-1-2] DEBUG org.asynchttpclient.netty.handler.HttpHandler - 

Request DefaultFullHttpRequest(decodeResult: success, version: HTTP/1.1, content: EmptyByteBufBE)
GET /wd/hub/session/3de67c48-2a11-45f7-8da8-bb2b57309e07/window HTTP/1.1
User-Agent: selenium/4.5.3 (java windows)
Cache-Control: no-cache
Content-Type: application/json; charset=utf-8
host: localhost:4723
accept: */*

Response DefaultHttpResponse(decodeResult: success, version: HTTP/1.1)
HTTP/1.1 404 Not Found
X-Powered-By: Express
Content-Type: application/json; charset=utf-8
ETag: W/"dc9-1p46SNnIG6GxUYvzfhKldWCLeEA"
Date: Mon, 22 May 2023 06:01:13 GMT
Connection: keep-alive
content-length: 3529

01:01:13.048 [AsyncHttpClient-1-2] DEBUG org.asynchttpclient.netty.channel.ChannelManager - Adding key: http://localhost:4723 for channel [id: 0xc1ffd8a2, L:/127.0.0.1:57871 - R:localhost/127.0.0.1:4723]
01:01:13.052 [Forwarding screenshot on session 3de67c48-2a11-45f7-8da8-bb2b57309e07 to remote] DEBUG org.asynchttpclient.netty.request.NettyRequestSender - Using pooled Channel '[id: 0xc1ffd8a2, L:/127.0.0.1:57871 - R:localhost/127.0.0.1:4723]' for 'GET' to 'http://localhost:4723/wd/hub/session/3de67c48-2a11-45f7-8da8-bb2b57309e07/screenshot'
01:01:13.053 [Forwarding screenshot on session 3de67c48-2a11-45f7-8da8-bb2b57309e07 to remote] DEBUG org.asynchttpclient.netty.request.NettyRequestSender - Using open Channel [id: 0xc1ffd8a2, L:/127.0.0.1:57871 - R:localhost/127.0.0.1:4723] for GET '/wd/hub/session/3de67c48-2a11-45f7-8da8-bb2b57309e07/screenshot'
01:01:13.577 [AsyncHttpClient-1-2] DEBUG org.asynchttpclient.netty.handler.HttpHandler - 

Request DefaultFullHttpRequest(decodeResult: success, version: HTTP/1.1, content: EmptyByteBufBE)
GET /wd/hub/session/3de67c48-2a11-45f7-8da8-bb2b57309e07/screenshot HTTP/1.1
User-Agent: selenium/4.5.3 (java windows)
Cache-Control: no-cache
Content-Type: application/json; charset=utf-8
host: localhost:4723
accept: */*

Response DefaultHttpResponse(decodeResult: success, version: HTTP/1.1)
HTTP/1.1 200 OK
X-Powered-By: Express
Content-Type: application/json; charset=utf-8
ETag: W/"1b50a-gF8J0Fiswk+tiwo0K209B087LHA"
Date: Mon, 22 May 2023 06:01:13 GMT
Connection: keep-alive
content-length: 111882

01:01:13.579 [AsyncHttpClient-1-2] DEBUG org.asynchttpclient.netty.channel.ChannelManager - Adding key: http://localhost:4723 for channel [id: 0xc1ffd8a2, L:/127.0.0.1:57871 - R:localhost/127.0.0.1:4723]
01:01:13.584 [Test worker] WARN net.thucydides.core.webdriver.WebDriverFacade - Failed to take screenshot (Illegal base64 character a)
01:01:13.627 [Forwarding getCurrentWindowHandle on session 3de67c48-2a11-45f7-8da8-bb2b57309e07 to remote] DEBUG org.asynchttpclient.netty.request.NettyRequestSender - Using pooled Channel '[id: 0xc1ffd8a2, L:/127.0.0.1:57871 - R:localhost/127.0.0.1:4723]' for 'GET' to 'http://localhost:4723/wd/hub/session/3de67c48-2a11-45f7-8da8-bb2b57309e07/window'
01:01:13.627 [Forwarding getCurrentWindowHandle on session 3de67c48-2a11-45f7-8da8-bb2b57309e07 to remote] DEBUG org.asynchttpclient.netty.request.NettyRequestSender - Using open Channel [id: 0xc1ffd8a2, L:/127.0.0.1:57871 - R:localhost/127.0.0.1:4723] for GET '/wd/hub/session/3de67c48-2a11-45f7-8da8-bb2b57309e07/window'
01:01:13.649 [AsyncHttpClient-1-2] DEBUG org.asynchttpclient.netty.handler.HttpHandler - 

Request DefaultFullHttpRequest(decodeResult: success, version: HTTP/1.1, content: EmptyByteBufBE)
GET /wd/hub/session/3de67c48-2a11-45f7-8da8-bb2b57309e07/window HTTP/1.1
User-Agent: selenium/4.5.3 (java windows)
Cache-Control: no-cache
Content-Type: application/json; charset=utf-8
host: localhost:4723
accept: */*

Response DefaultHttpResponse(decodeResult: success, version: HTTP/1.1)
HTTP/1.1 404 Not Found
X-Powered-By: Express
Content-Type: application/json; charset=utf-8
ETag: W/"dc9-1p46SNnIG6GxUYvzfhKldWCLeEA"
Date: Mon, 22 May 2023 06:01:13 GMT
Connection: keep-alive
content-length: 3529

01:01:13.649 [AsyncHttpClient-1-2] DEBUG org.asynchttpclient.netty.channel.ChannelManager - Adding key: http://localhost:4723 for channel [id: 0xc1ffd8a2, L:/127.0.0.1:57871 - R:localhost/127.0.0.1:4723]
01:01:13.652 [Forwarding screenshot on session 3de67c48-2a11-45f7-8da8-bb2b57309e07 to remote] DEBUG org.asynchttpclient.netty.request.NettyRequestSender - Using pooled Channel '[id: 0xc1ffd8a2, L:/127.0.0.1:57871 - R:localhost/127.0.0.1:4723]' for 'GET' to 'http://localhost:4723/wd/hub/session/3de67c48-2a11-45f7-8da8-bb2b57309e07/screenshot'
01:01:13.652 [Forwarding screenshot on session 3de67c48-2a11-45f7-8da8-bb2b57309e07 to remote] DEBUG org.asynchttpclient.netty.request.NettyRequestSender - Using open Channel [id: 0xc1ffd8a2, L:/127.0.0.1:57871 - R:localhost/127.0.0.1:4723] for GET '/wd/hub/session/3de67c48-2a11-45f7-8da8-bb2b57309e07/screenshot'
01:01:14.155 [AsyncHttpClient-1-2] DEBUG org.asynchttpclient.netty.handler.HttpHandler - 

Request DefaultFullHttpRequest(decodeResult: success, version: HTTP/1.1, content: EmptyByteBufBE)
GET /wd/hub/session/3de67c48-2a11-45f7-8da8-bb2b57309e07/screenshot HTTP/1.1
User-Agent: selenium/4.5.3 (java windows)
Cache-Control: no-cache
Content-Type: application/json; charset=utf-8
host: localhost:4723
accept: */*

Response DefaultHttpResponse(decodeResult: success, version: HTTP/1.1)
HTTP/1.1 200 OK
X-Powered-By: Express
Content-Type: application/json; charset=utf-8
ETag: W/"1b50a-gF8J0Fiswk+tiwo0K209B087LHA"
Date: Mon, 22 May 2023 06:01:14 GMT
Connection: keep-alive
content-length: 111882

01:01:14.157 [AsyncHttpClient-1-2] DEBUG org.asynchttpclient.netty.channel.ChannelManager - Adding key: http://localhost:4723 for channel [id: 0xc1ffd8a2, L:/127.0.0.1:57871 - R:localhost/127.0.0.1:4723]
01:01:14.160 [Test worker] WARN net.thucydides.core.webdriver.WebDriverFacade - Failed to take screenshot (Illegal base64 character a)
01:01:14.176 [Forwarding getPageSource on session 3de67c48-2a11-45f7-8da8-bb2b57309e07 to remote] DEBUG org.asynchttpclient.netty.request.NettyRequestSender - Using pooled Channel '[id: 0xc1ffd8a2, L:/127.0.0.1:57871 - R:localhost/127.0.0.1:4723]' for 'GET' to 'http://localhost:4723/wd/hub/session/3de67c48-2a11-45f7-8da8-bb2b57309e07/source'
01:01:14.176 [Forwarding getPageSource on session 3de67c48-2a11-45f7-8da8-bb2b57309e07 to remote] DEBUG org.asynchttpclient.netty.request.NettyRequestSender - Using open Channel [id: 0xc1ffd8a2, L:/127.0.0.1:57871 - R:localhost/127.0.0.1:4723] for GET '/wd/hub/session/3de67c48-2a11-45f7-8da8-bb2b57309e07/source'
01:01:14.381 [AsyncHttpClient-1-2] DEBUG org.asynchttpclient.netty.handler.HttpHandler - 

Request DefaultFullHttpRequest(decodeResult: success, version: HTTP/1.1, content: EmptyByteBufBE)
GET /wd/hub/session/3de67c48-2a11-45f7-8da8-bb2b57309e07/source HTTP/1.1
User-Agent: selenium/4.5.3 (java windows)
Cache-Control: no-cache
Content-Type: application/json; charset=utf-8
host: localhost:4723
accept: */*

Response DefaultHttpResponse(decodeResult: success, version: HTTP/1.1)
HTTP/1.1 200 OK
X-Powered-By: Express
Content-Type: application/json; charset=utf-8
ETag: W/"6105-Bt4KY7fE89zhm4w5S3SDAKXwzxE"
Date: Mon, 22 May 2023 06:01:14 GMT
Connection: keep-alive
content-length: 24837

01:01:14.382 [AsyncHttpClient-1-2] DEBUG org.asynchttpclient.netty.channel.ChannelManager - Adding key: http://localhost:4723 for channel [id: 0xc1ffd8a2, L:/127.0.0.1:57871 - R:localhost/127.0.0.1:4723]
01:01:14.468 [Forwarding getCurrentWindowHandle on session 3de67c48-2a11-45f7-8da8-bb2b57309e07 to remote] DEBUG org.asynchttpclient.netty.request.NettyRequestSender - Using pooled Channel '[id: 0xc1ffd8a2, L:/127.0.0.1:57871 - R:localhost/127.0.0.1:4723]' for 'GET' to 'http://localhost:4723/wd/hub/session/3de67c48-2a11-45f7-8da8-bb2b57309e07/window'
01:01:14.470 [Forwarding getCurrentWindowHandle on session 3de67c48-2a11-45f7-8da8-bb2b57309e07 to remote] DEBUG org.asynchttpclient.netty.request.NettyRequestSender - Using open Channel [id: 0xc1ffd8a2, L:/127.0.0.1:57871 - R:localhost/127.0.0.1:4723] for GET '/wd/hub/session/3de67c48-2a11-45f7-8da8-bb2b57309e07/window'
01:01:14.502 [AsyncHttpClient-1-2] DEBUG org.asynchttpclient.netty.handler.HttpHandler - 

Request DefaultFullHttpRequest(decodeResult: success, version: HTTP/1.1, content: EmptyByteBufBE)
GET /wd/hub/session/3de67c48-2a11-45f7-8da8-bb2b57309e07/window HTTP/1.1
User-Agent: selenium/4.5.3 (java windows)
Cache-Control: no-cache
Content-Type: application/json; charset=utf-8
host: localhost:4723
accept: */*

Response DefaultHttpResponse(decodeResult: success, version: HTTP/1.1)
HTTP/1.1 404 Not Found
X-Powered-By: Express
Content-Type: application/json; charset=utf-8
ETag: W/"dc9-1p46SNnIG6GxUYvzfhKldWCLeEA"
Date: Mon, 22 May 2023 06:01:14 GMT
Connection: keep-alive
content-length: 3529

01:01:14.504 [AsyncHttpClient-1-2] DEBUG org.asynchttpclient.netty.channel.ChannelManager - Adding key: http://localhost:4723 for channel [id: 0xc1ffd8a2, L:/127.0.0.1:57871 - R:localhost/127.0.0.1:4723]
01:01:14.508 [Forwarding screenshot on session 3de67c48-2a11-45f7-8da8-bb2b57309e07 to remote] DEBUG org.asynchttpclient.netty.request.NettyRequestSender - Using pooled Channel '[id: 0xc1ffd8a2, L:/127.0.0.1:57871 - R:localhost/127.0.0.1:4723]' for 'GET' to 'http://localhost:4723/wd/hub/session/3de67c48-2a11-45f7-8da8-bb2b57309e07/screenshot'
01:01:14.509 [Forwarding screenshot on session 3de67c48-2a11-45f7-8da8-bb2b57309e07 to remote] DEBUG org.asynchttpclient.netty.request.NettyRequestSender - Using open Channel [id: 0xc1ffd8a2, L:/127.0.0.1:57871 - R:localhost/127.0.0.1:4723] for GET '/wd/hub/session/3de67c48-2a11-45f7-8da8-bb2b57309e07/screenshot'
01:01:15.094 [AsyncHttpClient-1-2] DEBUG org.asynchttpclient.netty.handler.HttpHandler - 

Request DefaultFullHttpRequest(decodeResult: success, version: HTTP/1.1, content: EmptyByteBufBE)
GET /wd/hub/session/3de67c48-2a11-45f7-8da8-bb2b57309e07/screenshot HTTP/1.1
User-Agent: selenium/4.5.3 (java windows)
Cache-Control: no-cache
Content-Type: application/json; charset=utf-8
host: localhost:4723
accept: */*

Response DefaultHttpResponse(decodeResult: success, version: HTTP/1.1)
HTTP/1.1 200 OK
X-Powered-By: Express
Content-Type: application/json; charset=utf-8
ETag: W/"1b50a-gF8J0Fiswk+tiwo0K209B087LHA"
Date: Mon, 22 May 2023 06:01:15 GMT
Connection: keep-alive
content-length: 111882

01:01:15.096 [AsyncHttpClient-1-2] DEBUG org.asynchttpclient.netty.channel.ChannelManager - Adding key: http://localhost:4723 for channel [id: 0xc1ffd8a2, L:/127.0.0.1:57871 - R:localhost/127.0.0.1:4723]
01:01:15.100 [Test worker] WARN net.thucydides.core.webdriver.WebDriverFacade - Failed to take screenshot (Illegal base64 character a)
01:01:15.115 [Forwarding getPageSource on session 3de67c48-2a11-45f7-8da8-bb2b57309e07 to remote] DEBUG org.asynchttpclient.netty.request.NettyRequestSender - Using pooled Channel '[id: 0xc1ffd8a2, L:/127.0.0.1:57871 - R:localhost/127.0.0.1:4723]' for 'GET' to 'http://localhost:4723/wd/hub/session/3de67c48-2a11-45f7-8da8-bb2b57309e07/source'
01:01:15.115 [Forwarding getPageSource on session 3de67c48-2a11-45f7-8da8-bb2b57309e07 to remote] DEBUG org.asynchttpclient.netty.request.NettyRequestSender - Using open Channel [id: 0xc1ffd8a2, L:/127.0.0.1:57871 - R:localhost/127.0.0.1:4723] for GET '/wd/hub/session/3de67c48-2a11-45f7-8da8-bb2b57309e07/source'
01:01:15.258 [AsyncHttpClient-1-2] DEBUG org.asynchttpclient.netty.handler.HttpHandler - 

Request DefaultFullHttpRequest(decodeResult: success, version: HTTP/1.1, content: EmptyByteBufBE)
GET /wd/hub/session/3de67c48-2a11-45f7-8da8-bb2b57309e07/source HTTP/1.1
User-Agent: selenium/4.5.3 (java windows)
Cache-Control: no-cache
Content-Type: application/json; charset=utf-8
host: localhost:4723
accept: */*

Response DefaultHttpResponse(decodeResult: success, version: HTTP/1.1)
HTTP/1.1 200 OK
X-Powered-By: Express
Content-Type: application/json; charset=utf-8
ETag: W/"6105-Bt4KY7fE89zhm4w5S3SDAKXwzxE"
Date: Mon, 22 May 2023 06:01:15 GMT
Connection: keep-alive
content-length: 24837

01:01:15.259 [AsyncHttpClient-1-2] DEBUG org.asynchttpclient.netty.channel.ChannelManager - Adding key: http://localhost:4723 for channel [id: 0xc1ffd8a2, L:/127.0.0.1:57871 - R:localhost/127.0.0.1:4723]
01:01:15.269 [Test worker] DEBUG net.thucydides.core.steps.StepInterceptor - STARTING STEP: LogInStep.send_your_wrong_credentials - performAs
01:01:15.333 [Forwarding getCurrentWindowHandle on session 3de67c48-2a11-45f7-8da8-bb2b57309e07 to remote] DEBUG org.asynchttpclient.netty.request.NettyRequestSender - Using pooled Channel '[id: 0xc1ffd8a2, L:/127.0.0.1:57871 - R:localhost/127.0.0.1:4723]' for 'GET' to 'http://localhost:4723/wd/hub/session/3de67c48-2a11-45f7-8da8-bb2b57309e07/window'
01:01:15.333 [Forwarding getCurrentWindowHandle on session 3de67c48-2a11-45f7-8da8-bb2b57309e07 to remote] DEBUG org.asynchttpclient.netty.request.NettyRequestSender - Using open Channel [id: 0xc1ffd8a2, L:/127.0.0.1:57871 - R:localhost/127.0.0.1:4723] for GET '/wd/hub/session/3de67c48-2a11-45f7-8da8-bb2b57309e07/window'
01:01:15.359 [AsyncHttpClient-1-2] DEBUG org.asynchttpclient.netty.handler.HttpHandler - 

Request DefaultFullHttpRequest(decodeResult: success, version: HTTP/1.1, content: EmptyByteBufBE)
GET /wd/hub/session/3de67c48-2a11-45f7-8da8-bb2b57309e07/window HTTP/1.1
User-Agent: selenium/4.5.3 (java windows)
Cache-Control: no-cache
Content-Type: application/json; charset=utf-8
host: localhost:4723
accept: */*

Response DefaultHttpResponse(decodeResult: success, version: HTTP/1.1)
HTTP/1.1 404 Not Found
X-Powered-By: Express
Content-Type: application/json; charset=utf-8
ETag: W/"dc9-1p46SNnIG6GxUYvzfhKldWCLeEA"
Date: Mon, 22 May 2023 06:01:15 GMT
Connection: keep-alive
content-length: 3529

01:01:15.359 [AsyncHttpClient-1-2] DEBUG org.asynchttpclient.netty.channel.ChannelManager - Adding key: http://localhost:4723 for channel [id: 0xc1ffd8a2, L:/127.0.0.1:57871 - R:localhost/127.0.0.1:4723]
01:01:15.364 [Forwarding screenshot on session 3de67c48-2a11-45f7-8da8-bb2b57309e07 to remote] DEBUG org.asynchttpclient.netty.request.NettyRequestSender - Using pooled Channel '[id: 0xc1ffd8a2, L:/127.0.0.1:57871 - R:localhost/127.0.0.1:4723]' for 'GET' to 'http://localhost:4723/wd/hub/session/3de67c48-2a11-45f7-8da8-bb2b57309e07/screenshot'
01:01:15.364 [Forwarding screenshot on session 3de67c48-2a11-45f7-8da8-bb2b57309e07 to remote] DEBUG org.asynchttpclient.netty.request.NettyRequestSender - Using open Channel [id: 0xc1ffd8a2, L:/127.0.0.1:57871 - R:localhost/127.0.0.1:4723] for GET '/wd/hub/session/3de67c48-2a11-45f7-8da8-bb2b57309e07/screenshot'
01:01:15.888 [AsyncHttpClient-1-2] DEBUG org.asynchttpclient.netty.handler.HttpHandler - 

Request DefaultFullHttpRequest(decodeResult: success, version: HTTP/1.1, content: EmptyByteBufBE)
GET /wd/hub/session/3de67c48-2a11-45f7-8da8-bb2b57309e07/screenshot HTTP/1.1
User-Agent: selenium/4.5.3 (java windows)
Cache-Control: no-cache
Content-Type: application/json; charset=utf-8
host: localhost:4723
accept: */*

Response DefaultHttpResponse(decodeResult: success, version: HTTP/1.1)
HTTP/1.1 200 OK
X-Powered-By: Express
Content-Type: application/json; charset=utf-8
ETag: W/"1b50a-gF8J0Fiswk+tiwo0K209B087LHA"
Date: Mon, 22 May 2023 06:01:15 GMT
Connection: keep-alive
content-length: 111882

01:01:15.889 [AsyncHttpClient-1-2] DEBUG org.asynchttpclient.netty.channel.ChannelManager - Adding key: http://localhost:4723 for channel [id: 0xc1ffd8a2, L:/127.0.0.1:57871 - R:localhost/127.0.0.1:4723]
01:01:15.892 [Test worker] WARN net.thucydides.core.webdriver.WebDriverFacade - Failed to take screenshot (Illegal base64 character a)
01:01:15.907 [Forwarding getPageSource on session 3de67c48-2a11-45f7-8da8-bb2b57309e07 to remote] DEBUG org.asynchttpclient.netty.request.NettyRequestSender - Using pooled Channel '[id: 0xc1ffd8a2, L:/127.0.0.1:57871 - R:localhost/127.0.0.1:4723]' for 'GET' to 'http://localhost:4723/wd/hub/session/3de67c48-2a11-45f7-8da8-bb2b57309e07/source'
01:01:15.907 [Forwarding getPageSource on session 3de67c48-2a11-45f7-8da8-bb2b57309e07 to remote] DEBUG org.asynchttpclient.netty.request.NettyRequestSender - Using open Channel [id: 0xc1ffd8a2, L:/127.0.0.1:57871 - R:localhost/127.0.0.1:4723] for GET '/wd/hub/session/3de67c48-2a11-45f7-8da8-bb2b57309e07/source'
01:01:16.042 [AsyncHttpClient-1-2] DEBUG org.asynchttpclient.netty.handler.HttpHandler - 

Request DefaultFullHttpRequest(decodeResult: success, version: HTTP/1.1, content: EmptyByteBufBE)
GET /wd/hub/session/3de67c48-2a11-45f7-8da8-bb2b57309e07/source HTTP/1.1
User-Agent: selenium/4.5.3 (java windows)
Cache-Control: no-cache
Content-Type: application/json; charset=utf-8
host: localhost:4723
accept: */*

Response DefaultHttpResponse(decodeResult: success, version: HTTP/1.1)
HTTP/1.1 200 OK
X-Powered-By: Express
Content-Type: application/json; charset=utf-8
ETag: W/"6105-Bt4KY7fE89zhm4w5S3SDAKXwzxE"
Date: Mon, 22 May 2023 06:01:16 GMT
Connection: keep-alive
content-length: 24837

01:01:16.042 [AsyncHttpClient-1-2] DEBUG org.asynchttpclient.netty.channel.ChannelManager - Adding key: http://localhost:4723 for channel [id: 0xc1ffd8a2, L:/127.0.0.1:57871 - R:localhost/127.0.0.1:4723]
01:01:16.054 [Test worker] DEBUG net.thucydides.core.steps.StepInterceptor - STARTING STEP: LoginFailed.performAs - {0} enters #theTextAsAString into #target
01:01:16.072 [Test worker] DEBUG net.serenitybdd.screenplay.targets.IFrameSwitcher - default content already selected for Input email
01:01:16.095 [Forwarding findElement on session 3de67c48-2a11-45f7-8da8-bb2b57309e07 to remote] DEBUG org.asynchttpclient.netty.request.NettyRequestSender - Using pooled Channel '[id: 0xc1ffd8a2, L:/127.0.0.1:57871 - R:localhost/127.0.0.1:4723]' for 'POST' to 'http://localhost:4723/wd/hub/session/3de67c48-2a11-45f7-8da8-bb2b57309e07/element'
01:01:16.095 [Forwarding findElement on session 3de67c48-2a11-45f7-8da8-bb2b57309e07 to remote] DEBUG org.asynchttpclient.netty.request.NettyRequestSender - Using open Channel [id: 0xc1ffd8a2, L:/127.0.0.1:57871 - R:localhost/127.0.0.1:4723] for POST '/wd/hub/session/3de67c48-2a11-45f7-8da8-bb2b57309e07/element'
01:01:16.241 [AsyncHttpClient-1-2] DEBUG org.asynchttpclient.netty.handler.HttpHandler - 

Request DefaultHttpRequest(decodeResult: success, version: HTTP/1.1)
POST /wd/hub/session/3de67c48-2a11-45f7-8da8-bb2b57309e07/element HTTP/1.1
User-Agent: selenium/4.5.3 (java windows)
Content-Length: 103
Content-Type: application/json; charset=utf-8
host: localhost:4723
accept: */*

Response DefaultHttpResponse(decodeResult: success, version: HTTP/1.1)
HTTP/1.1 200 OK
X-Powered-By: Express
Vary: X-HTTP-Method-Override
Content-Type: application/json; charset=utf-8
ETag: W/"89-f94xoUd7w4fjxcwf2T11DgqAc7I"
Date: Mon, 22 May 2023 06:01:16 GMT
Connection: keep-alive
content-length: 137

01:01:16.242 [AsyncHttpClient-1-2] DEBUG org.asynchttpclient.netty.channel.ChannelManager - Adding key: http://localhost:4723 for channel [id: 0xc1ffd8a2, L:/127.0.0.1:57871 - R:localhost/127.0.0.1:4723]
01:01:16.248 [Forwarding sendKeysToElement on session 3de67c48-2a11-45f7-8da8-bb2b57309e07 to remote] DEBUG org.asynchttpclient.netty.request.NettyRequestSender - Using pooled Channel '[id: 0xc1ffd8a2, L:/127.0.0.1:57871 - R:localhost/127.0.0.1:4723]' for 'POST' to 'http://localhost:4723/wd/hub/session/3de67c48-2a11-45f7-8da8-bb2b57309e07/element/00000000-0000-0154-ffff-ffff00000079/value'
01:01:16.248 [Forwarding sendKeysToElement on session 3de67c48-2a11-45f7-8da8-bb2b57309e07 to remote] DEBUG org.asynchttpclient.netty.request.NettyRequestSender - Using open Channel [id: 0xc1ffd8a2, L:/127.0.0.1:57871 - R:localhost/127.0.0.1:4723] for POST '/wd/hub/session/3de67c48-2a11-45f7-8da8-bb2b57309e07/element/00000000-0000-0154-ffff-ffff00000079/value'
01:01:16.363 [AsyncHttpClient-1-2] DEBUG org.asynchttpclient.netty.handler.HttpHandler - 

Request DefaultHttpRequest(decodeResult: success, version: HTTP/1.1)
POST /wd/hub/session/3de67c48-2a11-45f7-8da8-bb2b57309e07/element/00000000-0000-0154-ffff-ffff00000079/value HTTP/1.1
User-Agent: selenium/4.5.3 (java windows)
Content-Length: 281
Content-Type: application/json; charset=utf-8
host: localhost:4723
accept: */*

Response DefaultHttpResponse(decodeResult: success, version: HTTP/1.1)
HTTP/1.1 200 OK
X-Powered-By: Express
Vary: X-HTTP-Method-Override
Content-Type: application/json; charset=utf-8
ETag: W/"e-9/1BuKMgFObM1mWJm+YjxtXJnUM"
Date: Mon, 22 May 2023 06:01:16 GMT
Connection: keep-alive
content-length: 14

01:01:16.364 [AsyncHttpClient-1-2] DEBUG org.asynchttpclient.netty.channel.ChannelManager - Adding key: http://localhost:4723 for channel [id: 0xc1ffd8a2, L:/127.0.0.1:57871 - R:localhost/127.0.0.1:4723]
01:01:16.534 [Forwarding getCurrentWindowHandle on session 3de67c48-2a11-45f7-8da8-bb2b57309e07 to remote] DEBUG org.asynchttpclient.netty.request.NettyRequestSender - Using pooled Channel '[id: 0xc1ffd8a2, L:/127.0.0.1:57871 - R:localhost/127.0.0.1:4723]' for 'GET' to 'http://localhost:4723/wd/hub/session/3de67c48-2a11-45f7-8da8-bb2b57309e07/window'
01:01:16.535 [Forwarding getCurrentWindowHandle on session 3de67c48-2a11-45f7-8da8-bb2b57309e07 to remote] DEBUG org.asynchttpclient.netty.request.NettyRequestSender - Using open Channel [id: 0xc1ffd8a2, L:/127.0.0.1:57871 - R:localhost/127.0.0.1:4723] for GET '/wd/hub/session/3de67c48-2a11-45f7-8da8-bb2b57309e07/window'
01:01:16.565 [AsyncHttpClient-1-2] DEBUG org.asynchttpclient.netty.handler.HttpHandler - 

Request DefaultFullHttpRequest(decodeResult: success, version: HTTP/1.1, content: EmptyByteBufBE)
GET /wd/hub/session/3de67c48-2a11-45f7-8da8-bb2b57309e07/window HTTP/1.1
User-Agent: selenium/4.5.3 (java windows)
Cache-Control: no-cache
Content-Type: application/json; charset=utf-8
host: localhost:4723
accept: */*

Response DefaultHttpResponse(decodeResult: success, version: HTTP/1.1)
HTTP/1.1 404 Not Found
X-Powered-By: Express
Content-Type: application/json; charset=utf-8
ETag: W/"dc9-1p46SNnIG6GxUYvzfhKldWCLeEA"
Date: Mon, 22 May 2023 06:01:16 GMT
Connection: keep-alive
content-length: 3529

01:01:16.566 [AsyncHttpClient-1-2] DEBUG org.asynchttpclient.netty.channel.ChannelManager - Adding key: http://localhost:4723 for channel [id: 0xc1ffd8a2, L:/127.0.0.1:57871 - R:localhost/127.0.0.1:4723]
01:01:16.572 [Forwarding screenshot on session 3de67c48-2a11-45f7-8da8-bb2b57309e07 to remote] DEBUG org.asynchttpclient.netty.request.NettyRequestSender - Using pooled Channel '[id: 0xc1ffd8a2, L:/127.0.0.1:57871 - R:localhost/127.0.0.1:4723]' for 'GET' to 'http://localhost:4723/wd/hub/session/3de67c48-2a11-45f7-8da8-bb2b57309e07/screenshot'
01:01:16.572 [Forwarding screenshot on session 3de67c48-2a11-45f7-8da8-bb2b57309e07 to remote] DEBUG org.asynchttpclient.netty.request.NettyRequestSender - Using open Channel [id: 0xc1ffd8a2, L:/127.0.0.1:57871 - R:localhost/127.0.0.1:4723] for GET '/wd/hub/session/3de67c48-2a11-45f7-8da8-bb2b57309e07/screenshot'
01:01:17.133 [AsyncHttpClient-1-2] DEBUG org.asynchttpclient.netty.handler.HttpHandler - 

Request DefaultFullHttpRequest(decodeResult: success, version: HTTP/1.1, content: EmptyByteBufBE)
GET /wd/hub/session/3de67c48-2a11-45f7-8da8-bb2b57309e07/screenshot HTTP/1.1
User-Agent: selenium/4.5.3 (java windows)
Cache-Control: no-cache
Content-Type: application/json; charset=utf-8
host: localhost:4723
accept: */*

Response DefaultHttpResponse(decodeResult: success, version: HTTP/1.1)
HTTP/1.1 200 OK
X-Powered-By: Express
Content-Type: application/json; charset=utf-8
ETag: W/"1c13a-ssrHYIL1VB5fSpt1RITLJOj+OyI"
Date: Mon, 22 May 2023 06:01:17 GMT
Connection: keep-alive
content-length: 115002

01:01:17.134 [AsyncHttpClient-1-2] DEBUG org.asynchttpclient.netty.channel.ChannelManager - Adding key: http://localhost:4723 for channel [id: 0xc1ffd8a2, L:/127.0.0.1:57871 - R:localhost/127.0.0.1:4723]
01:01:17.138 [Test worker] WARN net.thucydides.core.webdriver.WebDriverFacade - Failed to take screenshot (Illegal base64 character a)
01:01:17.138 [Test worker] DEBUG net.thucydides.core.steps.StepInterceptor - STEP DONE: {0} enters #theTextAsAString into #target
01:01:17.184 [Forwarding getCurrentWindowHandle on session 3de67c48-2a11-45f7-8da8-bb2b57309e07 to remote] DEBUG org.asynchttpclient.netty.request.NettyRequestSender - Using pooled Channel '[id: 0xc1ffd8a2, L:/127.0.0.1:57871 - R:localhost/127.0.0.1:4723]' for 'GET' to 'http://localhost:4723/wd/hub/session/3de67c48-2a11-45f7-8da8-bb2b57309e07/window'
01:01:17.184 [Forwarding getCurrentWindowHandle on session 3de67c48-2a11-45f7-8da8-bb2b57309e07 to remote] DEBUG org.asynchttpclient.netty.request.NettyRequestSender - Using open Channel [id: 0xc1ffd8a2, L:/127.0.0.1:57871 - R:localhost/127.0.0.1:4723] for GET '/wd/hub/session/3de67c48-2a11-45f7-8da8-bb2b57309e07/window'
01:01:17.201 [AsyncHttpClient-1-2] DEBUG org.asynchttpclient.netty.handler.HttpHandler - 

Request DefaultFullHttpRequest(decodeResult: success, version: HTTP/1.1, content: EmptyByteBufBE)
GET /wd/hub/session/3de67c48-2a11-45f7-8da8-bb2b57309e07/window HTTP/1.1
User-Agent: selenium/4.5.3 (java windows)
Cache-Control: no-cache
Content-Type: application/json; charset=utf-8
host: localhost:4723
accept: */*

Response DefaultHttpResponse(decodeResult: success, version: HTTP/1.1)
HTTP/1.1 404 Not Found
X-Powered-By: Express
Content-Type: application/json; charset=utf-8
ETag: W/"dc9-1p46SNnIG6GxUYvzfhKldWCLeEA"
Date: Mon, 22 May 2023 06:01:17 GMT
Connection: keep-alive
content-length: 3529

01:01:17.202 [AsyncHttpClient-1-2] DEBUG org.asynchttpclient.netty.channel.ChannelManager - Adding key: http://localhost:4723 for channel [id: 0xc1ffd8a2, L:/127.0.0.1:57871 - R:localhost/127.0.0.1:4723]
01:01:17.204 [Forwarding screenshot on session 3de67c48-2a11-45f7-8da8-bb2b57309e07 to remote] DEBUG org.asynchttpclient.netty.request.NettyRequestSender - Using pooled Channel '[id: 0xc1ffd8a2, L:/127.0.0.1:57871 - R:localhost/127.0.0.1:4723]' for 'GET' to 'http://localhost:4723/wd/hub/session/3de67c48-2a11-45f7-8da8-bb2b57309e07/screenshot'
01:01:17.204 [Forwarding screenshot on session 3de67c48-2a11-45f7-8da8-bb2b57309e07 to remote] DEBUG org.asynchttpclient.netty.request.NettyRequestSender - Using open Channel [id: 0xc1ffd8a2, L:/127.0.0.1:57871 - R:localhost/127.0.0.1:4723] for GET '/wd/hub/session/3de67c48-2a11-45f7-8da8-bb2b57309e07/screenshot'
01:01:17.821 [AsyncHttpClient-1-2] DEBUG org.asynchttpclient.netty.handler.HttpHandler - 

Request DefaultFullHttpRequest(decodeResult: success, version: HTTP/1.1, content: EmptyByteBufBE)
GET /wd/hub/session/3de67c48-2a11-45f7-8da8-bb2b57309e07/screenshot HTTP/1.1
User-Agent: selenium/4.5.3 (java windows)
Cache-Control: no-cache
Content-Type: application/json; charset=utf-8
host: localhost:4723
accept: */*

Response DefaultHttpResponse(decodeResult: success, version: HTTP/1.1)
HTTP/1.1 200 OK
X-Powered-By: Express
Content-Type: application/json; charset=utf-8
ETag: W/"1c13a-ssrHYIL1VB5fSpt1RITLJOj+OyI"
Date: Mon, 22 May 2023 06:01:17 GMT
Connection: keep-alive
content-length: 115002

01:01:17.823 [AsyncHttpClient-1-2] DEBUG org.asynchttpclient.netty.channel.ChannelManager - Adding key: http://localhost:4723 for channel [id: 0xc1ffd8a2, L:/127.0.0.1:57871 - R:localhost/127.0.0.1:4723]
01:01:17.829 [Test worker] WARN net.thucydides.core.webdriver.WebDriverFacade - Failed to take screenshot (Illegal base64 character a)
01:01:17.849 [Forwarding getPageSource on session 3de67c48-2a11-45f7-8da8-bb2b57309e07 to remote] DEBUG org.asynchttpclient.netty.request.NettyRequestSender - Using pooled Channel '[id: 0xc1ffd8a2, L:/127.0.0.1:57871 - R:localhost/127.0.0.1:4723]' for 'GET' to 'http://localhost:4723/wd/hub/session/3de67c48-2a11-45f7-8da8-bb2b57309e07/source'
01:01:17.849 [Forwarding getPageSource on session 3de67c48-2a11-45f7-8da8-bb2b57309e07 to remote] DEBUG org.asynchttpclient.netty.request.NettyRequestSender - Using open Channel [id: 0xc1ffd8a2, L:/127.0.0.1:57871 - R:localhost/127.0.0.1:4723] for GET '/wd/hub/session/3de67c48-2a11-45f7-8da8-bb2b57309e07/source'
01:01:17.954 [AsyncHttpClient-1-2] DEBUG org.asynchttpclient.netty.handler.HttpHandler - 

Request DefaultFullHttpRequest(decodeResult: success, version: HTTP/1.1, content: EmptyByteBufBE)
GET /wd/hub/session/3de67c48-2a11-45f7-8da8-bb2b57309e07/source HTTP/1.1
User-Agent: selenium/4.5.3 (java windows)
Cache-Control: no-cache
Content-Type: application/json; charset=utf-8
host: localhost:4723
accept: */*

Response DefaultHttpResponse(decodeResult: success, version: HTTP/1.1)
HTTP/1.1 200 OK
X-Powered-By: Express
Content-Type: application/json; charset=utf-8
ETag: W/"6104-pcOvNHeuqm/Kh9bCOcGLWSXhkp0"
Date: Mon, 22 May 2023 06:01:17 GMT
Connection: keep-alive
content-length: 24836

01:01:17.955 [AsyncHttpClient-1-2] DEBUG org.asynchttpclient.netty.channel.ChannelManager - Adding key: http://localhost:4723 for channel [id: 0xc1ffd8a2, L:/127.0.0.1:57871 - R:localhost/127.0.0.1:4723]
01:01:17.969 [Test worker] DEBUG net.thucydides.core.steps.StepInterceptor - STARTING STEP: LoginFailed.performAs - {0} enters #theTextAsAString into #target
01:01:18.001 [Test worker] DEBUG net.serenitybdd.screenplay.targets.IFrameSwitcher - default content already selected for Input password
01:01:18.039 [Forwarding findElement on session 3de67c48-2a11-45f7-8da8-bb2b57309e07 to remote] DEBUG org.asynchttpclient.netty.request.NettyRequestSender - Using pooled Channel '[id: 0xc1ffd8a2, L:/127.0.0.1:57871 - R:localhost/127.0.0.1:4723]' for 'POST' to 'http://localhost:4723/wd/hub/session/3de67c48-2a11-45f7-8da8-bb2b57309e07/element'
01:01:18.039 [Forwarding findElement on session 3de67c48-2a11-45f7-8da8-bb2b57309e07 to remote] DEBUG org.asynchttpclient.netty.request.NettyRequestSender - Using open Channel [id: 0xc1ffd8a2, L:/127.0.0.1:57871 - R:localhost/127.0.0.1:4723] for POST '/wd/hub/session/3de67c48-2a11-45f7-8da8-bb2b57309e07/element'
01:01:18.227 [AsyncHttpClient-1-2] DEBUG org.asynchttpclient.netty.handler.HttpHandler - 

Request DefaultHttpRequest(decodeResult: success, version: HTTP/1.1)
POST /wd/hub/session/3de67c48-2a11-45f7-8da8-bb2b57309e07/element HTTP/1.1
User-Agent: selenium/4.5.3 (java windows)
Content-Length: 90
Content-Type: application/json; charset=utf-8
host: localhost:4723
accept: */*

Response DefaultHttpResponse(decodeResult: success, version: HTTP/1.1)
HTTP/1.1 200 OK
X-Powered-By: Express
Vary: X-HTTP-Method-Override
Content-Type: application/json; charset=utf-8
ETag: W/"89-oQIFar1fE/x8BneeWFCUkAPVyb4"
Date: Mon, 22 May 2023 06:01:18 GMT
Connection: keep-alive
content-length: 137

01:01:18.228 [AsyncHttpClient-1-2] DEBUG org.asynchttpclient.netty.channel.ChannelManager - Adding key: http://localhost:4723 for channel [id: 0xc1ffd8a2, L:/127.0.0.1:57871 - R:localhost/127.0.0.1:4723]
01:01:18.235 [Forwarding sendKeysToElement on session 3de67c48-2a11-45f7-8da8-bb2b57309e07 to remote] DEBUG org.asynchttpclient.netty.request.NettyRequestSender - Using pooled Channel '[id: 0xc1ffd8a2, L:/127.0.0.1:57871 - R:localhost/127.0.0.1:4723]' for 'POST' to 'http://localhost:4723/wd/hub/session/3de67c48-2a11-45f7-8da8-bb2b57309e07/element/00000000-0000-0154-ffff-ffff0000007d/value'
01:01:18.236 [Forwarding sendKeysToElement on session 3de67c48-2a11-45f7-8da8-bb2b57309e07 to remote] DEBUG org.asynchttpclient.netty.request.NettyRequestSender - Using open Channel [id: 0xc1ffd8a2, L:/127.0.0.1:57871 - R:localhost/127.0.0.1:4723] for POST '/wd/hub/session/3de67c48-2a11-45f7-8da8-bb2b57309e07/element/00000000-0000-0154-ffff-ffff0000007d/value'
01:01:18.896 [AsyncHttpClient-1-2] DEBUG org.asynchttpclient.netty.handler.HttpHandler - 

Request DefaultHttpRequest(decodeResult: success, version: HTTP/1.1)
POST /wd/hub/session/3de67c48-2a11-45f7-8da8-bb2b57309e07/element/00000000-0000-0154-ffff-ffff0000007d/value HTTP/1.1
User-Agent: selenium/4.5.3 (java windows)
Content-Length: 141
Content-Type: application/json; charset=utf-8
host: localhost:4723
accept: */*

Response DefaultHttpResponse(decodeResult: success, version: HTTP/1.1)
HTTP/1.1 200 OK
X-Powered-By: Express
Vary: X-HTTP-Method-Override
Content-Type: application/json; charset=utf-8
ETag: W/"e-9/1BuKMgFObM1mWJm+YjxtXJnUM"
Date: Mon, 22 May 2023 06:01:18 GMT
Connection: keep-alive
content-length: 14

01:01:18.897 [AsyncHttpClient-1-2] DEBUG org.asynchttpclient.netty.channel.ChannelManager - Adding key: http://localhost:4723 for channel [id: 0xc1ffd8a2, L:/127.0.0.1:57871 - R:localhost/127.0.0.1:4723]
01:01:18.980 [Forwarding getCurrentWindowHandle on session 3de67c48-2a11-45f7-8da8-bb2b57309e07 to remote] DEBUG org.asynchttpclient.netty.request.NettyRequestSender - Using pooled Channel '[id: 0xc1ffd8a2, L:/127.0.0.1:57871 - R:localhost/127.0.0.1:4723]' for 'GET' to 'http://localhost:4723/wd/hub/session/3de67c48-2a11-45f7-8da8-bb2b57309e07/window'
01:01:18.980 [Forwarding getCurrentWindowHandle on session 3de67c48-2a11-45f7-8da8-bb2b57309e07 to remote] DEBUG org.asynchttpclient.netty.request.NettyRequestSender - Using open Channel [id: 0xc1ffd8a2, L:/127.0.0.1:57871 - R:localhost/127.0.0.1:4723] for GET '/wd/hub/session/3de67c48-2a11-45f7-8da8-bb2b57309e07/window'
01:01:19.001 [AsyncHttpClient-1-2] DEBUG org.asynchttpclient.netty.handler.HttpHandler - 

Request DefaultFullHttpRequest(decodeResult: success, version: HTTP/1.1, content: EmptyByteBufBE)
GET /wd/hub/session/3de67c48-2a11-45f7-8da8-bb2b57309e07/window HTTP/1.1
User-Agent: selenium/4.5.3 (java windows)
Cache-Control: no-cache
Content-Type: application/json; charset=utf-8
host: localhost:4723
accept: */*

Response DefaultHttpResponse(decodeResult: success, version: HTTP/1.1)
HTTP/1.1 404 Not Found
X-Powered-By: Express
Content-Type: application/json; charset=utf-8
ETag: W/"dc9-1p46SNnIG6GxUYvzfhKldWCLeEA"
Date: Mon, 22 May 2023 06:01:18 GMT
Connection: keep-alive
content-length: 3529

01:01:19.002 [AsyncHttpClient-1-2] DEBUG org.asynchttpclient.netty.channel.ChannelManager - Adding key: http://localhost:4723 for channel [id: 0xc1ffd8a2, L:/127.0.0.1:57871 - R:localhost/127.0.0.1:4723]
01:01:19.006 [Forwarding screenshot on session 3de67c48-2a11-45f7-8da8-bb2b57309e07 to remote] DEBUG org.asynchttpclient.netty.request.NettyRequestSender - Using pooled Channel '[id: 0xc1ffd8a2, L:/127.0.0.1:57871 - R:localhost/127.0.0.1:4723]' for 'GET' to 'http://localhost:4723/wd/hub/session/3de67c48-2a11-45f7-8da8-bb2b57309e07/screenshot'
01:01:19.006 [Forwarding screenshot on session 3de67c48-2a11-45f7-8da8-bb2b57309e07 to remote] DEBUG org.asynchttpclient.netty.request.NettyRequestSender - Using open Channel [id: 0xc1ffd8a2, L:/127.0.0.1:57871 - R:localhost/127.0.0.1:4723] for GET '/wd/hub/session/3de67c48-2a11-45f7-8da8-bb2b57309e07/screenshot'
01:01:19.580 [AsyncHttpClient-1-2] DEBUG org.asynchttpclient.netty.handler.HttpHandler - 

Request DefaultFullHttpRequest(decodeResult: success, version: HTTP/1.1, content: EmptyByteBufBE)
GET /wd/hub/session/3de67c48-2a11-45f7-8da8-bb2b57309e07/screenshot HTTP/1.1
User-Agent: selenium/4.5.3 (java windows)
Cache-Control: no-cache
Content-Type: application/json; charset=utf-8
host: localhost:4723
accept: */*

Response DefaultHttpResponse(decodeResult: success, version: HTTP/1.1)
HTTP/1.1 200 OK
X-Powered-By: Express
Content-Type: application/json; charset=utf-8
ETag: W/"1af92-YXO/pFmzi2h/anSZ2lhqhn89MN8"
Date: Mon, 22 May 2023 06:01:19 GMT
Connection: keep-alive
content-length: 110482

01:01:19.582 [AsyncHttpClient-1-2] DEBUG org.asynchttpclient.netty.channel.ChannelManager - Adding key: http://localhost:4723 for channel [id: 0xc1ffd8a2, L:/127.0.0.1:57871 - R:localhost/127.0.0.1:4723]
01:01:19.585 [Test worker] WARN net.thucydides.core.webdriver.WebDriverFacade - Failed to take screenshot (Illegal base64 character a)
01:01:19.586 [Test worker] DEBUG net.thucydides.core.steps.StepInterceptor - STEP DONE: {0} enters #theTextAsAString into #target
01:01:19.630 [Forwarding getCurrentWindowHandle on session 3de67c48-2a11-45f7-8da8-bb2b57309e07 to remote] DEBUG org.asynchttpclient.netty.request.NettyRequestSender - Using pooled Channel '[id: 0xc1ffd8a2, L:/127.0.0.1:57871 - R:localhost/127.0.0.1:4723]' for 'GET' to 'http://localhost:4723/wd/hub/session/3de67c48-2a11-45f7-8da8-bb2b57309e07/window'
01:01:19.631 [Forwarding getCurrentWindowHandle on session 3de67c48-2a11-45f7-8da8-bb2b57309e07 to remote] DEBUG org.asynchttpclient.netty.request.NettyRequestSender - Using open Channel [id: 0xc1ffd8a2, L:/127.0.0.1:57871 - R:localhost/127.0.0.1:4723] for GET '/wd/hub/session/3de67c48-2a11-45f7-8da8-bb2b57309e07/window'
01:01:19.645 [AsyncHttpClient-1-2] DEBUG org.asynchttpclient.netty.handler.HttpHandler - 

Request DefaultFullHttpRequest(decodeResult: success, version: HTTP/1.1, content: EmptyByteBufBE)
GET /wd/hub/session/3de67c48-2a11-45f7-8da8-bb2b57309e07/window HTTP/1.1
User-Agent: selenium/4.5.3 (java windows)
Cache-Control: no-cache
Content-Type: application/json; charset=utf-8
host: localhost:4723
accept: */*

Response DefaultHttpResponse(decodeResult: success, version: HTTP/1.1)
HTTP/1.1 404 Not Found
X-Powered-By: Express
Content-Type: application/json; charset=utf-8
ETag: W/"dc9-1p46SNnIG6GxUYvzfhKldWCLeEA"
Date: Mon, 22 May 2023 06:01:19 GMT
Connection: keep-alive
content-length: 3529

01:01:19.645 [AsyncHttpClient-1-2] DEBUG org.asynchttpclient.netty.channel.ChannelManager - Adding key: http://localhost:4723 for channel [id: 0xc1ffd8a2, L:/127.0.0.1:57871 - R:localhost/127.0.0.1:4723]
01:01:19.649 [Forwarding screenshot on session 3de67c48-2a11-45f7-8da8-bb2b57309e07 to remote] DEBUG org.asynchttpclient.netty.request.NettyRequestSender - Using pooled Channel '[id: 0xc1ffd8a2, L:/127.0.0.1:57871 - R:localhost/127.0.0.1:4723]' for 'GET' to 'http://localhost:4723/wd/hub/session/3de67c48-2a11-45f7-8da8-bb2b57309e07/screenshot'
01:01:19.649 [Forwarding screenshot on session 3de67c48-2a11-45f7-8da8-bb2b57309e07 to remote] DEBUG org.asynchttpclient.netty.request.NettyRequestSender - Using open Channel [id: 0xc1ffd8a2, L:/127.0.0.1:57871 - R:localhost/127.0.0.1:4723] for GET '/wd/hub/session/3de67c48-2a11-45f7-8da8-bb2b57309e07/screenshot'
01:01:20.153 [AsyncHttpClient-1-2] DEBUG org.asynchttpclient.netty.handler.HttpHandler - 

Request DefaultFullHttpRequest(decodeResult: success, version: HTTP/1.1, content: EmptyByteBufBE)
GET /wd/hub/session/3de67c48-2a11-45f7-8da8-bb2b57309e07/screenshot HTTP/1.1
User-Agent: selenium/4.5.3 (java windows)
Cache-Control: no-cache
Content-Type: application/json; charset=utf-8
host: localhost:4723
accept: */*

Response DefaultHttpResponse(decodeResult: success, version: HTTP/1.1)
HTTP/1.1 200 OK
X-Powered-By: Express
Content-Type: application/json; charset=utf-8
ETag: W/"1af92-YXO/pFmzi2h/anSZ2lhqhn89MN8"
Date: Mon, 22 May 2023 06:01:20 GMT
Connection: keep-alive
content-length: 110482

01:01:20.155 [AsyncHttpClient-1-2] DEBUG org.asynchttpclient.netty.channel.ChannelManager - Adding key: http://localhost:4723 for channel [id: 0xc1ffd8a2, L:/127.0.0.1:57871 - R:localhost/127.0.0.1:4723]
01:01:20.159 [Test worker] WARN net.thucydides.core.webdriver.WebDriverFacade - Failed to take screenshot (Illegal base64 character a)
01:01:20.176 [Forwarding getPageSource on session 3de67c48-2a11-45f7-8da8-bb2b57309e07 to remote] DEBUG org.asynchttpclient.netty.request.NettyRequestSender - Using pooled Channel '[id: 0xc1ffd8a2, L:/127.0.0.1:57871 - R:localhost/127.0.0.1:4723]' for 'GET' to 'http://localhost:4723/wd/hub/session/3de67c48-2a11-45f7-8da8-bb2b57309e07/source'
01:01:20.176 [Forwarding getPageSource on session 3de67c48-2a11-45f7-8da8-bb2b57309e07 to remote] DEBUG org.asynchttpclient.netty.request.NettyRequestSender - Using open Channel [id: 0xc1ffd8a2, L:/127.0.0.1:57871 - R:localhost/127.0.0.1:4723] for GET '/wd/hub/session/3de67c48-2a11-45f7-8da8-bb2b57309e07/source'
01:01:20.276 [AsyncHttpClient-1-2] DEBUG org.asynchttpclient.netty.handler.HttpHandler - 

Request DefaultFullHttpRequest(decodeResult: success, version: HTTP/1.1, content: EmptyByteBufBE)
GET /wd/hub/session/3de67c48-2a11-45f7-8da8-bb2b57309e07/source HTTP/1.1
User-Agent: selenium/4.5.3 (java windows)
Cache-Control: no-cache
Content-Type: application/json; charset=utf-8
host: localhost:4723
accept: */*

Response DefaultHttpResponse(decodeResult: success, version: HTTP/1.1)
HTTP/1.1 200 OK
X-Powered-By: Express
Content-Type: application/json; charset=utf-8
ETag: W/"610e-BfKONNfCTrfdG0HoVX+TifwUGLw"
Date: Mon, 22 May 2023 06:01:20 GMT
Connection: keep-alive
content-length: 24846

01:01:20.277 [AsyncHttpClient-1-2] DEBUG org.asynchttpclient.netty.channel.ChannelManager - Adding key: http://localhost:4723 for channel [id: 0xc1ffd8a2, L:/127.0.0.1:57871 - R:localhost/127.0.0.1:4723]
01:01:20.286 [Test worker] DEBUG net.thucydides.core.steps.StepInterceptor - STARTING STEP: LoginFailed.performAs - {0} clicks on #target
01:01:20.287 [Test worker] DEBUG net.serenitybdd.screenplay.targets.IFrameSwitcher - default content already selected for Boton Login
01:01:20.368 [Forwarding findElement on session 3de67c48-2a11-45f7-8da8-bb2b57309e07 to remote] DEBUG org.asynchttpclient.netty.request.NettyRequestSender - Using pooled Channel '[id: 0xc1ffd8a2, L:/127.0.0.1:57871 - R:localhost/127.0.0.1:4723]' for 'POST' to 'http://localhost:4723/wd/hub/session/3de67c48-2a11-45f7-8da8-bb2b57309e07/element'
01:01:20.368 [Forwarding findElement on session 3de67c48-2a11-45f7-8da8-bb2b57309e07 to remote] DEBUG org.asynchttpclient.netty.request.NettyRequestSender - Using open Channel [id: 0xc1ffd8a2, L:/127.0.0.1:57871 - R:localhost/127.0.0.1:4723] for POST '/wd/hub/session/3de67c48-2a11-45f7-8da8-bb2b57309e07/element'
01:01:20.534 [AsyncHttpClient-1-2] DEBUG org.asynchttpclient.netty.handler.HttpHandler - 

Request DefaultHttpRequest(decodeResult: success, version: HTTP/1.1)
POST /wd/hub/session/3de67c48-2a11-45f7-8da8-bb2b57309e07/element HTTP/1.1
User-Agent: selenium/4.5.3 (java windows)
Content-Length: 89
Content-Type: application/json; charset=utf-8
host: localhost:4723
accept: */*

Response DefaultHttpResponse(decodeResult: success, version: HTTP/1.1)
HTTP/1.1 200 OK
X-Powered-By: Express
Vary: X-HTTP-Method-Override
Content-Type: application/json; charset=utf-8
ETag: W/"89-XbLfHUrbj8vk4jcIKc/1XAiqEDs"
Date: Mon, 22 May 2023 06:01:20 GMT
Connection: keep-alive
content-length: 137

01:01:20.535 [AsyncHttpClient-1-2] DEBUG org.asynchttpclient.netty.channel.ChannelManager - Adding key: http://localhost:4723 for channel [id: 0xc1ffd8a2, L:/127.0.0.1:57871 - R:localhost/127.0.0.1:4723]
01:01:20.559 [Forwarding isElementDisplayed on session 3de67c48-2a11-45f7-8da8-bb2b57309e07 to remote] DEBUG org.asynchttpclient.netty.request.NettyRequestSender - Using pooled Channel '[id: 0xc1ffd8a2, L:/127.0.0.1:57871 - R:localhost/127.0.0.1:4723]' for 'GET' to 'http://localhost:4723/wd/hub/session/3de67c48-2a11-45f7-8da8-bb2b57309e07/element/00000000-0000-0154-ffff-ffff00000082/displayed'
01:01:20.560 [Forwarding isElementDisplayed on session 3de67c48-2a11-45f7-8da8-bb2b57309e07 to remote] DEBUG org.asynchttpclient.netty.request.NettyRequestSender - Using open Channel [id: 0xc1ffd8a2, L:/127.0.0.1:57871 - R:localhost/127.0.0.1:4723] for GET '/wd/hub/session/3de67c48-2a11-45f7-8da8-bb2b57309e07/element/00000000-0000-0154-ffff-ffff00000082/displayed'
01:01:20.586 [AsyncHttpClient-1-2] DEBUG org.asynchttpclient.netty.handler.HttpHandler - 

Request DefaultFullHttpRequest(decodeResult: success, version: HTTP/1.1, content: EmptyByteBufBE)
GET /wd/hub/session/3de67c48-2a11-45f7-8da8-bb2b57309e07/element/00000000-0000-0154-ffff-ffff00000082/displayed HTTP/1.1
User-Agent: selenium/4.5.3 (java windows)
Cache-Control: no-cache
Content-Type: application/json; charset=utf-8
host: localhost:4723
accept: */*

Response DefaultHttpResponse(decodeResult: success, version: HTTP/1.1)
HTTP/1.1 200 OK
X-Powered-By: Express
Content-Type: application/json; charset=utf-8
ETag: W/"e-2ZHvAWebNQpyjGZTg6uyV8/spTo"
Date: Mon, 22 May 2023 06:01:20 GMT
Connection: keep-alive
content-length: 14

01:01:20.587 [AsyncHttpClient-1-2] DEBUG org.asynchttpclient.netty.channel.ChannelManager - Adding key: http://localhost:4723 for channel [id: 0xc1ffd8a2, L:/127.0.0.1:57871 - R:localhost/127.0.0.1:4723]
01:01:20.614 [Forwarding findElement on session 3de67c48-2a11-45f7-8da8-bb2b57309e07 to remote] DEBUG org.asynchttpclient.netty.request.NettyRequestSender - Using pooled Channel '[id: 0xc1ffd8a2, L:/127.0.0.1:57871 - R:localhost/127.0.0.1:4723]' for 'POST' to 'http://localhost:4723/wd/hub/session/3de67c48-2a11-45f7-8da8-bb2b57309e07/element'
01:01:20.614 [Forwarding findElement on session 3de67c48-2a11-45f7-8da8-bb2b57309e07 to remote] DEBUG org.asynchttpclient.netty.request.NettyRequestSender - Using open Channel [id: 0xc1ffd8a2, L:/127.0.0.1:57871 - R:localhost/127.0.0.1:4723] for POST '/wd/hub/session/3de67c48-2a11-45f7-8da8-bb2b57309e07/element'
01:01:20.721 [AsyncHttpClient-1-2] DEBUG org.asynchttpclient.netty.handler.HttpHandler - 

Request DefaultHttpRequest(decodeResult: success, version: HTTP/1.1)
POST /wd/hub/session/3de67c48-2a11-45f7-8da8-bb2b57309e07/element HTTP/1.1
User-Agent: selenium/4.5.3 (java windows)
Content-Length: 89
Content-Type: application/json; charset=utf-8
host: localhost:4723
accept: */*

Response DefaultHttpResponse(decodeResult: success, version: HTTP/1.1)
HTTP/1.1 200 OK
X-Powered-By: Express
Vary: X-HTTP-Method-Override
Content-Type: application/json; charset=utf-8
ETag: W/"89-XbLfHUrbj8vk4jcIKc/1XAiqEDs"
Date: Mon, 22 May 2023 06:01:20 GMT
Connection: keep-alive
content-length: 137

01:01:20.721 [AsyncHttpClient-1-2] DEBUG org.asynchttpclient.netty.channel.ChannelManager - Adding key: http://localhost:4723 for channel [id: 0xc1ffd8a2, L:/127.0.0.1:57871 - R:localhost/127.0.0.1:4723]
01:01:20.724 [Forwarding clickElement on session 3de67c48-2a11-45f7-8da8-bb2b57309e07 to remote] DEBUG org.asynchttpclient.netty.request.NettyRequestSender - Using pooled Channel '[id: 0xc1ffd8a2, L:/127.0.0.1:57871 - R:localhost/127.0.0.1:4723]' for 'POST' to 'http://localhost:4723/wd/hub/session/3de67c48-2a11-45f7-8da8-bb2b57309e07/element/00000000-0000-0154-ffff-ffff00000082/click'
01:01:20.724 [Forwarding clickElement on session 3de67c48-2a11-45f7-8da8-bb2b57309e07 to remote] DEBUG org.asynchttpclient.netty.request.NettyRequestSender - Using open Channel [id: 0xc1ffd8a2, L:/127.0.0.1:57871 - R:localhost/127.0.0.1:4723] for POST '/wd/hub/session/3de67c48-2a11-45f7-8da8-bb2b57309e07/element/00000000-0000-0154-ffff-ffff00000082/click'
01:01:20.810 [AsyncHttpClient-1-2] DEBUG org.asynchttpclient.netty.handler.HttpHandler - 

Request DefaultHttpRequest(decodeResult: success, version: HTTP/1.1)
POST /wd/hub/session/3de67c48-2a11-45f7-8da8-bb2b57309e07/element/00000000-0000-0154-ffff-ffff00000082/click HTTP/1.1
User-Agent: selenium/4.5.3 (java windows)
Content-Length: 50
Content-Type: application/json; charset=utf-8
host: localhost:4723
accept: */*

Response DefaultHttpResponse(decodeResult: success, version: HTTP/1.1)
HTTP/1.1 200 OK
X-Powered-By: Express
Vary: X-HTTP-Method-Override
Content-Type: application/json; charset=utf-8
ETag: W/"e-9/1BuKMgFObM1mWJm+YjxtXJnUM"
Date: Mon, 22 May 2023 06:01:20 GMT
Connection: keep-alive
content-length: 14

01:01:20.810 [AsyncHttpClient-1-2] DEBUG org.asynchttpclient.netty.channel.ChannelManager - Adding key: http://localhost:4723 for channel [id: 0xc1ffd8a2, L:/127.0.0.1:57871 - R:localhost/127.0.0.1:4723]
01:01:20.904 [Forwarding getCurrentWindowHandle on session 3de67c48-2a11-45f7-8da8-bb2b57309e07 to remote] DEBUG org.asynchttpclient.netty.request.NettyRequestSender - Using pooled Channel '[id: 0xc1ffd8a2, L:/127.0.0.1:57871 - R:localhost/127.0.0.1:4723]' for 'GET' to 'http://localhost:4723/wd/hub/session/3de67c48-2a11-45f7-8da8-bb2b57309e07/window'
01:01:20.904 [Forwarding getCurrentWindowHandle on session 3de67c48-2a11-45f7-8da8-bb2b57309e07 to remote] DEBUG org.asynchttpclient.netty.request.NettyRequestSender - Using open Channel [id: 0xc1ffd8a2, L:/127.0.0.1:57871 - R:localhost/127.0.0.1:4723] for GET '/wd/hub/session/3de67c48-2a11-45f7-8da8-bb2b57309e07/window'
01:01:20.938 [AsyncHttpClient-1-2] DEBUG org.asynchttpclient.netty.handler.HttpHandler - 

Request DefaultFullHttpRequest(decodeResult: success, version: HTTP/1.1, content: EmptyByteBufBE)
GET /wd/hub/session/3de67c48-2a11-45f7-8da8-bb2b57309e07/window HTTP/1.1
User-Agent: selenium/4.5.3 (java windows)
Cache-Control: no-cache
Content-Type: application/json; charset=utf-8
host: localhost:4723
accept: */*

Response DefaultHttpResponse(decodeResult: success, version: HTTP/1.1)
HTTP/1.1 404 Not Found
X-Powered-By: Express
Content-Type: application/json; charset=utf-8
ETag: W/"dc9-1p46SNnIG6GxUYvzfhKldWCLeEA"
Date: Mon, 22 May 2023 06:01:20 GMT
Connection: keep-alive
content-length: 3529

01:01:20.939 [AsyncHttpClient-1-2] DEBUG org.asynchttpclient.netty.channel.ChannelManager - Adding key: http://localhost:4723 for channel [id: 0xc1ffd8a2, L:/127.0.0.1:57871 - R:localhost/127.0.0.1:4723]
01:01:20.946 [Forwarding screenshot on session 3de67c48-2a11-45f7-8da8-bb2b57309e07 to remote] DEBUG org.asynchttpclient.netty.request.NettyRequestSender - Using pooled Channel '[id: 0xc1ffd8a2, L:/127.0.0.1:57871 - R:localhost/127.0.0.1:4723]' for 'GET' to 'http://localhost:4723/wd/hub/session/3de67c48-2a11-45f7-8da8-bb2b57309e07/screenshot'
01:01:20.946 [Forwarding screenshot on session 3de67c48-2a11-45f7-8da8-bb2b57309e07 to remote] DEBUG org.asynchttpclient.netty.request.NettyRequestSender - Using open Channel [id: 0xc1ffd8a2, L:/127.0.0.1:57871 - R:localhost/127.0.0.1:4723] for GET '/wd/hub/session/3de67c48-2a11-45f7-8da8-bb2b57309e07/screenshot'
01:01:22.061 [AsyncHttpClient-1-2] DEBUG org.asynchttpclient.netty.handler.HttpHandler - 

Request DefaultFullHttpRequest(decodeResult: success, version: HTTP/1.1, content: EmptyByteBufBE)
GET /wd/hub/session/3de67c48-2a11-45f7-8da8-bb2b57309e07/screenshot HTTP/1.1
User-Agent: selenium/4.5.3 (java windows)
Cache-Control: no-cache
Content-Type: application/json; charset=utf-8
host: localhost:4723
accept: */*

Response DefaultHttpResponse(decodeResult: success, version: HTTP/1.1)
HTTP/1.1 200 OK
X-Powered-By: Express
Content-Type: application/json; charset=utf-8
ETag: W/"1a474-SKaK4AOD9pFpkgD0z98R+EPLhMo"
Date: Mon, 22 May 2023 06:01:22 GMT
Connection: keep-alive
content-length: 107636

01:01:22.062 [AsyncHttpClient-1-2] DEBUG org.asynchttpclient.netty.channel.ChannelManager - Adding key: http://localhost:4723 for channel [id: 0xc1ffd8a2, L:/127.0.0.1:57871 - R:localhost/127.0.0.1:4723]
01:01:22.066 [Test worker] WARN net.thucydides.core.webdriver.WebDriverFacade - Failed to take screenshot (Illegal base64 character a)
01:01:22.066 [Test worker] DEBUG net.thucydides.core.steps.StepInterceptor - STEP DONE: {0} clicks on #target
01:01:22.119 [Forwarding getCurrentWindowHandle on session 3de67c48-2a11-45f7-8da8-bb2b57309e07 to remote] DEBUG org.asynchttpclient.netty.request.NettyRequestSender - Using pooled Channel '[id: 0xc1ffd8a2, L:/127.0.0.1:57871 - R:localhost/127.0.0.1:4723]' for 'GET' to 'http://localhost:4723/wd/hub/session/3de67c48-2a11-45f7-8da8-bb2b57309e07/window'
01:01:22.119 [Forwarding getCurrentWindowHandle on session 3de67c48-2a11-45f7-8da8-bb2b57309e07 to remote] DEBUG org.asynchttpclient.netty.request.NettyRequestSender - Using open Channel [id: 0xc1ffd8a2, L:/127.0.0.1:57871 - R:localhost/127.0.0.1:4723] for GET '/wd/hub/session/3de67c48-2a11-45f7-8da8-bb2b57309e07/window'
01:01:22.138 [AsyncHttpClient-1-2] DEBUG org.asynchttpclient.netty.handler.HttpHandler - 

Request DefaultFullHttpRequest(decodeResult: success, version: HTTP/1.1, content: EmptyByteBufBE)
GET /wd/hub/session/3de67c48-2a11-45f7-8da8-bb2b57309e07/window HTTP/1.1
User-Agent: selenium/4.5.3 (java windows)
Cache-Control: no-cache
Content-Type: application/json; charset=utf-8
host: localhost:4723
accept: */*

Response DefaultHttpResponse(decodeResult: success, version: HTTP/1.1)
HTTP/1.1 404 Not Found
X-Powered-By: Express
Content-Type: application/json; charset=utf-8
ETag: W/"dc9-1p46SNnIG6GxUYvzfhKldWCLeEA"
Date: Mon, 22 May 2023 06:01:22 GMT
Connection: keep-alive
content-length: 3529

01:01:22.138 [AsyncHttpClient-1-2] DEBUG org.asynchttpclient.netty.channel.ChannelManager - Adding key: http://localhost:4723 for channel [id: 0xc1ffd8a2, L:/127.0.0.1:57871 - R:localhost/127.0.0.1:4723]
01:01:22.141 [Forwarding screenshot on session 3de67c48-2a11-45f7-8da8-bb2b57309e07 to remote] DEBUG org.asynchttpclient.netty.request.NettyRequestSender - Using pooled Channel '[id: 0xc1ffd8a2, L:/127.0.0.1:57871 - R:localhost/127.0.0.1:4723]' for 'GET' to 'http://localhost:4723/wd/hub/session/3de67c48-2a11-45f7-8da8-bb2b57309e07/screenshot'
01:01:22.141 [Forwarding screenshot on session 3de67c48-2a11-45f7-8da8-bb2b57309e07 to remote] DEBUG org.asynchttpclient.netty.request.NettyRequestSender - Using open Channel [id: 0xc1ffd8a2, L:/127.0.0.1:57871 - R:localhost/127.0.0.1:4723] for GET '/wd/hub/session/3de67c48-2a11-45f7-8da8-bb2b57309e07/screenshot'
01:01:22.702 [AsyncHttpClient-1-2] DEBUG org.asynchttpclient.netty.handler.HttpHandler - 

Request DefaultFullHttpRequest(decodeResult: success, version: HTTP/1.1, content: EmptyByteBufBE)
GET /wd/hub/session/3de67c48-2a11-45f7-8da8-bb2b57309e07/screenshot HTTP/1.1
User-Agent: selenium/4.5.3 (java windows)
Cache-Control: no-cache
Content-Type: application/json; charset=utf-8
host: localhost:4723
accept: */*

Response DefaultHttpResponse(decodeResult: success, version: HTTP/1.1)
HTTP/1.1 200 OK
X-Powered-By: Express
Content-Type: application/json; charset=utf-8
ETag: W/"22f2c-xfZB09vcsGkwknFZOJndPd5xfAc"
Date: Mon, 22 May 2023 06:01:22 GMT
Connection: keep-alive
content-length: 143148

01:01:22.703 [AsyncHttpClient-1-2] DEBUG org.asynchttpclient.netty.channel.ChannelManager - Adding key: http://localhost:4723 for channel [id: 0xc1ffd8a2, L:/127.0.0.1:57871 - R:localhost/127.0.0.1:4723]
01:01:22.707 [Test worker] WARN net.thucydides.core.webdriver.WebDriverFacade - Failed to take screenshot (Illegal base64 character a)
01:01:22.707 [Test worker] DEBUG net.thucydides.core.steps.StepInterceptor - STEP DONE: performAs
01:01:22.765 [Forwarding getCurrentWindowHandle on session 3de67c48-2a11-45f7-8da8-bb2b57309e07 to remote] DEBUG org.asynchttpclient.netty.request.NettyRequestSender - Using pooled Channel '[id: 0xc1ffd8a2, L:/127.0.0.1:57871 - R:localhost/127.0.0.1:4723]' for 'GET' to 'http://localhost:4723/wd/hub/session/3de67c48-2a11-45f7-8da8-bb2b57309e07/window'
01:01:22.765 [Forwarding getCurrentWindowHandle on session 3de67c48-2a11-45f7-8da8-bb2b57309e07 to remote] DEBUG org.asynchttpclient.netty.request.NettyRequestSender - Using open Channel [id: 0xc1ffd8a2, L:/127.0.0.1:57871 - R:localhost/127.0.0.1:4723] for GET '/wd/hub/session/3de67c48-2a11-45f7-8da8-bb2b57309e07/window'
01:01:22.785 [AsyncHttpClient-1-2] DEBUG org.asynchttpclient.netty.handler.HttpHandler - 

Request DefaultFullHttpRequest(decodeResult: success, version: HTTP/1.1, content: EmptyByteBufBE)
GET /wd/hub/session/3de67c48-2a11-45f7-8da8-bb2b57309e07/window HTTP/1.1
User-Agent: selenium/4.5.3 (java windows)
Cache-Control: no-cache
Content-Type: application/json; charset=utf-8
host: localhost:4723
accept: */*

Response DefaultHttpResponse(decodeResult: success, version: HTTP/1.1)
HTTP/1.1 404 Not Found
X-Powered-By: Express
Content-Type: application/json; charset=utf-8
ETag: W/"dc9-1p46SNnIG6GxUYvzfhKldWCLeEA"
Date: Mon, 22 May 2023 06:01:22 GMT
Connection: keep-alive
content-length: 3529

01:01:22.785 [AsyncHttpClient-1-2] DEBUG org.asynchttpclient.netty.channel.ChannelManager - Adding key: http://localhost:4723 for channel [id: 0xc1ffd8a2, L:/127.0.0.1:57871 - R:localhost/127.0.0.1:4723]
01:01:22.787 [Forwarding screenshot on session 3de67c48-2a11-45f7-8da8-bb2b57309e07 to remote] DEBUG org.asynchttpclient.netty.request.NettyRequestSender - Using pooled Channel '[id: 0xc1ffd8a2, L:/127.0.0.1:57871 - R:localhost/127.0.0.1:4723]' for 'GET' to 'http://localhost:4723/wd/hub/session/3de67c48-2a11-45f7-8da8-bb2b57309e07/screenshot'
01:01:22.787 [Forwarding screenshot on session 3de67c48-2a11-45f7-8da8-bb2b57309e07 to remote] DEBUG org.asynchttpclient.netty.request.NettyRequestSender - Using open Channel [id: 0xc1ffd8a2, L:/127.0.0.1:57871 - R:localhost/127.0.0.1:4723] for GET '/wd/hub/session/3de67c48-2a11-45f7-8da8-bb2b57309e07/screenshot'
01:01:23.337 [AsyncHttpClient-1-2] DEBUG org.asynchttpclient.netty.handler.HttpHandler - 

Request DefaultFullHttpRequest(decodeResult: success, version: HTTP/1.1, content: EmptyByteBufBE)
GET /wd/hub/session/3de67c48-2a11-45f7-8da8-bb2b57309e07/screenshot HTTP/1.1
User-Agent: selenium/4.5.3 (java windows)
Cache-Control: no-cache
Content-Type: application/json; charset=utf-8
host: localhost:4723
accept: */*

Response DefaultHttpResponse(decodeResult: success, version: HTTP/1.1)
HTTP/1.1 200 OK
X-Powered-By: Express
Content-Type: application/json; charset=utf-8
ETag: W/"22f2c-xfZB09vcsGkwknFZOJndPd5xfAc"
Date: Mon, 22 May 2023 06:01:23 GMT
Connection: keep-alive
content-length: 143148

01:01:23.338 [AsyncHttpClient-1-2] DEBUG org.asynchttpclient.netty.channel.ChannelManager - Adding key: http://localhost:4723 for channel [id: 0xc1ffd8a2, L:/127.0.0.1:57871 - R:localhost/127.0.0.1:4723]
01:01:23.344 [Test worker] WARN net.thucydides.core.webdriver.WebDriverFacade - Failed to take screenshot (Illegal base64 character a)
01:01:23.388 [Forwarding getCurrentWindowHandle on session 3de67c48-2a11-45f7-8da8-bb2b57309e07 to remote] DEBUG org.asynchttpclient.netty.request.NettyRequestSender - Using pooled Channel '[id: 0xc1ffd8a2, L:/127.0.0.1:57871 - R:localhost/127.0.0.1:4723]' for 'GET' to 'http://localhost:4723/wd/hub/session/3de67c48-2a11-45f7-8da8-bb2b57309e07/window'
01:01:23.388 [Forwarding getCurrentWindowHandle on session 3de67c48-2a11-45f7-8da8-bb2b57309e07 to remote] DEBUG org.asynchttpclient.netty.request.NettyRequestSender - Using open Channel [id: 0xc1ffd8a2, L:/127.0.0.1:57871 - R:localhost/127.0.0.1:4723] for GET '/wd/hub/session/3de67c48-2a11-45f7-8da8-bb2b57309e07/window'
01:01:23.403 [AsyncHttpClient-1-2] DEBUG org.asynchttpclient.netty.handler.HttpHandler - 

Request DefaultFullHttpRequest(decodeResult: success, version: HTTP/1.1, content: EmptyByteBufBE)
GET /wd/hub/session/3de67c48-2a11-45f7-8da8-bb2b57309e07/window HTTP/1.1
User-Agent: selenium/4.5.3 (java windows)
Cache-Control: no-cache
Content-Type: application/json; charset=utf-8
host: localhost:4723
accept: */*

Response DefaultHttpResponse(decodeResult: success, version: HTTP/1.1)
HTTP/1.1 404 Not Found
X-Powered-By: Express
Content-Type: application/json; charset=utf-8
ETag: W/"dc9-1p46SNnIG6GxUYvzfhKldWCLeEA"
Date: Mon, 22 May 2023 06:01:23 GMT
Connection: keep-alive
content-length: 3529

01:01:23.404 [AsyncHttpClient-1-2] DEBUG org.asynchttpclient.netty.channel.ChannelManager - Adding key: http://localhost:4723 for channel [id: 0xc1ffd8a2, L:/127.0.0.1:57871 - R:localhost/127.0.0.1:4723]
01:01:23.406 [Forwarding screenshot on session 3de67c48-2a11-45f7-8da8-bb2b57309e07 to remote] DEBUG org.asynchttpclient.netty.request.NettyRequestSender - Using pooled Channel '[id: 0xc1ffd8a2, L:/127.0.0.1:57871 - R:localhost/127.0.0.1:4723]' for 'GET' to 'http://localhost:4723/wd/hub/session/3de67c48-2a11-45f7-8da8-bb2b57309e07/screenshot'
01:01:23.407 [Forwarding screenshot on session 3de67c48-2a11-45f7-8da8-bb2b57309e07 to remote] DEBUG org.asynchttpclient.netty.request.NettyRequestSender - Using open Channel [id: 0xc1ffd8a2, L:/127.0.0.1:57871 - R:localhost/127.0.0.1:4723] for GET '/wd/hub/session/3de67c48-2a11-45f7-8da8-bb2b57309e07/screenshot'
01:01:23.949 [AsyncHttpClient-1-2] DEBUG org.asynchttpclient.netty.handler.HttpHandler - 

Request DefaultFullHttpRequest(decodeResult: success, version: HTTP/1.1, content: EmptyByteBufBE)
GET /wd/hub/session/3de67c48-2a11-45f7-8da8-bb2b57309e07/screenshot HTTP/1.1
User-Agent: selenium/4.5.3 (java windows)
Cache-Control: no-cache
Content-Type: application/json; charset=utf-8
host: localhost:4723
accept: */*

Response DefaultHttpResponse(decodeResult: success, version: HTTP/1.1)
HTTP/1.1 200 OK
X-Powered-By: Express
Content-Type: application/json; charset=utf-8
ETag: W/"22f2c-xfZB09vcsGkwknFZOJndPd5xfAc"
Date: Mon, 22 May 2023 06:01:23 GMT
Connection: keep-alive
content-length: 143148

01:01:23.950 [AsyncHttpClient-1-2] DEBUG org.asynchttpclient.netty.channel.ChannelManager - Adding key: http://localhost:4723 for channel [id: 0xc1ffd8a2, L:/127.0.0.1:57871 - R:localhost/127.0.0.1:4723]
01:01:23.954 [Test worker] WARN net.thucydides.core.webdriver.WebDriverFacade - Failed to take screenshot (Illegal base64 character a)
01:01:23.971 [Forwarding getPageSource on session 3de67c48-2a11-45f7-8da8-bb2b57309e07 to remote] DEBUG org.asynchttpclient.netty.request.NettyRequestSender - Using pooled Channel '[id: 0xc1ffd8a2, L:/127.0.0.1:57871 - R:localhost/127.0.0.1:4723]' for 'GET' to 'http://localhost:4723/wd/hub/session/3de67c48-2a11-45f7-8da8-bb2b57309e07/source'
01:01:23.971 [Forwarding getPageSource on session 3de67c48-2a11-45f7-8da8-bb2b57309e07 to remote] DEBUG org.asynchttpclient.netty.request.NettyRequestSender - Using open Channel [id: 0xc1ffd8a2, L:/127.0.0.1:57871 - R:localhost/127.0.0.1:4723] for GET '/wd/hub/session/3de67c48-2a11-45f7-8da8-bb2b57309e07/source'
01:01:24.089 [AsyncHttpClient-1-2] DEBUG org.asynchttpclient.netty.handler.HttpHandler - 

Request DefaultFullHttpRequest(decodeResult: success, version: HTTP/1.1, content: EmptyByteBufBE)
GET /wd/hub/session/3de67c48-2a11-45f7-8da8-bb2b57309e07/source HTTP/1.1
User-Agent: selenium/4.5.3 (java windows)
Cache-Control: no-cache
Content-Type: application/json; charset=utf-8
host: localhost:4723
accept: */*

Response DefaultHttpResponse(decodeResult: success, version: HTTP/1.1)
HTTP/1.1 200 OK
X-Powered-By: Express
Content-Type: application/json; charset=utf-8
ETag: W/"6e9c-k6uDRljhBNYdYRbTOrdwkk2jCvk"
Date: Mon, 22 May 2023 06:01:24 GMT
Connection: keep-alive
content-length: 28316

01:01:24.089 [AsyncHttpClient-1-2] DEBUG org.asynchttpclient.netty.channel.ChannelManager - Adding key: http://localhost:4723 for channel [id: 0xc1ffd8a2, L:/127.0.0.1:57871 - R:localhost/127.0.0.1:4723]
01:01:24.258 [Forwarding getCurrentWindowHandle on session 3de67c48-2a11-45f7-8da8-bb2b57309e07 to remote] DEBUG org.asynchttpclient.netty.request.NettyRequestSender - Using pooled Channel '[id: 0xc1ffd8a2, L:/127.0.0.1:57871 - R:localhost/127.0.0.1:4723]' for 'GET' to 'http://localhost:4723/wd/hub/session/3de67c48-2a11-45f7-8da8-bb2b57309e07/window'
01:01:24.258 [Forwarding getCurrentWindowHandle on session 3de67c48-2a11-45f7-8da8-bb2b57309e07 to remote] DEBUG org.asynchttpclient.netty.request.NettyRequestSender - Using open Channel [id: 0xc1ffd8a2, L:/127.0.0.1:57871 - R:localhost/127.0.0.1:4723] for GET '/wd/hub/session/3de67c48-2a11-45f7-8da8-bb2b57309e07/window'
01:01:24.278 [AsyncHttpClient-1-2] DEBUG org.asynchttpclient.netty.handler.HttpHandler - 

Request DefaultFullHttpRequest(decodeResult: success, version: HTTP/1.1, content: EmptyByteBufBE)
GET /wd/hub/session/3de67c48-2a11-45f7-8da8-bb2b57309e07/window HTTP/1.1
User-Agent: selenium/4.5.3 (java windows)
Cache-Control: no-cache
Content-Type: application/json; charset=utf-8
host: localhost:4723
accept: */*

Response DefaultHttpResponse(decodeResult: success, version: HTTP/1.1)
HTTP/1.1 404 Not Found
X-Powered-By: Express
Content-Type: application/json; charset=utf-8
ETag: W/"dc9-1p46SNnIG6GxUYvzfhKldWCLeEA"
Date: Mon, 22 May 2023 06:01:24 GMT
Connection: keep-alive
content-length: 3529

01:01:24.278 [AsyncHttpClient-1-2] DEBUG org.asynchttpclient.netty.channel.ChannelManager - Adding key: http://localhost:4723 for channel [id: 0xc1ffd8a2, L:/127.0.0.1:57871 - R:localhost/127.0.0.1:4723]
01:01:24.282 [Forwarding screenshot on session 3de67c48-2a11-45f7-8da8-bb2b57309e07 to remote] DEBUG org.asynchttpclient.netty.request.NettyRequestSender - Using pooled Channel '[id: 0xc1ffd8a2, L:/127.0.0.1:57871 - R:localhost/127.0.0.1:4723]' for 'GET' to 'http://localhost:4723/wd/hub/session/3de67c48-2a11-45f7-8da8-bb2b57309e07/screenshot'
01:01:24.283 [Forwarding screenshot on session 3de67c48-2a11-45f7-8da8-bb2b57309e07 to remote] DEBUG org.asynchttpclient.netty.request.NettyRequestSender - Using open Channel [id: 0xc1ffd8a2, L:/127.0.0.1:57871 - R:localhost/127.0.0.1:4723] for GET '/wd/hub/session/3de67c48-2a11-45f7-8da8-bb2b57309e07/screenshot'
01:01:24.818 [AsyncHttpClient-1-2] DEBUG org.asynchttpclient.netty.handler.HttpHandler - 

Request DefaultFullHttpRequest(decodeResult: success, version: HTTP/1.1, content: EmptyByteBufBE)
GET /wd/hub/session/3de67c48-2a11-45f7-8da8-bb2b57309e07/screenshot HTTP/1.1
User-Agent: selenium/4.5.3 (java windows)
Cache-Control: no-cache
Content-Type: application/json; charset=utf-8
host: localhost:4723
accept: */*

Response DefaultHttpResponse(decodeResult: success, version: HTTP/1.1)
HTTP/1.1 200 OK
X-Powered-By: Express
Content-Type: application/json; charset=utf-8
ETag: W/"22f2c-xfZB09vcsGkwknFZOJndPd5xfAc"
Date: Mon, 22 May 2023 06:01:24 GMT
Connection: keep-alive
content-length: 143148

01:01:24.819 [AsyncHttpClient-1-2] DEBUG org.asynchttpclient.netty.channel.ChannelManager - Adding key: http://localhost:4723 for channel [id: 0xc1ffd8a2, L:/127.0.0.1:57871 - R:localhost/127.0.0.1:4723]
01:01:24.824 [Test worker] WARN net.thucydides.core.webdriver.WebDriverFacade - Failed to take screenshot (Illegal base64 character a)
01:01:24.846 [Forwarding getPageSource on session 3de67c48-2a11-45f7-8da8-bb2b57309e07 to remote] DEBUG org.asynchttpclient.netty.request.NettyRequestSender - Using pooled Channel '[id: 0xc1ffd8a2, L:/127.0.0.1:57871 - R:localhost/127.0.0.1:4723]' for 'GET' to 'http://localhost:4723/wd/hub/session/3de67c48-2a11-45f7-8da8-bb2b57309e07/source'
01:01:24.846 [Forwarding getPageSource on session 3de67c48-2a11-45f7-8da8-bb2b57309e07 to remote] DEBUG org.asynchttpclient.netty.request.NettyRequestSender - Using open Channel [id: 0xc1ffd8a2, L:/127.0.0.1:57871 - R:localhost/127.0.0.1:4723] for GET '/wd/hub/session/3de67c48-2a11-45f7-8da8-bb2b57309e07/source'
01:01:24.951 [AsyncHttpClient-1-2] DEBUG org.asynchttpclient.netty.handler.HttpHandler - 

Request DefaultFullHttpRequest(decodeResult: success, version: HTTP/1.1, content: EmptyByteBufBE)
GET /wd/hub/session/3de67c48-2a11-45f7-8da8-bb2b57309e07/source HTTP/1.1
User-Agent: selenium/4.5.3 (java windows)
Cache-Control: no-cache
Content-Type: application/json; charset=utf-8
host: localhost:4723
accept: */*

Response DefaultHttpResponse(decodeResult: success, version: HTTP/1.1)
HTTP/1.1 200 OK
X-Powered-By: Express
Content-Type: application/json; charset=utf-8
ETag: W/"6e9c-k6uDRljhBNYdYRbTOrdwkk2jCvk"
Date: Mon, 22 May 2023 06:01:24 GMT
Connection: keep-alive
content-length: 28316

01:01:24.952 [AsyncHttpClient-1-2] DEBUG org.asynchttpclient.netty.channel.ChannelManager - Adding key: http://localhost:4723 for channel [id: 0xc1ffd8a2, L:/127.0.0.1:57871 - R:localhost/127.0.0.1:4723]
01:01:24.975 [Test worker] DEBUG net.serenitybdd.screenplay.targets.IFrameSwitcher - default content already selected for Email or passsword invalid
01:01:25.008 [Forwarding findElement on session 3de67c48-2a11-45f7-8da8-bb2b57309e07 to remote] DEBUG org.asynchttpclient.netty.request.NettyRequestSender - Using pooled Channel '[id: 0xc1ffd8a2, L:/127.0.0.1:57871 - R:localhost/127.0.0.1:4723]' for 'POST' to 'http://localhost:4723/wd/hub/session/3de67c48-2a11-45f7-8da8-bb2b57309e07/element'
01:01:25.008 [Forwarding findElement on session 3de67c48-2a11-45f7-8da8-bb2b57309e07 to remote] DEBUG org.asynchttpclient.netty.request.NettyRequestSender - Using open Channel [id: 0xc1ffd8a2, L:/127.0.0.1:57871 - R:localhost/127.0.0.1:4723] for POST '/wd/hub/session/3de67c48-2a11-45f7-8da8-bb2b57309e07/element'
01:01:25.143 [AsyncHttpClient-1-2] DEBUG org.asynchttpclient.netty.handler.HttpHandler - 

Request DefaultHttpRequest(decodeResult: success, version: HTTP/1.1)
POST /wd/hub/session/3de67c48-2a11-45f7-8da8-bb2b57309e07/element HTTP/1.1
User-Agent: selenium/4.5.3 (java windows)
Content-Length: 118
Content-Type: application/json; charset=utf-8
host: localhost:4723
accept: */*

Response DefaultHttpResponse(decodeResult: success, version: HTTP/1.1)
HTTP/1.1 200 OK
X-Powered-By: Express
Vary: X-HTTP-Method-Override
Content-Type: application/json; charset=utf-8
ETag: W/"89-YujAw20UUJCIjYv65mrOuKkepyY"
Date: Mon, 22 May 2023 06:01:25 GMT
Connection: keep-alive
content-length: 137

01:01:25.144 [AsyncHttpClient-1-2] DEBUG org.asynchttpclient.netty.channel.ChannelManager - Adding key: http://localhost:4723 for channel [id: 0xc1ffd8a2, L:/127.0.0.1:57871 - R:localhost/127.0.0.1:4723]
01:01:25.146 [Forwarding getElementText on session 3de67c48-2a11-45f7-8da8-bb2b57309e07 to remote] DEBUG org.asynchttpclient.netty.request.NettyRequestSender - Using pooled Channel '[id: 0xc1ffd8a2, L:/127.0.0.1:57871 - R:localhost/127.0.0.1:4723]' for 'GET' to 'http://localhost:4723/wd/hub/session/3de67c48-2a11-45f7-8da8-bb2b57309e07/element/00000000-0000-0154-ffff-ffff00000087/text'
01:01:25.146 [Forwarding getElementText on session 3de67c48-2a11-45f7-8da8-bb2b57309e07 to remote] DEBUG org.asynchttpclient.netty.request.NettyRequestSender - Using open Channel [id: 0xc1ffd8a2, L:/127.0.0.1:57871 - R:localhost/127.0.0.1:4723] for GET '/wd/hub/session/3de67c48-2a11-45f7-8da8-bb2b57309e07/element/00000000-0000-0154-ffff-ffff00000087/text'
01:01:25.183 [AsyncHttpClient-1-2] DEBUG org.asynchttpclient.netty.handler.HttpHandler - 

Request DefaultFullHttpRequest(decodeResult: success, version: HTTP/1.1, content: EmptyByteBufBE)
GET /wd/hub/session/3de67c48-2a11-45f7-8da8-bb2b57309e07/element/00000000-0000-0154-ffff-ffff00000087/text HTTP/1.1
User-Agent: selenium/4.5.3 (java windows)
Cache-Control: no-cache
Content-Type: application/json; charset=utf-8
host: localhost:4723
accept: */*

Response DefaultHttpResponse(decodeResult: success, version: HTTP/1.1)
HTTP/1.1 200 OK
X-Powered-By: Express
Content-Type: application/json; charset=utf-8
ETag: W/"59-D48yExLEW9xfoJ7HxGni9UZdxCI"
Date: Mon, 22 May 2023 06:01:25 GMT
Connection: keep-alive
content-length: 89

01:01:25.183 [AsyncHttpClient-1-2] DEBUG org.asynchttpclient.netty.channel.ChannelManager - Adding key: http://localhost:4723 for channel [id: 0xc1ffd8a2, L:/127.0.0.1:57871 - R:localhost/127.0.0.1:4723]
01:01:25.239 [Forwarding getCurrentWindowHandle on session 3de67c48-2a11-45f7-8da8-bb2b57309e07 to remote] DEBUG org.asynchttpclient.netty.request.NettyRequestSender - Using pooled Channel '[id: 0xc1ffd8a2, L:/127.0.0.1:57871 - R:localhost/127.0.0.1:4723]' for 'GET' to 'http://localhost:4723/wd/hub/session/3de67c48-2a11-45f7-8da8-bb2b57309e07/window'
01:01:25.240 [Forwarding getCurrentWindowHandle on session 3de67c48-2a11-45f7-8da8-bb2b57309e07 to remote] DEBUG org.asynchttpclient.netty.request.NettyRequestSender - Using open Channel [id: 0xc1ffd8a2, L:/127.0.0.1:57871 - R:localhost/127.0.0.1:4723] for GET '/wd/hub/session/3de67c48-2a11-45f7-8da8-bb2b57309e07/window'
01:01:25.262 [AsyncHttpClient-1-2] DEBUG org.asynchttpclient.netty.handler.HttpHandler - 

Request DefaultFullHttpRequest(decodeResult: success, version: HTTP/1.1, content: EmptyByteBufBE)
GET /wd/hub/session/3de67c48-2a11-45f7-8da8-bb2b57309e07/window HTTP/1.1
User-Agent: selenium/4.5.3 (java windows)
Cache-Control: no-cache
Content-Type: application/json; charset=utf-8
host: localhost:4723
accept: */*

Response DefaultHttpResponse(decodeResult: success, version: HTTP/1.1)
HTTP/1.1 404 Not Found
X-Powered-By: Express
Content-Type: application/json; charset=utf-8
ETag: W/"dc9-1p46SNnIG6GxUYvzfhKldWCLeEA"
Date: Mon, 22 May 2023 06:01:25 GMT
Connection: keep-alive
content-length: 3529

01:01:25.263 [AsyncHttpClient-1-2] DEBUG org.asynchttpclient.netty.channel.ChannelManager - Adding key: http://localhost:4723 for channel [id: 0xc1ffd8a2, L:/127.0.0.1:57871 - R:localhost/127.0.0.1:4723]
01:01:25.267 [Forwarding screenshot on session 3de67c48-2a11-45f7-8da8-bb2b57309e07 to remote] DEBUG org.asynchttpclient.netty.request.NettyRequestSender - Using pooled Channel '[id: 0xc1ffd8a2, L:/127.0.0.1:57871 - R:localhost/127.0.0.1:4723]' for 'GET' to 'http://localhost:4723/wd/hub/session/3de67c48-2a11-45f7-8da8-bb2b57309e07/screenshot'
01:01:25.267 [Forwarding screenshot on session 3de67c48-2a11-45f7-8da8-bb2b57309e07 to remote] DEBUG org.asynchttpclient.netty.request.NettyRequestSender - Using open Channel [id: 0xc1ffd8a2, L:/127.0.0.1:57871 - R:localhost/127.0.0.1:4723] for GET '/wd/hub/session/3de67c48-2a11-45f7-8da8-bb2b57309e07/screenshot'
01:01:25.839 [AsyncHttpClient-1-2] DEBUG org.asynchttpclient.netty.handler.HttpHandler - 

Request DefaultFullHttpRequest(decodeResult: success, version: HTTP/1.1, content: EmptyByteBufBE)
GET /wd/hub/session/3de67c48-2a11-45f7-8da8-bb2b57309e07/screenshot HTTP/1.1
User-Agent: selenium/4.5.3 (java windows)
Cache-Control: no-cache
Content-Type: application/json; charset=utf-8
host: localhost:4723
accept: */*

Response DefaultHttpResponse(decodeResult: success, version: HTTP/1.1)
HTTP/1.1 200 OK
X-Powered-By: Express
Content-Type: application/json; charset=utf-8
ETag: W/"22f2c-xfZB09vcsGkwknFZOJndPd5xfAc"
Date: Mon, 22 May 2023 06:01:25 GMT
Connection: keep-alive
content-length: 143148

01:01:25.840 [AsyncHttpClient-1-2] DEBUG org.asynchttpclient.netty.channel.ChannelManager - Adding key: http://localhost:4723 for channel [id: 0xc1ffd8a2, L:/127.0.0.1:57871 - R:localhost/127.0.0.1:4723]
01:01:25.846 [Test worker] WARN net.thucydides.core.webdriver.WebDriverFacade - Failed to take screenshot (Illegal base64 character a)
01:01:25.912 [Forwarding getCurrentWindowHandle on session 3de67c48-2a11-45f7-8da8-bb2b57309e07 to remote] DEBUG org.asynchttpclient.netty.request.NettyRequestSender - Using pooled Channel '[id: 0xc1ffd8a2, L:/127.0.0.1:57871 - R:localhost/127.0.0.1:4723]' for 'GET' to 'http://localhost:4723/wd/hub/session/3de67c48-2a11-45f7-8da8-bb2b57309e07/window'
01:01:25.913 [Forwarding getCurrentWindowHandle on session 3de67c48-2a11-45f7-8da8-bb2b57309e07 to remote] DEBUG org.asynchttpclient.netty.request.NettyRequestSender - Using open Channel [id: 0xc1ffd8a2, L:/127.0.0.1:57871 - R:localhost/127.0.0.1:4723] for GET '/wd/hub/session/3de67c48-2a11-45f7-8da8-bb2b57309e07/window'
01:01:25.939 [AsyncHttpClient-1-2] DEBUG org.asynchttpclient.netty.handler.HttpHandler - 

Request DefaultFullHttpRequest(decodeResult: success, version: HTTP/1.1, content: EmptyByteBufBE)
GET /wd/hub/session/3de67c48-2a11-45f7-8da8-bb2b57309e07/window HTTP/1.1
User-Agent: selenium/4.5.3 (java windows)
Cache-Control: no-cache
Content-Type: application/json; charset=utf-8
host: localhost:4723
accept: */*

Response DefaultHttpResponse(decodeResult: success, version: HTTP/1.1)
HTTP/1.1 404 Not Found
X-Powered-By: Express
Content-Type: application/json; charset=utf-8
ETag: W/"dc9-1p46SNnIG6GxUYvzfhKldWCLeEA"
Date: Mon, 22 May 2023 06:01:25 GMT
Connection: keep-alive
content-length: 3529

01:01:25.939 [AsyncHttpClient-1-2] DEBUG org.asynchttpclient.netty.channel.ChannelManager - Adding key: http://localhost:4723 for channel [id: 0xc1ffd8a2, L:/127.0.0.1:57871 - R:localhost/127.0.0.1:4723]
01:01:25.941 [Forwarding screenshot on session 3de67c48-2a11-45f7-8da8-bb2b57309e07 to remote] DEBUG org.asynchttpclient.netty.request.NettyRequestSender - Using pooled Channel '[id: 0xc1ffd8a2, L:/127.0.0.1:57871 - R:localhost/127.0.0.1:4723]' for 'GET' to 'http://localhost:4723/wd/hub/session/3de67c48-2a11-45f7-8da8-bb2b57309e07/screenshot'
01:01:25.942 [Forwarding screenshot on session 3de67c48-2a11-45f7-8da8-bb2b57309e07 to remote] DEBUG org.asynchttpclient.netty.request.NettyRequestSender - Using open Channel [id: 0xc1ffd8a2, L:/127.0.0.1:57871 - R:localhost/127.0.0.1:4723] for GET '/wd/hub/session/3de67c48-2a11-45f7-8da8-bb2b57309e07/screenshot'
01:01:26.505 [AsyncHttpClient-1-2] DEBUG org.asynchttpclient.netty.handler.HttpHandler - 

Request DefaultFullHttpRequest(decodeResult: success, version: HTTP/1.1, content: EmptyByteBufBE)
GET /wd/hub/session/3de67c48-2a11-45f7-8da8-bb2b57309e07/screenshot HTTP/1.1
User-Agent: selenium/4.5.3 (java windows)
Cache-Control: no-cache
Content-Type: application/json; charset=utf-8
host: localhost:4723
accept: */*

Response DefaultHttpResponse(decodeResult: success, version: HTTP/1.1)
HTTP/1.1 200 OK
X-Powered-By: Express
Content-Type: application/json; charset=utf-8
ETag: W/"22f2c-xfZB09vcsGkwknFZOJndPd5xfAc"
Date: Mon, 22 May 2023 06:01:26 GMT
Connection: keep-alive
content-length: 143148

01:01:26.507 [AsyncHttpClient-1-2] DEBUG org.asynchttpclient.netty.channel.ChannelManager - Adding key: http://localhost:4723 for channel [id: 0xc1ffd8a2, L:/127.0.0.1:57871 - R:localhost/127.0.0.1:4723]
01:01:26.513 [Test worker] WARN net.thucydides.core.webdriver.WebDriverFacade - Failed to take screenshot (Illegal base64 character a)
01:01:26.516 [Test worker] INFO  - 
  _____   ___   ___   _____     ___     _     ___   ___   ___   ___  
 |_   _| | __| / __| |_   _|   | _ \   /_\   / __| / __| | __| |   \ 
   | |   | _|  \__ \   | |     |  _/  / _ \  \__ \ \__ \ | _|  | |) |
   |_|   |___| |___/   |_|     |_|   /_/ \_\ |___/ |___/ |___| |___/ 

Try to log in with not valid credentials
----------------------------------------------------------------------
01:01:26.517 [Forwarding quit on session 3de67c48-2a11-45f7-8da8-bb2b57309e07 to remote] DEBUG org.asynchttpclient.netty.request.NettyRequestSender - Using pooled Channel '[id: 0xc1ffd8a2, L:/127.0.0.1:57871 - R:localhost/127.0.0.1:4723]' for 'DELETE' to 'http://localhost:4723/wd/hub/session/3de67c48-2a11-45f7-8da8-bb2b57309e07'
01:01:26.518 [Forwarding quit on session 3de67c48-2a11-45f7-8da8-bb2b57309e07 to remote] DEBUG org.asynchttpclient.netty.request.NettyRequestSender - Using open Channel [id: 0xc1ffd8a2, L:/127.0.0.1:57871 - R:localhost/127.0.0.1:4723] for DELETE '/wd/hub/session/3de67c48-2a11-45f7-8da8-bb2b57309e07'
01:01:27.513 [AsyncHttpClient-1-2] DEBUG org.asynchttpclient.netty.handler.HttpHandler - 

Request DefaultFullHttpRequest(decodeResult: success, version: HTTP/1.1, content: EmptyByteBufBE)
DELETE /wd/hub/session/3de67c48-2a11-45f7-8da8-bb2b57309e07 HTTP/1.1
User-Agent: selenium/4.5.3 (java windows)
Content-Type: application/json; charset=utf-8
host: localhost:4723
accept: */*

Response DefaultHttpResponse(decodeResult: success, version: HTTP/1.1)
HTTP/1.1 200 OK
X-Powered-By: Express
Content-Type: application/json; charset=utf-8
ETag: W/"e-9/1BuKMgFObM1mWJm+YjxtXJnUM"
Date: Mon, 22 May 2023 06:01:27 GMT
Connection: keep-alive
content-length: 14

01:01:27.513 [AsyncHttpClient-1-2] DEBUG org.asynchttpclient.netty.channel.ChannelManager - Adding key: http://localhost:4723 for channel [id: 0xc1ffd8a2, L:/127.0.0.1:57871 - R:localhost/127.0.0.1:4723]
]]></system-out>
  <system-err><![CDATA[]]></system-err>
</testsuite>
