<?xml version="1.0" encoding="UTF-8"?>
<testsuite name="starter.CucumberTestSuite" tests="0" skipped="0" failures="0" errors="0" timestamp="1970-01-01T00:00:00" hostname="DESKTOP-P74VED2" time="0.0">
  <properties/>
  <system-out><![CDATA[01:00:05.635 [Test worker] DEBUG net.thucydides.core.guice.Injectors - Created injector for module net.thucydides.core.guice.ThucydidesModule
01:00:05.880 [Test worker] INFO io.cucumber.core.plugin.SerenityReporter - Running feature from file:///D:/Pruebas%20empresas/Acid%20Labs/Solucion/Mobile/DesafioMobile/src/test/resources/features/login/log_in.feature
01:00:06.159 [Test worker] DEBUG net.thucydides.core.guice.Injectors - Created injector for module net.thucydides.core.guice.webdriver.WebDriverModule
01:00:06.198 [Test worker] INFO  - 

-------------------------------------------------------------------------------------
     _______. _______ .______       _______ .__   __.  __  .___________.____    ____ 
    /       ||   ____||   _  \     |   ____||  \ |  | |  | |           |\   \  /   / 
   |   (----`|  |__   |  |_)  |    |  |__   |   \|  | |  | `---|  |----` \   \/   /  
    \   \    |   __|  |      /     |   __|  |  . `  | |  |     |  |       \_    _/   
.----)   |   |  |____ |  |\  \----.|  |____ |  |\   | |  |     |  |         |  |     
|_______/    |_______|| _| `._____||_______||__| \__| |__|     |__|         |__|    
                                                                                     
 News and tutorials at http://www.serenity-bdd.info                                  
 Documentation at https://wakaleo.gitbooks.io/the-serenity-book/content/             
 Join the Serenity Community on Gitter: https://gitter.im/serenity-bdd/serenity-core 
 Serenity BDD Support and Training at http://serenity-bdd.info/#/trainingandsupport  
-------------------------------------------------------------------------------------

01:00:06.207 [Test worker] DEBUG net.thucydides.core.steps.StepEventBus - Test suite started for story net.thucydides.core.model.Story@f71f83e0
01:00:06.210 [Test worker] INFO  - Test Suite Started: Log in
01:00:06.253 [Test worker] INFO io.cucumber.core.plugin.SerenityReporter - Running feature from file:///D:/Pruebas%20empresas/Acid%20Labs/Solucion/Mobile/DesafioMobile/src/test/resources/features/login/log_in.feature
01:00:06.260 [Test worker] DEBUG net.thucydides.core.steps.StepEventBus - Test suite started for story net.thucydides.core.model.Story@f71f83e0
01:00:06.262 [Test worker] INFO  - Test Suite Started: Log in
01:01:27.530 [Test worker] DEBUG net.thucydides.core.reports.ReportService - Reporting formats: [JSON, HTML]
01:01:27.691 [AsyncHttpClient-1-1] DEBUG org.asynchttpclient.netty.channel.DefaultChannelPool - Entry count for : http://localhost:4723 : 1
01:01:27.788 [Test worker] DEBUG net.thucydides.core.reports.ReportService - Reporting formats: [JSON, HTML]
01:01:27.832 [Test worker] DEBUG net.thucydides.core.reports.ReportService - Generating reports for 2 test outcomes using: net.thucydides.core.reports.json.JSONTestOutcomeReporter@173a86ad
01:01:27.839 [pool-1-thread-1] DEBUG net.thucydides.core.reports.ReportService - Processing test outcome Log in:Try to log in with valid credentials
01:01:27.839 [pool-1-thread-2] DEBUG net.thucydides.core.reports.ReportService - Processing test outcome Log in:Try to log in with not valid credentials
01:01:27.839 [pool-1-thread-1] DEBUG net.thucydides.core.reports.ReportService - net.thucydides.core.reports.json.JSONTestOutcomeReporter@173a86ad: Generating report for test outcome: Log in:Try to log in with valid credentials
01:01:27.839 [pool-1-thread-2] DEBUG net.thucydides.core.reports.ReportService - net.thucydides.core.reports.json.JSONTestOutcomeReporter@173a86ad: Generating report for test outcome: Log in:Try to log in with not valid credentials
01:01:27.903 [pool-1-thread-2] DEBUG net.thucydides.core.reports.json.JSONTestOutcomeReporter - Generating JSON report for Try to log in with not valid credentials to file D:\Pruebas empresas\Acid Labs\Solucion\Mobile\DesafioMobile\target\site\serenity\3b2c04a9bb9e1394fb6b4a2916f744b07c312fba1dcb03e9c93a7c1bd8da7fac.json (using temp file D:\Pruebas empresas\Acid Labs\Solucion\Mobile\DesafioMobile\target\site\serenity\3b2c04a9bb9e1394fb6b4a2916f744b07c312fba1dcb03e9c93a7c1bd8da7fac.jsonfc55e7e2-2d07-4859-ae94-549b3ecf32bb)
01:01:27.904 [pool-1-thread-1] DEBUG net.thucydides.core.reports.json.JSONTestOutcomeReporter - Generating JSON report for Try to log in with valid credentials to file D:\Pruebas empresas\Acid Labs\Solucion\Mobile\DesafioMobile\target\site\serenity\566bb4aed57b69a7a4df9c4458ed89c4b0226dad566f65008d72616514d02afa.json (using temp file D:\Pruebas empresas\Acid Labs\Solucion\Mobile\DesafioMobile\target\site\serenity\566bb4aed57b69a7a4df9c4458ed89c4b0226dad566f65008d72616514d02afa.json616352bf-92c0-4986-8130-89928883d51d)
01:01:27.985 [pool-1-thread-2] DEBUG net.thucydides.core.reports.ReportService - Processing test outcome Log in:Try to log in with not valid credentials done
01:01:27.999 [pool-1-thread-1] DEBUG net.thucydides.core.reports.ReportService - Processing test outcome Log in:Try to log in with valid credentials done
01:01:28.002 [Test worker] DEBUG net.thucydides.core.reports.ReportService - Shutting down executor service
01:01:28.003 [Test worker] DEBUG net.thucydides.core.reports.ReportService - Reports generated in: 170 ms
01:01:28.003 [Test worker] DEBUG net.thucydides.core.reports.ReportService - Generating reports for 2 test outcomes using: net.thucydides.core.reports.html.HtmlAcceptanceTestReporter@2f3a3fec
01:01:28.006 [pool-2-thread-1] DEBUG net.thucydides.core.reports.ReportService - Processing test outcome Log in:Try to log in with valid credentials
01:01:28.006 [pool-2-thread-2] DEBUG net.thucydides.core.reports.ReportService - Processing test outcome Log in:Try to log in with not valid credentials
01:01:28.006 [pool-2-thread-1] DEBUG net.thucydides.core.reports.ReportService - net.thucydides.core.reports.html.HtmlAcceptanceTestReporter@2f3a3fec: Generating report for test outcome: Log in:Try to log in with valid credentials
01:01:28.006 [pool-2-thread-2] DEBUG net.thucydides.core.reports.ReportService - net.thucydides.core.reports.html.HtmlAcceptanceTestReporter@2f3a3fec: Generating report for test outcome: Log in:Try to log in with not valid credentials
01:01:28.071 [pool-2-thread-2] DEBUG net.thucydides.core.requirements.FileSystemRequirementsTagProvider - Loading requirements from directory: D:\Pruebas empresas\Acid Labs\Solucion\Mobile\DesafioMobile\src\test\resources\features\login (D:\Pruebas empresas\Acid Labs\Solucion\Mobile\DesafioMobile\src\test\resources\features\login)
01:01:28.071 [pool-2-thread-2] DEBUG net.thucydides.core.requirements.FileSystemRequirementsTagProvider - Get requirements type for: D:\Pruebas empresas\Acid Labs\Solucion\Mobile\DesafioMobile\src\test\resources\features\login (D:\Pruebas empresas\Acid Labs\Solucion\Mobile\DesafioMobile\src\test\resources\features\login)
01:01:28.071 [pool-2-thread-1] DEBUG net.thucydides.core.requirements.FileSystemRequirementsTagProvider - Loading requirements from directory: D:\Pruebas empresas\Acid Labs\Solucion\Mobile\DesafioMobile\src\test\resources\features\login (D:\Pruebas empresas\Acid Labs\Solucion\Mobile\DesafioMobile\src\test\resources\features\login)
01:01:28.071 [pool-2-thread-1] DEBUG net.thucydides.core.requirements.FileSystemRequirementsTagProvider - Get requirements type for: D:\Pruebas empresas\Acid Labs\Solucion\Mobile\DesafioMobile\src\test\resources\features\login (D:\Pruebas empresas\Acid Labs\Solucion\Mobile\DesafioMobile\src\test\resources\features\login)
01:01:28.791 [AsyncHttpClient-1-1] DEBUG org.asynchttpclient.netty.channel.DefaultChannelPool - Entry count for : http://localhost:4723 : 1
01:01:29.891 [AsyncHttpClient-1-1] DEBUG org.asynchttpclient.netty.channel.DefaultChannelPool - Entry count for : http://localhost:4723 : 1
01:01:30.992 [AsyncHttpClient-1-1] DEBUG org.asynchttpclient.netty.channel.DefaultChannelPool - Entry count for : http://localhost:4723 : 1
01:01:32.098 [AsyncHttpClient-1-1] DEBUG org.asynchttpclient.netty.channel.DefaultChannelPool - Entry count for : http://localhost:4723 : 1
01:01:33.192 [AsyncHttpClient-1-1] DEBUG org.asynchttpclient.netty.channel.DefaultChannelPool - Entry count for : http://localhost:4723 : 1
01:01:34.295 [AsyncHttpClient-1-1] DEBUG org.asynchttpclient.netty.channel.DefaultChannelPool - Entry count for : http://localhost:4723 : 1
01:01:35.393 [AsyncHttpClient-1-1] DEBUG org.asynchttpclient.netty.channel.DefaultChannelPool - Entry count for : http://localhost:4723 : 1
01:01:36.497 [AsyncHttpClient-1-1] DEBUG org.asynchttpclient.netty.channel.DefaultChannelPool - Entry count for : http://localhost:4723 : 1
01:01:36.861 [pool-2-thread-2] DEBUG net.thucydides.core.reports.ReportService - Processing test outcome Log in:Try to log in with not valid credentials done
01:01:36.885 [pool-2-thread-1] DEBUG net.thucydides.core.reports.ReportService - Processing test outcome Log in:Try to log in with valid credentials done
01:01:36.886 [Test worker] DEBUG net.thucydides.core.reports.ReportService - Shutting down executor service
01:01:36.886 [Test worker] DEBUG net.thucydides.core.reports.ReportService - Reports generated in: 8883 ms
01:01:37.072 [Test worker] DEBUG net.serenitybdd.core.photography.Darkroom - Closing darkroom
01:01:37.072 [Darkroom Processing Line] DEBUG net.serenitybdd.core.photography.DarkroomProcessingLine - Darkroom processing line shutting down
01:01:37.088 [Test worker] DEBUG net.serenitybdd.core.photography.Darkroom - Closing darkroom
]]></system-out>
  <system-err><![CDATA[?[32m?[1m??????????????????????????????????????????????????????????????????????????????????????[0m
?[32m?[1m??[0m Share your Cucumber Report with your team at ?[36m?[1m?[4mhttps://reports.cucumber.io?[0m          ?[32m?[1m??[0m
?[32m?[1m??[0m Activate publishing with one of the following:                                    ?[32m?[1m??[0m
?[32m?[1m??[0m                                                                                   ?[32m?[1m??[0m
?[32m?[1m??[0m src/test/resources/cucumber.properties:          ?[36mcucumber.publish.enabled?[0m=?[36mtrue?[0m    ?[32m?[1m??[0m
?[32m?[1m??[0m src/test/resources/junit-platform.properties:    ?[36mcucumber.publish.enabled?[0m=?[36mtrue?[0m    ?[32m?[1m??[0m
?[32m?[1m??[0m Environment variable:                            ?[36mCUCUMBER_PUBLISH_ENABLED?[0m=?[36mtrue?[0m    ?[32m?[1m??[0m
?[32m?[1m??[0m JUnit:                                           ?[36m@CucumberOptions?[0m(publish = ?[36mtrue?[0m) ?[32m?[1m??[0m
?[32m?[1m??[0m                                                                                   ?[32m?[1m??[0m
?[32m?[1m??[0m More information at ?[36mhttps://cucumber.io/docs/cucumber/environment-variables/?[0m      ?[32m?[1m??[0m
?[32m?[1m??[0m                                                                                   ?[32m?[1m??[0m
?[32m?[1m??[0m Disable this message with one of the following:                                   ?[32m?[1m??[0m
?[32m?[1m??[0m                                                                                   ?[32m?[1m??[0m
?[32m?[1m??[0m src/test/resources/cucumber.properties:          ?[36mcucumber.publish.quiet?[0m=?[36mtrue?[0m      ?[32m?[1m??[0m
?[32m?[1m??[0m src/test/resources/junit-platform.properties:    ?[36mcucumber.publish.quiet?[0m=?[36mtrue?[0m      ?[32m?[1m??[0m
?[32m?[1m??????????????????????????????????????????????????????????????????????????????????????[0m
]]></system-err>
</testsuite>
